[2025-08-05T00:21:43.234+0000] {processor.py:161} INFO - Started process (PID=555) to work on /opt/airflow/dags/news_sentiment_dag.py
[2025-08-05T00:21:43.236+0000] {processor.py:830} INFO - Processing file /opt/airflow/dags/news_sentiment_dag.py for tasks to queue
[2025-08-05T00:21:43.239+0000] {logging_mixin.py:188} INFO - [2025-08-05T00:21:43.238+0000] {dagbag.py:538} INFO - Filling up the DagBag from /opt/airflow/dags/news_sentiment_dag.py
[2025-08-05T00:21:43.809+0000] {processor.py:840} INFO - DAG(s) 'news_sentiment_dag' retrieved from /opt/airflow/dags/news_sentiment_dag.py
[2025-08-05T00:21:43.888+0000] {logging_mixin.py:188} INFO - [2025-08-05T00:21:43.888+0000] {dag.py:3033} INFO - Sync 1 DAGs
[2025-08-05T00:21:43.917+0000] {logging_mixin.py:188} INFO - [2025-08-05T00:21:43.917+0000] {dag.py:3820} INFO - Setting next_dagrun for news_sentiment_dag to 2025-08-05T00:00:00+00:00, run_after=2025-08-05T00:15:00+00:00
[2025-08-05T00:21:43.947+0000] {processor.py:183} INFO - Processing /opt/airflow/dags/news_sentiment_dag.py took 0.724 seconds
[2025-08-05T01:12:03.628+0000] {processor.py:161} INFO - Started process (PID=570) to work on /opt/airflow/dags/news_sentiment_dag.py
[2025-08-05T01:12:03.629+0000] {processor.py:830} INFO - Processing file /opt/airflow/dags/news_sentiment_dag.py for tasks to queue
[2025-08-05T01:12:03.632+0000] {logging_mixin.py:188} INFO - [2025-08-05T01:12:03.632+0000] {dagbag.py:538} INFO - Filling up the DagBag from /opt/airflow/dags/news_sentiment_dag.py
[2025-08-05T01:12:03.761+0000] {processor.py:840} INFO - DAG(s) 'news_sentiment_dag' retrieved from /opt/airflow/dags/news_sentiment_dag.py
[2025-08-05T01:12:03.782+0000] {logging_mixin.py:188} INFO - [2025-08-05T01:12:03.782+0000] {dag.py:3033} INFO - Sync 1 DAGs
[2025-08-05T01:12:03.806+0000] {logging_mixin.py:188} INFO - [2025-08-05T01:12:03.806+0000] {dag.py:3820} INFO - Setting next_dagrun for news_sentiment_dag to 2025-08-05T00:45:00+00:00, run_after=2025-08-05T01:00:00+00:00
[2025-08-05T01:12:03.817+0000] {processor.py:183} INFO - Processing /opt/airflow/dags/news_sentiment_dag.py took 0.198 seconds
[2025-08-05T02:23:46.294+0000] {processor.py:161} INFO - Started process (PID=587) to work on /opt/airflow/dags/news_sentiment_dag.py
[2025-08-05T02:23:46.295+0000] {processor.py:830} INFO - Processing file /opt/airflow/dags/news_sentiment_dag.py for tasks to queue
[2025-08-05T02:23:46.300+0000] {logging_mixin.py:188} INFO - [2025-08-05T02:23:46.298+0000] {dagbag.py:538} INFO - Filling up the DagBag from /opt/airflow/dags/news_sentiment_dag.py
[2025-08-05T02:23:46.706+0000] {processor.py:840} INFO - DAG(s) 'news_sentiment_dag' retrieved from /opt/airflow/dags/news_sentiment_dag.py
[2025-08-05T02:23:46.810+0000] {logging_mixin.py:188} INFO - [2025-08-05T02:23:46.809+0000] {dag.py:3033} INFO - Sync 1 DAGs
[2025-08-05T02:23:46.848+0000] {logging_mixin.py:188} INFO - [2025-08-05T02:23:46.848+0000] {dag.py:3820} INFO - Setting next_dagrun for news_sentiment_dag to 2025-08-05T02:00:00+00:00, run_after=2025-08-05T02:15:00+00:00
[2025-08-05T02:23:46.904+0000] {processor.py:183} INFO - Processing /opt/airflow/dags/news_sentiment_dag.py took 0.625 seconds
[2025-08-05T03:24:47.768+0000] {processor.py:161} INFO - Started process (PID=605) to work on /opt/airflow/dags/news_sentiment_dag.py
[2025-08-05T03:24:47.773+0000] {processor.py:830} INFO - Processing file /opt/airflow/dags/news_sentiment_dag.py for tasks to queue
[2025-08-05T03:24:47.776+0000] {logging_mixin.py:188} INFO - [2025-08-05T03:24:47.775+0000] {dagbag.py:538} INFO - Filling up the DagBag from /opt/airflow/dags/news_sentiment_dag.py
[2025-08-05T03:24:47.991+0000] {processor.py:840} INFO - DAG(s) 'news_sentiment_dag' retrieved from /opt/airflow/dags/news_sentiment_dag.py
[2025-08-05T03:24:48.104+0000] {logging_mixin.py:188} INFO - [2025-08-05T03:24:48.103+0000] {dag.py:3033} INFO - Sync 1 DAGs
[2025-08-05T03:24:48.246+0000] {logging_mixin.py:188} INFO - [2025-08-05T03:24:48.245+0000] {dag.py:3820} INFO - Setting next_dagrun for news_sentiment_dag to 2025-08-05T03:00:00+00:00, run_after=2025-08-05T03:15:00+00:00
[2025-08-05T03:24:48.311+0000] {processor.py:183} INFO - Processing /opt/airflow/dags/news_sentiment_dag.py took 0.554 seconds
[2025-08-05T03:59:12.689+0000] {processor.py:161} INFO - Started process (PID=621) to work on /opt/airflow/dags/news_sentiment_dag.py
[2025-08-05T03:59:12.691+0000] {processor.py:830} INFO - Processing file /opt/airflow/dags/news_sentiment_dag.py for tasks to queue
[2025-08-05T03:59:12.697+0000] {logging_mixin.py:188} INFO - [2025-08-05T03:59:12.696+0000] {dagbag.py:538} INFO - Filling up the DagBag from /opt/airflow/dags/news_sentiment_dag.py
[2025-08-05T03:59:12.953+0000] {processor.py:840} INFO - DAG(s) 'news_sentiment_dag' retrieved from /opt/airflow/dags/news_sentiment_dag.py
[2025-08-05T03:59:13.029+0000] {logging_mixin.py:188} INFO - [2025-08-05T03:59:13.028+0000] {dag.py:3033} INFO - Sync 1 DAGs
[2025-08-05T03:59:13.084+0000] {logging_mixin.py:188} INFO - [2025-08-05T03:59:13.083+0000] {dag.py:3820} INFO - Setting next_dagrun for news_sentiment_dag to 2025-08-05T03:30:00+00:00, run_after=2025-08-05T03:45:00+00:00
[2025-08-05T03:59:13.124+0000] {processor.py:183} INFO - Processing /opt/airflow/dags/news_sentiment_dag.py took 0.443 seconds
[2025-08-05T05:04:39.262+0000] {processor.py:161} INFO - Started process (PID=637) to work on /opt/airflow/dags/news_sentiment_dag.py
[2025-08-05T05:04:39.263+0000] {processor.py:830} INFO - Processing file /opt/airflow/dags/news_sentiment_dag.py for tasks to queue
[2025-08-05T05:04:39.267+0000] {logging_mixin.py:188} INFO - [2025-08-05T05:04:39.266+0000] {dagbag.py:538} INFO - Filling up the DagBag from /opt/airflow/dags/news_sentiment_dag.py
[2025-08-05T05:04:39.408+0000] {processor.py:840} INFO - DAG(s) 'news_sentiment_dag' retrieved from /opt/airflow/dags/news_sentiment_dag.py
[2025-08-05T05:04:39.444+0000] {logging_mixin.py:188} INFO - [2025-08-05T05:04:39.443+0000] {dag.py:3033} INFO - Sync 1 DAGs
[2025-08-05T05:04:39.463+0000] {logging_mixin.py:188} INFO - [2025-08-05T05:04:39.463+0000] {dag.py:3820} INFO - Setting next_dagrun for news_sentiment_dag to 2025-08-05T04:45:00+00:00, run_after=2025-08-05T05:00:00+00:00
[2025-08-05T05:04:39.483+0000] {processor.py:183} INFO - Processing /opt/airflow/dags/news_sentiment_dag.py took 0.226 seconds
[2025-08-05T05:55:00.831+0000] {processor.py:161} INFO - Started process (PID=653) to work on /opt/airflow/dags/news_sentiment_dag.py
[2025-08-05T05:55:00.837+0000] {processor.py:830} INFO - Processing file /opt/airflow/dags/news_sentiment_dag.py for tasks to queue
[2025-08-05T05:55:00.839+0000] {logging_mixin.py:188} INFO - [2025-08-05T05:55:00.839+0000] {dagbag.py:538} INFO - Filling up the DagBag from /opt/airflow/dags/news_sentiment_dag.py
[2025-08-05T05:55:00.965+0000] {processor.py:840} INFO - DAG(s) 'news_sentiment_dag' retrieved from /opt/airflow/dags/news_sentiment_dag.py
[2025-08-05T05:55:00.994+0000] {logging_mixin.py:188} INFO - [2025-08-05T05:55:00.994+0000] {dag.py:3033} INFO - Sync 1 DAGs
[2025-08-05T05:55:01.017+0000] {logging_mixin.py:188} INFO - [2025-08-05T05:55:01.016+0000] {dag.py:3820} INFO - Setting next_dagrun for news_sentiment_dag to 2025-08-05T05:30:00+00:00, run_after=2025-08-05T05:45:00+00:00
[2025-08-05T05:55:01.026+0000] {processor.py:183} INFO - Processing /opt/airflow/dags/news_sentiment_dag.py took 0.202 seconds
[2025-08-05T06:06:53.501+0000] {processor.py:161} INFO - Started process (PID=671) to work on /opt/airflow/dags/news_sentiment_dag.py
[2025-08-05T06:06:53.502+0000] {processor.py:830} INFO - Processing file /opt/airflow/dags/news_sentiment_dag.py for tasks to queue
[2025-08-05T06:06:53.507+0000] {logging_mixin.py:188} INFO - [2025-08-05T06:06:53.504+0000] {dagbag.py:538} INFO - Filling up the DagBag from /opt/airflow/dags/news_sentiment_dag.py
[2025-08-05T06:06:53.699+0000] {processor.py:840} INFO - DAG(s) 'news_sentiment_dag' retrieved from /opt/airflow/dags/news_sentiment_dag.py
[2025-08-05T06:06:53.790+0000] {logging_mixin.py:188} INFO - [2025-08-05T06:06:53.789+0000] {dag.py:3033} INFO - Sync 1 DAGs
[2025-08-05T06:06:53.840+0000] {logging_mixin.py:188} INFO - [2025-08-05T06:06:53.840+0000] {dag.py:3820} INFO - Setting next_dagrun for news_sentiment_dag to 2025-08-05T05:45:00+00:00, run_after=2025-08-05T06:00:00+00:00
[2025-08-05T06:06:53.860+0000] {processor.py:183} INFO - Processing /opt/airflow/dags/news_sentiment_dag.py took 0.371 seconds
[2025-08-05T06:16:48.915+0000] {processor.py:161} INFO - Started process (PID=687) to work on /opt/airflow/dags/news_sentiment_dag.py
[2025-08-05T06:16:48.919+0000] {processor.py:830} INFO - Processing file /opt/airflow/dags/news_sentiment_dag.py for tasks to queue
[2025-08-05T06:16:48.921+0000] {logging_mixin.py:188} INFO - [2025-08-05T06:16:48.920+0000] {dagbag.py:538} INFO - Filling up the DagBag from /opt/airflow/dags/news_sentiment_dag.py
[2025-08-05T06:16:49.049+0000] {processor.py:840} INFO - DAG(s) 'news_sentiment_dag' retrieved from /opt/airflow/dags/news_sentiment_dag.py
[2025-08-05T06:16:49.079+0000] {logging_mixin.py:188} INFO - [2025-08-05T06:16:49.079+0000] {dag.py:3033} INFO - Sync 1 DAGs
[2025-08-05T06:16:49.094+0000] {logging_mixin.py:188} INFO - [2025-08-05T06:16:49.094+0000] {dag.py:3820} INFO - Setting next_dagrun for news_sentiment_dag to 2025-08-05T06:00:00+00:00, run_after=2025-08-05T06:15:00+00:00
[2025-08-05T06:16:49.106+0000] {processor.py:183} INFO - Processing /opt/airflow/dags/news_sentiment_dag.py took 0.194 seconds
[2025-08-05T06:21:31.909+0000] {processor.py:161} INFO - Started process (PID=703) to work on /opt/airflow/dags/news_sentiment_dag.py
[2025-08-05T06:21:31.911+0000] {processor.py:830} INFO - Processing file /opt/airflow/dags/news_sentiment_dag.py for tasks to queue
[2025-08-05T06:21:31.913+0000] {logging_mixin.py:188} INFO - [2025-08-05T06:21:31.912+0000] {dagbag.py:538} INFO - Filling up the DagBag from /opt/airflow/dags/news_sentiment_dag.py
[2025-08-05T06:21:32.081+0000] {processor.py:840} INFO - DAG(s) 'news_sentiment_dag' retrieved from /opt/airflow/dags/news_sentiment_dag.py
[2025-08-05T06:21:32.121+0000] {logging_mixin.py:188} INFO - [2025-08-05T06:21:32.120+0000] {dag.py:3033} INFO - Sync 1 DAGs
[2025-08-05T06:21:32.144+0000] {logging_mixin.py:188} INFO - [2025-08-05T06:21:32.144+0000] {dag.py:3820} INFO - Setting next_dagrun for news_sentiment_dag to 2025-08-05T06:00:00+00:00, run_after=2025-08-05T06:15:00+00:00
[2025-08-05T06:21:32.160+0000] {processor.py:183} INFO - Processing /opt/airflow/dags/news_sentiment_dag.py took 0.266 seconds
[2025-08-05T06:25:34.754+0000] {processor.py:161} INFO - Started process (PID=718) to work on /opt/airflow/dags/news_sentiment_dag.py
[2025-08-05T06:25:34.757+0000] {processor.py:830} INFO - Processing file /opt/airflow/dags/news_sentiment_dag.py for tasks to queue
[2025-08-05T06:25:34.761+0000] {logging_mixin.py:188} INFO - [2025-08-05T06:25:34.760+0000] {dagbag.py:538} INFO - Filling up the DagBag from /opt/airflow/dags/news_sentiment_dag.py
[2025-08-05T06:25:35.270+0000] {processor.py:840} INFO - DAG(s) 'news_sentiment_dag' retrieved from /opt/airflow/dags/news_sentiment_dag.py
[2025-08-05T06:25:35.362+0000] {logging_mixin.py:188} INFO - [2025-08-05T06:25:35.362+0000] {dag.py:3033} INFO - Sync 1 DAGs
[2025-08-05T06:25:35.402+0000] {logging_mixin.py:188} INFO - [2025-08-05T06:25:35.402+0000] {dag.py:3820} INFO - Setting next_dagrun for news_sentiment_dag to 2025-08-05T06:00:00+00:00, run_after=2025-08-05T06:15:00+00:00
[2025-08-05T06:25:35.432+0000] {processor.py:183} INFO - Processing /opt/airflow/dags/news_sentiment_dag.py took 0.699 seconds
[2025-08-05T06:30:14.854+0000] {processor.py:161} INFO - Started process (PID=735) to work on /opt/airflow/dags/news_sentiment_dag.py
[2025-08-05T06:30:14.856+0000] {processor.py:830} INFO - Processing file /opt/airflow/dags/news_sentiment_dag.py for tasks to queue
[2025-08-05T06:30:14.857+0000] {logging_mixin.py:188} INFO - [2025-08-05T06:30:14.857+0000] {dagbag.py:538} INFO - Filling up the DagBag from /opt/airflow/dags/news_sentiment_dag.py
[2025-08-05T06:30:14.982+0000] {processor.py:840} INFO - DAG(s) 'news_sentiment_dag' retrieved from /opt/airflow/dags/news_sentiment_dag.py
[2025-08-05T06:30:15.015+0000] {logging_mixin.py:188} INFO - [2025-08-05T06:30:15.014+0000] {dag.py:3033} INFO - Sync 1 DAGs
[2025-08-05T06:30:15.036+0000] {logging_mixin.py:188} INFO - [2025-08-05T06:30:15.035+0000] {dag.py:3820} INFO - Setting next_dagrun for news_sentiment_dag to 2025-08-05T06:15:00+00:00, run_after=2025-08-05T06:30:00+00:00
[2025-08-05T06:30:15.046+0000] {processor.py:183} INFO - Processing /opt/airflow/dags/news_sentiment_dag.py took 0.199 seconds
[2025-08-05T06:39:26.593+0000] {processor.py:161} INFO - Started process (PID=751) to work on /opt/airflow/dags/news_sentiment_dag.py
[2025-08-05T06:39:26.594+0000] {processor.py:830} INFO - Processing file /opt/airflow/dags/news_sentiment_dag.py for tasks to queue
[2025-08-05T06:39:26.596+0000] {logging_mixin.py:188} INFO - [2025-08-05T06:39:26.596+0000] {dagbag.py:538} INFO - Filling up the DagBag from /opt/airflow/dags/news_sentiment_dag.py
[2025-08-05T06:39:26.715+0000] {processor.py:840} INFO - DAG(s) 'news_sentiment_dag' retrieved from /opt/airflow/dags/news_sentiment_dag.py
[2025-08-05T06:39:26.748+0000] {logging_mixin.py:188} INFO - [2025-08-05T06:39:26.747+0000] {dag.py:3033} INFO - Sync 1 DAGs
[2025-08-05T06:39:26.767+0000] {logging_mixin.py:188} INFO - [2025-08-05T06:39:26.767+0000] {dag.py:3820} INFO - Setting next_dagrun for news_sentiment_dag to 2025-08-05T06:15:00+00:00, run_after=2025-08-05T06:30:00+00:00
[2025-08-05T06:39:26.777+0000] {processor.py:183} INFO - Processing /opt/airflow/dags/news_sentiment_dag.py took 0.193 seconds
[2025-08-05T06:43:03.561+0000] {processor.py:161} INFO - Started process (PID=769) to work on /opt/airflow/dags/news_sentiment_dag.py
[2025-08-05T06:43:03.566+0000] {processor.py:830} INFO - Processing file /opt/airflow/dags/news_sentiment_dag.py for tasks to queue
[2025-08-05T06:43:03.568+0000] {logging_mixin.py:188} INFO - [2025-08-05T06:43:03.567+0000] {dagbag.py:538} INFO - Filling up the DagBag from /opt/airflow/dags/news_sentiment_dag.py
[2025-08-05T06:43:03.909+0000] {processor.py:840} INFO - DAG(s) 'news_sentiment_dag' retrieved from /opt/airflow/dags/news_sentiment_dag.py
[2025-08-05T06:43:04.086+0000] {logging_mixin.py:188} INFO - [2025-08-05T06:43:04.085+0000] {dag.py:3033} INFO - Sync 1 DAGs
[2025-08-05T06:43:04.156+0000] {logging_mixin.py:188} INFO - [2025-08-05T06:43:04.155+0000] {dag.py:3820} INFO - Setting next_dagrun for news_sentiment_dag to 2025-08-05T06:15:00+00:00, run_after=2025-08-05T06:30:00+00:00
[2025-08-05T06:43:04.201+0000] {processor.py:183} INFO - Processing /opt/airflow/dags/news_sentiment_dag.py took 0.654 seconds
[2025-08-05T06:47:32.607+0000] {processor.py:161} INFO - Started process (PID=784) to work on /opt/airflow/dags/news_sentiment_dag.py
[2025-08-05T06:47:32.611+0000] {processor.py:830} INFO - Processing file /opt/airflow/dags/news_sentiment_dag.py for tasks to queue
[2025-08-05T06:47:32.616+0000] {logging_mixin.py:188} INFO - [2025-08-05T06:47:32.615+0000] {dagbag.py:538} INFO - Filling up the DagBag from /opt/airflow/dags/news_sentiment_dag.py
[2025-08-05T06:47:32.983+0000] {processor.py:840} INFO - DAG(s) 'news_sentiment_dag' retrieved from /opt/airflow/dags/news_sentiment_dag.py
[2025-08-05T06:47:33.171+0000] {logging_mixin.py:188} INFO - [2025-08-05T06:47:33.169+0000] {dag.py:3033} INFO - Sync 1 DAGs
[2025-08-05T06:47:33.249+0000] {logging_mixin.py:188} INFO - [2025-08-05T06:47:33.248+0000] {dag.py:3820} INFO - Setting next_dagrun for news_sentiment_dag to 2025-08-05T06:30:00+00:00, run_after=2025-08-05T06:45:00+00:00
[2025-08-05T06:47:33.286+0000] {processor.py:183} INFO - Processing /opt/airflow/dags/news_sentiment_dag.py took 0.696 seconds
[2025-08-05T06:50:59.076+0000] {processor.py:161} INFO - Started process (PID=801) to work on /opt/airflow/dags/news_sentiment_dag.py
[2025-08-05T06:50:59.078+0000] {processor.py:830} INFO - Processing file /opt/airflow/dags/news_sentiment_dag.py for tasks to queue
[2025-08-05T06:50:59.079+0000] {logging_mixin.py:188} INFO - [2025-08-05T06:50:59.079+0000] {dagbag.py:538} INFO - Filling up the DagBag from /opt/airflow/dags/news_sentiment_dag.py
[2025-08-05T06:50:59.198+0000] {processor.py:840} INFO - DAG(s) 'news_sentiment_dag' retrieved from /opt/airflow/dags/news_sentiment_dag.py
[2025-08-05T06:50:59.227+0000] {logging_mixin.py:188} INFO - [2025-08-05T06:50:59.227+0000] {dag.py:3033} INFO - Sync 1 DAGs
[2025-08-05T06:50:59.244+0000] {logging_mixin.py:188} INFO - [2025-08-05T06:50:59.244+0000] {dag.py:3820} INFO - Setting next_dagrun for news_sentiment_dag to 2025-08-05T06:30:00+00:00, run_after=2025-08-05T06:45:00+00:00
[2025-08-05T06:50:59.254+0000] {processor.py:183} INFO - Processing /opt/airflow/dags/news_sentiment_dag.py took 0.186 seconds
[2025-08-05T06:55:18.866+0000] {processor.py:161} INFO - Started process (PID=819) to work on /opt/airflow/dags/news_sentiment_dag.py
[2025-08-05T06:55:18.871+0000] {processor.py:830} INFO - Processing file /opt/airflow/dags/news_sentiment_dag.py for tasks to queue
[2025-08-05T06:55:18.876+0000] {logging_mixin.py:188} INFO - [2025-08-05T06:55:18.876+0000] {dagbag.py:538} INFO - Filling up the DagBag from /opt/airflow/dags/news_sentiment_dag.py
[2025-08-05T06:55:19.030+0000] {processor.py:840} INFO - DAG(s) 'news_sentiment_dag' retrieved from /opt/airflow/dags/news_sentiment_dag.py
[2025-08-05T06:55:19.132+0000] {logging_mixin.py:188} INFO - [2025-08-05T06:55:19.131+0000] {dag.py:3033} INFO - Sync 1 DAGs
[2025-08-05T06:55:19.191+0000] {logging_mixin.py:188} INFO - [2025-08-05T06:55:19.190+0000] {dag.py:3820} INFO - Setting next_dagrun for news_sentiment_dag to 2025-08-05T06:30:00+00:00, run_after=2025-08-05T06:45:00+00:00
[2025-08-05T06:55:19.224+0000] {processor.py:183} INFO - Processing /opt/airflow/dags/news_sentiment_dag.py took 0.365 seconds
[2025-08-05T06:58:47.829+0000] {processor.py:161} INFO - Started process (PID=835) to work on /opt/airflow/dags/news_sentiment_dag.py
[2025-08-05T06:58:47.833+0000] {processor.py:830} INFO - Processing file /opt/airflow/dags/news_sentiment_dag.py for tasks to queue
[2025-08-05T06:58:47.836+0000] {logging_mixin.py:188} INFO - [2025-08-05T06:58:47.835+0000] {dagbag.py:538} INFO - Filling up the DagBag from /opt/airflow/dags/news_sentiment_dag.py
[2025-08-05T06:58:48.131+0000] {processor.py:840} INFO - DAG(s) 'news_sentiment_dag' retrieved from /opt/airflow/dags/news_sentiment_dag.py
[2025-08-05T06:58:48.210+0000] {logging_mixin.py:188} INFO - [2025-08-05T06:58:48.210+0000] {dag.py:3033} INFO - Sync 1 DAGs
[2025-08-05T06:58:48.265+0000] {logging_mixin.py:188} INFO - [2025-08-05T06:58:48.264+0000] {dag.py:3820} INFO - Setting next_dagrun for news_sentiment_dag to 2025-08-05T06:30:00+00:00, run_after=2025-08-05T06:45:00+00:00
[2025-08-05T06:58:48.299+0000] {processor.py:183} INFO - Processing /opt/airflow/dags/news_sentiment_dag.py took 0.476 seconds
[2025-08-05T07:02:19.943+0000] {processor.py:161} INFO - Started process (PID=851) to work on /opt/airflow/dags/news_sentiment_dag.py
[2025-08-05T07:02:19.945+0000] {processor.py:830} INFO - Processing file /opt/airflow/dags/news_sentiment_dag.py for tasks to queue
[2025-08-05T07:02:19.951+0000] {logging_mixin.py:188} INFO - [2025-08-05T07:02:19.949+0000] {dagbag.py:538} INFO - Filling up the DagBag from /opt/airflow/dags/news_sentiment_dag.py
[2025-08-05T07:02:20.189+0000] {processor.py:840} INFO - DAG(s) 'news_sentiment_dag' retrieved from /opt/airflow/dags/news_sentiment_dag.py
[2025-08-05T07:02:20.268+0000] {logging_mixin.py:188} INFO - [2025-08-05T07:02:20.268+0000] {dag.py:3033} INFO - Sync 1 DAGs
[2025-08-05T07:02:20.320+0000] {logging_mixin.py:188} INFO - [2025-08-05T07:02:20.319+0000] {dag.py:3820} INFO - Setting next_dagrun for news_sentiment_dag to 2025-08-05T06:45:00+00:00, run_after=2025-08-05T07:00:00+00:00
[2025-08-05T07:02:20.371+0000] {processor.py:183} INFO - Processing /opt/airflow/dags/news_sentiment_dag.py took 0.437 seconds
[2025-08-05T07:06:51.007+0000] {processor.py:161} INFO - Started process (PID=867) to work on /opt/airflow/dags/news_sentiment_dag.py
[2025-08-05T07:06:51.008+0000] {processor.py:830} INFO - Processing file /opt/airflow/dags/news_sentiment_dag.py for tasks to queue
[2025-08-05T07:06:51.008+0000] {logging_mixin.py:188} INFO - [2025-08-05T07:06:51.008+0000] {dagbag.py:538} INFO - Filling up the DagBag from /opt/airflow/dags/news_sentiment_dag.py
[2025-08-05T07:06:51.265+0000] {processor.py:840} INFO - DAG(s) 'news_sentiment_dag' retrieved from /opt/airflow/dags/news_sentiment_dag.py
[2025-08-05T07:06:51.362+0000] {logging_mixin.py:188} INFO - [2025-08-05T07:06:51.362+0000] {dag.py:3033} INFO - Sync 1 DAGs
[2025-08-05T07:06:51.435+0000] {logging_mixin.py:188} INFO - [2025-08-05T07:06:51.434+0000] {dag.py:3820} INFO - Setting next_dagrun for news_sentiment_dag to 2025-08-05T06:45:00+00:00, run_after=2025-08-05T07:00:00+00:00
[2025-08-05T07:06:51.475+0000] {processor.py:183} INFO - Processing /opt/airflow/dags/news_sentiment_dag.py took 0.472 seconds
[2025-08-05T07:11:18.716+0000] {processor.py:161} INFO - Started process (PID=883) to work on /opt/airflow/dags/news_sentiment_dag.py
[2025-08-05T07:11:18.717+0000] {processor.py:830} INFO - Processing file /opt/airflow/dags/news_sentiment_dag.py for tasks to queue
[2025-08-05T07:11:18.718+0000] {logging_mixin.py:188} INFO - [2025-08-05T07:11:18.718+0000] {dagbag.py:538} INFO - Filling up the DagBag from /opt/airflow/dags/news_sentiment_dag.py
[2025-08-05T07:11:18.844+0000] {processor.py:840} INFO - DAG(s) 'news_sentiment_dag' retrieved from /opt/airflow/dags/news_sentiment_dag.py
[2025-08-05T07:11:18.914+0000] {logging_mixin.py:188} INFO - [2025-08-05T07:11:18.914+0000] {dag.py:3033} INFO - Sync 1 DAGs
[2025-08-05T07:11:18.970+0000] {logging_mixin.py:188} INFO - [2025-08-05T07:11:18.968+0000] {dag.py:3820} INFO - Setting next_dagrun for news_sentiment_dag to 2025-08-05T06:45:00+00:00, run_after=2025-08-05T07:00:00+00:00
[2025-08-05T07:11:19.012+0000] {processor.py:183} INFO - Processing /opt/airflow/dags/news_sentiment_dag.py took 0.306 seconds
[2025-08-05T07:15:33.974+0000] {processor.py:161} INFO - Started process (PID=899) to work on /opt/airflow/dags/news_sentiment_dag.py
[2025-08-05T07:15:33.976+0000] {processor.py:830} INFO - Processing file /opt/airflow/dags/news_sentiment_dag.py for tasks to queue
[2025-08-05T07:15:33.978+0000] {logging_mixin.py:188} INFO - [2025-08-05T07:15:33.978+0000] {dagbag.py:538} INFO - Filling up the DagBag from /opt/airflow/dags/news_sentiment_dag.py
[2025-08-05T07:15:34.270+0000] {processor.py:840} INFO - DAG(s) 'news_sentiment_dag' retrieved from /opt/airflow/dags/news_sentiment_dag.py
[2025-08-05T07:15:34.389+0000] {logging_mixin.py:188} INFO - [2025-08-05T07:15:34.388+0000] {dag.py:3033} INFO - Sync 1 DAGs
[2025-08-05T07:15:34.442+0000] {logging_mixin.py:188} INFO - [2025-08-05T07:15:34.442+0000] {dag.py:3820} INFO - Setting next_dagrun for news_sentiment_dag to 2025-08-05T07:00:00+00:00, run_after=2025-08-05T07:15:00+00:00
[2025-08-05T07:15:34.486+0000] {processor.py:183} INFO - Processing /opt/airflow/dags/news_sentiment_dag.py took 0.522 seconds
[2025-08-05T07:20:46.922+0000] {processor.py:161} INFO - Started process (PID=914) to work on /opt/airflow/dags/news_sentiment_dag.py
[2025-08-05T07:20:46.924+0000] {processor.py:830} INFO - Processing file /opt/airflow/dags/news_sentiment_dag.py for tasks to queue
[2025-08-05T07:20:46.925+0000] {logging_mixin.py:188} INFO - [2025-08-05T07:20:46.925+0000] {dagbag.py:538} INFO - Filling up the DagBag from /opt/airflow/dags/news_sentiment_dag.py
[2025-08-05T07:20:47.289+0000] {processor.py:840} INFO - DAG(s) 'news_sentiment_dag' retrieved from /opt/airflow/dags/news_sentiment_dag.py
[2025-08-05T07:20:47.413+0000] {logging_mixin.py:188} INFO - [2025-08-05T07:20:47.412+0000] {dag.py:3033} INFO - Sync 1 DAGs
[2025-08-05T07:20:47.467+0000] {logging_mixin.py:188} INFO - [2025-08-05T07:20:47.466+0000] {dag.py:3820} INFO - Setting next_dagrun for news_sentiment_dag to 2025-08-05T07:00:00+00:00, run_after=2025-08-05T07:15:00+00:00
[2025-08-05T07:20:47.502+0000] {processor.py:183} INFO - Processing /opt/airflow/dags/news_sentiment_dag.py took 0.585 seconds
[2025-08-05T07:24:28.385+0000] {processor.py:161} INFO - Started process (PID=931) to work on /opt/airflow/dags/news_sentiment_dag.py
[2025-08-05T07:24:28.386+0000] {processor.py:830} INFO - Processing file /opt/airflow/dags/news_sentiment_dag.py for tasks to queue
[2025-08-05T07:24:28.388+0000] {logging_mixin.py:188} INFO - [2025-08-05T07:24:28.388+0000] {dagbag.py:538} INFO - Filling up the DagBag from /opt/airflow/dags/news_sentiment_dag.py
[2025-08-05T07:24:28.741+0000] {processor.py:840} INFO - DAG(s) 'news_sentiment_dag' retrieved from /opt/airflow/dags/news_sentiment_dag.py
[2025-08-05T07:24:28.874+0000] {logging_mixin.py:188} INFO - [2025-08-05T07:24:28.873+0000] {dag.py:3033} INFO - Sync 1 DAGs
[2025-08-05T07:24:28.951+0000] {logging_mixin.py:188} INFO - [2025-08-05T07:24:28.950+0000] {dag.py:3820} INFO - Setting next_dagrun for news_sentiment_dag to 2025-08-05T07:00:00+00:00, run_after=2025-08-05T07:15:00+00:00
[2025-08-05T07:24:28.996+0000] {processor.py:183} INFO - Processing /opt/airflow/dags/news_sentiment_dag.py took 0.615 seconds
[2025-08-05T07:28:47.410+0000] {processor.py:161} INFO - Started process (PID=949) to work on /opt/airflow/dags/news_sentiment_dag.py
[2025-08-05T07:28:47.412+0000] {processor.py:830} INFO - Processing file /opt/airflow/dags/news_sentiment_dag.py for tasks to queue
[2025-08-05T07:28:47.415+0000] {logging_mixin.py:188} INFO - [2025-08-05T07:28:47.414+0000] {dagbag.py:538} INFO - Filling up the DagBag from /opt/airflow/dags/news_sentiment_dag.py
[2025-08-05T07:28:47.703+0000] {processor.py:840} INFO - DAG(s) 'news_sentiment_dag' retrieved from /opt/airflow/dags/news_sentiment_dag.py
[2025-08-05T07:28:47.772+0000] {logging_mixin.py:188} INFO - [2025-08-05T07:28:47.772+0000] {dag.py:3033} INFO - Sync 1 DAGs
[2025-08-05T07:28:47.816+0000] {logging_mixin.py:188} INFO - [2025-08-05T07:28:47.815+0000] {dag.py:3820} INFO - Setting next_dagrun for news_sentiment_dag to 2025-08-05T07:00:00+00:00, run_after=2025-08-05T07:15:00+00:00
[2025-08-05T07:28:47.853+0000] {processor.py:183} INFO - Processing /opt/airflow/dags/news_sentiment_dag.py took 0.452 seconds
[2025-08-05T07:32:22.726+0000] {processor.py:161} INFO - Started process (PID=965) to work on /opt/airflow/dags/news_sentiment_dag.py
[2025-08-05T07:32:22.728+0000] {processor.py:830} INFO - Processing file /opt/airflow/dags/news_sentiment_dag.py for tasks to queue
[2025-08-05T07:32:22.730+0000] {logging_mixin.py:188} INFO - [2025-08-05T07:32:22.729+0000] {dagbag.py:538} INFO - Filling up the DagBag from /opt/airflow/dags/news_sentiment_dag.py
[2025-08-05T07:32:22.856+0000] {processor.py:840} INFO - DAG(s) 'news_sentiment_dag' retrieved from /opt/airflow/dags/news_sentiment_dag.py
[2025-08-05T07:32:22.913+0000] {logging_mixin.py:188} INFO - [2025-08-05T07:32:22.913+0000] {dag.py:3033} INFO - Sync 1 DAGs
[2025-08-05T07:32:22.959+0000] {logging_mixin.py:188} INFO - [2025-08-05T07:32:22.958+0000] {dag.py:3820} INFO - Setting next_dagrun for news_sentiment_dag to 2025-08-05T07:15:00+00:00, run_after=2025-08-05T07:30:00+00:00
[2025-08-05T07:32:22.998+0000] {processor.py:183} INFO - Processing /opt/airflow/dags/news_sentiment_dag.py took 0.278 seconds
[2025-08-05T08:06:31.520+0000] {processor.py:161} INFO - Started process (PID=981) to work on /opt/airflow/dags/news_sentiment_dag.py
[2025-08-05T08:06:31.524+0000] {processor.py:830} INFO - Processing file /opt/airflow/dags/news_sentiment_dag.py for tasks to queue
[2025-08-05T08:06:31.527+0000] {logging_mixin.py:188} INFO - [2025-08-05T08:06:31.525+0000] {dagbag.py:538} INFO - Filling up the DagBag from /opt/airflow/dags/news_sentiment_dag.py
[2025-08-05T08:06:31.739+0000] {processor.py:840} INFO - DAG(s) 'news_sentiment_dag' retrieved from /opt/airflow/dags/news_sentiment_dag.py
[2025-08-05T08:06:31.776+0000] {logging_mixin.py:188} INFO - [2025-08-05T08:06:31.776+0000] {dag.py:3033} INFO - Sync 1 DAGs
[2025-08-05T08:06:31.796+0000] {logging_mixin.py:188} INFO - [2025-08-05T08:06:31.796+0000] {dag.py:3820} INFO - Setting next_dagrun for news_sentiment_dag to 2025-08-05T07:45:00+00:00, run_after=2025-08-05T08:00:00+00:00
[2025-08-05T08:06:31.813+0000] {processor.py:183} INFO - Processing /opt/airflow/dags/news_sentiment_dag.py took 0.306 seconds
[2025-08-05T08:07:02.621+0000] {processor.py:161} INFO - Started process (PID=997) to work on /opt/airflow/dags/news_sentiment_dag.py
[2025-08-05T08:07:02.622+0000] {processor.py:830} INFO - Processing file /opt/airflow/dags/news_sentiment_dag.py for tasks to queue
[2025-08-05T08:07:02.624+0000] {logging_mixin.py:188} INFO - [2025-08-05T08:07:02.623+0000] {dagbag.py:538} INFO - Filling up the DagBag from /opt/airflow/dags/news_sentiment_dag.py
[2025-08-05T08:07:02.744+0000] {processor.py:840} INFO - DAG(s) 'news_sentiment_dag' retrieved from /opt/airflow/dags/news_sentiment_dag.py
[2025-08-05T08:07:02.775+0000] {logging_mixin.py:188} INFO - [2025-08-05T08:07:02.775+0000] {dag.py:3033} INFO - Sync 1 DAGs
[2025-08-05T08:07:02.795+0000] {logging_mixin.py:188} INFO - [2025-08-05T08:07:02.795+0000] {dag.py:3820} INFO - Setting next_dagrun for news_sentiment_dag to 2025-08-05T07:45:00+00:00, run_after=2025-08-05T08:00:00+00:00
[2025-08-05T08:07:02.808+0000] {processor.py:183} INFO - Processing /opt/airflow/dags/news_sentiment_dag.py took 0.193 seconds
[2025-08-05T08:07:33.407+0000] {processor.py:161} INFO - Started process (PID=1013) to work on /opt/airflow/dags/news_sentiment_dag.py
[2025-08-05T08:07:33.409+0000] {processor.py:830} INFO - Processing file /opt/airflow/dags/news_sentiment_dag.py for tasks to queue
[2025-08-05T08:07:33.411+0000] {logging_mixin.py:188} INFO - [2025-08-05T08:07:33.409+0000] {dagbag.py:538} INFO - Filling up the DagBag from /opt/airflow/dags/news_sentiment_dag.py
[2025-08-05T08:07:33.517+0000] {processor.py:840} INFO - DAG(s) 'news_sentiment_dag' retrieved from /opt/airflow/dags/news_sentiment_dag.py
[2025-08-05T08:07:33.547+0000] {logging_mixin.py:188} INFO - [2025-08-05T08:07:33.547+0000] {dag.py:3033} INFO - Sync 1 DAGs
[2025-08-05T08:07:33.565+0000] {logging_mixin.py:188} INFO - [2025-08-05T08:07:33.565+0000] {dag.py:3820} INFO - Setting next_dagrun for news_sentiment_dag to 2025-08-05T07:45:00+00:00, run_after=2025-08-05T08:00:00+00:00
[2025-08-05T08:07:33.582+0000] {processor.py:183} INFO - Processing /opt/airflow/dags/news_sentiment_dag.py took 0.180 seconds
[2025-08-05T08:23:02.685+0000] {processor.py:161} INFO - Started process (PID=1031) to work on /opt/airflow/dags/news_sentiment_dag.py
[2025-08-05T08:23:02.689+0000] {processor.py:830} INFO - Processing file /opt/airflow/dags/news_sentiment_dag.py for tasks to queue
[2025-08-05T08:23:02.692+0000] {logging_mixin.py:188} INFO - [2025-08-05T08:23:02.690+0000] {dagbag.py:538} INFO - Filling up the DagBag from /opt/airflow/dags/news_sentiment_dag.py
[2025-08-05T08:23:02.959+0000] {processor.py:840} INFO - DAG(s) 'news_sentiment_dag' retrieved from /opt/airflow/dags/news_sentiment_dag.py
[2025-08-05T08:23:03.128+0000] {logging_mixin.py:188} INFO - [2025-08-05T08:23:03.126+0000] {dag.py:3033} INFO - Sync 1 DAGs
[2025-08-05T08:23:03.213+0000] {logging_mixin.py:188} INFO - [2025-08-05T08:23:03.212+0000] {dag.py:3820} INFO - Setting next_dagrun for news_sentiment_dag to 2025-08-05T08:00:00+00:00, run_after=2025-08-05T08:15:00+00:00
[2025-08-05T08:23:03.251+0000] {processor.py:183} INFO - Processing /opt/airflow/dags/news_sentiment_dag.py took 0.573 seconds
[2025-08-05T08:23:34.032+0000] {processor.py:161} INFO - Started process (PID=1047) to work on /opt/airflow/dags/news_sentiment_dag.py
[2025-08-05T08:23:34.034+0000] {processor.py:830} INFO - Processing file /opt/airflow/dags/news_sentiment_dag.py for tasks to queue
[2025-08-05T08:23:34.034+0000] {logging_mixin.py:188} INFO - [2025-08-05T08:23:34.034+0000] {dagbag.py:538} INFO - Filling up the DagBag from /opt/airflow/dags/news_sentiment_dag.py
[2025-08-05T08:23:34.160+0000] {processor.py:840} INFO - DAG(s) 'news_sentiment_dag' retrieved from /opt/airflow/dags/news_sentiment_dag.py
[2025-08-05T08:23:34.192+0000] {logging_mixin.py:188} INFO - [2025-08-05T08:23:34.192+0000] {dag.py:3033} INFO - Sync 1 DAGs
[2025-08-05T08:23:34.214+0000] {logging_mixin.py:188} INFO - [2025-08-05T08:23:34.214+0000] {dag.py:3820} INFO - Setting next_dagrun for news_sentiment_dag to 2025-08-05T08:00:00+00:00, run_after=2025-08-05T08:15:00+00:00
[2025-08-05T08:23:34.226+0000] {processor.py:183} INFO - Processing /opt/airflow/dags/news_sentiment_dag.py took 0.199 seconds
[2025-08-05T08:28:51.681+0000] {processor.py:161} INFO - Started process (PID=1063) to work on /opt/airflow/dags/news_sentiment_dag.py
[2025-08-05T08:28:51.686+0000] {processor.py:830} INFO - Processing file /opt/airflow/dags/news_sentiment_dag.py for tasks to queue
[2025-08-05T08:28:51.687+0000] {logging_mixin.py:188} INFO - [2025-08-05T08:28:51.687+0000] {dagbag.py:538} INFO - Filling up the DagBag from /opt/airflow/dags/news_sentiment_dag.py
[2025-08-05T08:28:52.062+0000] {processor.py:840} INFO - DAG(s) 'news_sentiment_dag' retrieved from /opt/airflow/dags/news_sentiment_dag.py
[2025-08-05T08:28:52.183+0000] {logging_mixin.py:188} INFO - [2025-08-05T08:28:52.182+0000] {dag.py:3033} INFO - Sync 1 DAGs
[2025-08-05T08:28:52.247+0000] {logging_mixin.py:188} INFO - [2025-08-05T08:28:52.247+0000] {dag.py:3820} INFO - Setting next_dagrun for news_sentiment_dag to 2025-08-05T08:00:00+00:00, run_after=2025-08-05T08:15:00+00:00
[2025-08-05T08:28:52.295+0000] {processor.py:183} INFO - Processing /opt/airflow/dags/news_sentiment_dag.py took 0.631 seconds
[2025-08-05T08:29:23.223+0000] {processor.py:161} INFO - Started process (PID=1079) to work on /opt/airflow/dags/news_sentiment_dag.py
[2025-08-05T08:29:23.224+0000] {processor.py:830} INFO - Processing file /opt/airflow/dags/news_sentiment_dag.py for tasks to queue
[2025-08-05T08:29:23.227+0000] {logging_mixin.py:188} INFO - [2025-08-05T08:29:23.227+0000] {dagbag.py:538} INFO - Filling up the DagBag from /opt/airflow/dags/news_sentiment_dag.py
[2025-08-05T08:29:23.371+0000] {processor.py:840} INFO - DAG(s) 'news_sentiment_dag' retrieved from /opt/airflow/dags/news_sentiment_dag.py
[2025-08-05T08:29:23.412+0000] {logging_mixin.py:188} INFO - [2025-08-05T08:29:23.412+0000] {dag.py:3033} INFO - Sync 1 DAGs
[2025-08-05T08:29:23.429+0000] {logging_mixin.py:188} INFO - [2025-08-05T08:29:23.429+0000] {dag.py:3820} INFO - Setting next_dagrun for news_sentiment_dag to 2025-08-05T08:00:00+00:00, run_after=2025-08-05T08:15:00+00:00
[2025-08-05T08:29:23.439+0000] {processor.py:183} INFO - Processing /opt/airflow/dags/news_sentiment_dag.py took 0.222 seconds
[2025-08-05T08:29:54.019+0000] {processor.py:161} INFO - Started process (PID=1095) to work on /opt/airflow/dags/news_sentiment_dag.py
[2025-08-05T08:29:54.022+0000] {processor.py:830} INFO - Processing file /opt/airflow/dags/news_sentiment_dag.py for tasks to queue
[2025-08-05T08:29:54.025+0000] {logging_mixin.py:188} INFO - [2025-08-05T08:29:54.024+0000] {dagbag.py:538} INFO - Filling up the DagBag from /opt/airflow/dags/news_sentiment_dag.py
[2025-08-05T08:29:54.151+0000] {processor.py:840} INFO - DAG(s) 'news_sentiment_dag' retrieved from /opt/airflow/dags/news_sentiment_dag.py
[2025-08-05T08:29:54.183+0000] {logging_mixin.py:188} INFO - [2025-08-05T08:29:54.183+0000] {dag.py:3033} INFO - Sync 1 DAGs
[2025-08-05T08:29:54.202+0000] {logging_mixin.py:188} INFO - [2025-08-05T08:29:54.202+0000] {dag.py:3820} INFO - Setting next_dagrun for news_sentiment_dag to 2025-08-05T08:00:00+00:00, run_after=2025-08-05T08:15:00+00:00
[2025-08-05T08:29:54.211+0000] {processor.py:183} INFO - Processing /opt/airflow/dags/news_sentiment_dag.py took 0.196 seconds
