[2025-08-04T21:33:45.388+0000] {processor.py:161} INFO - Started process (PID=225) to work on /opt/airflow/dags/news_sentiment_dag.py
[2025-08-04T21:33:45.407+0000] {processor.py:830} INFO - Processing file /opt/airflow/dags/news_sentiment_dag.py for tasks to queue
[2025-08-04T21:33:45.426+0000] {logging_mixin.py:188} INFO - [2025-08-04T21:33:45.425+0000] {dagbag.py:538} INFO - Filling up the DagBag from /opt/airflow/dags/news_sentiment_dag.py
[2025-08-04T21:33:47.934+0000] {processor.py:840} INFO - DAG(s) 'news_sentiment_dag' retrieved from /opt/airflow/dags/news_sentiment_dag.py
[2025-08-04T21:33:56.734+0000] {logging_mixin.py:188} INFO - [2025-08-04T21:33:56.724+0000] {dag.py:3033} INFO - Sync 1 DAGs
[2025-08-04T21:33:56.878+0000] {logging_mixin.py:188} INFO - [2025-08-04T21:33:56.878+0000] {dag.py:3820} INFO - Setting next_dagrun for news_sentiment_dag to 2025-08-04T21:30:00+00:00, run_after=2025-08-04T21:45:00+00:00
[2025-08-04T21:33:57.034+0000] {processor.py:183} INFO - Processing /opt/airflow/dags/news_sentiment_dag.py took 11.806 seconds
[2025-08-04T21:34:27.755+0000] {processor.py:161} INFO - Started process (PID=274) to work on /opt/airflow/dags/news_sentiment_dag.py
[2025-08-04T21:34:27.757+0000] {processor.py:830} INFO - Processing file /opt/airflow/dags/news_sentiment_dag.py for tasks to queue
[2025-08-04T21:34:27.758+0000] {logging_mixin.py:188} INFO - [2025-08-04T21:34:27.757+0000] {dagbag.py:538} INFO - Filling up the DagBag from /opt/airflow/dags/news_sentiment_dag.py
[2025-08-04T21:34:27.889+0000] {processor.py:840} INFO - DAG(s) 'news_sentiment_dag' retrieved from /opt/airflow/dags/news_sentiment_dag.py
[2025-08-04T21:34:27.945+0000] {logging_mixin.py:188} INFO - [2025-08-04T21:34:27.945+0000] {dag.py:3033} INFO - Sync 1 DAGs
[2025-08-04T21:34:27.970+0000] {logging_mixin.py:188} INFO - [2025-08-04T21:34:27.970+0000] {dag.py:3820} INFO - Setting next_dagrun for news_sentiment_dag to 2025-08-04T21:30:00+00:00, run_after=2025-08-04T21:45:00+00:00
[2025-08-04T21:34:27.985+0000] {processor.py:183} INFO - Processing /opt/airflow/dags/news_sentiment_dag.py took 0.241 seconds
[2025-08-04T21:34:58.325+0000] {processor.py:161} INFO - Started process (PID=289) to work on /opt/airflow/dags/news_sentiment_dag.py
[2025-08-04T21:34:58.329+0000] {processor.py:830} INFO - Processing file /opt/airflow/dags/news_sentiment_dag.py for tasks to queue
[2025-08-04T21:34:58.331+0000] {logging_mixin.py:188} INFO - [2025-08-04T21:34:58.331+0000] {dagbag.py:538} INFO - Filling up the DagBag from /opt/airflow/dags/news_sentiment_dag.py
[2025-08-04T21:34:58.440+0000] {processor.py:840} INFO - DAG(s) 'news_sentiment_dag' retrieved from /opt/airflow/dags/news_sentiment_dag.py
[2025-08-04T21:34:58.482+0000] {logging_mixin.py:188} INFO - [2025-08-04T21:34:58.482+0000] {dag.py:3033} INFO - Sync 1 DAGs
[2025-08-04T21:34:58.506+0000] {logging_mixin.py:188} INFO - [2025-08-04T21:34:58.506+0000] {dag.py:3820} INFO - Setting next_dagrun for news_sentiment_dag to 2025-08-04T21:30:00+00:00, run_after=2025-08-04T21:45:00+00:00
[2025-08-04T21:34:58.522+0000] {processor.py:183} INFO - Processing /opt/airflow/dags/news_sentiment_dag.py took 0.207 seconds
[2025-08-04T21:35:28.867+0000] {processor.py:161} INFO - Started process (PID=304) to work on /opt/airflow/dags/news_sentiment_dag.py
[2025-08-04T21:35:28.869+0000] {processor.py:830} INFO - Processing file /opt/airflow/dags/news_sentiment_dag.py for tasks to queue
[2025-08-04T21:35:28.871+0000] {logging_mixin.py:188} INFO - [2025-08-04T21:35:28.870+0000] {dagbag.py:538} INFO - Filling up the DagBag from /opt/airflow/dags/news_sentiment_dag.py
[2025-08-04T21:35:28.993+0000] {processor.py:840} INFO - DAG(s) 'news_sentiment_dag' retrieved from /opt/airflow/dags/news_sentiment_dag.py
[2025-08-04T21:35:29.043+0000] {logging_mixin.py:188} INFO - [2025-08-04T21:35:29.043+0000] {dag.py:3033} INFO - Sync 1 DAGs
[2025-08-04T21:35:29.070+0000] {logging_mixin.py:188} INFO - [2025-08-04T21:35:29.069+0000] {dag.py:3820} INFO - Setting next_dagrun for news_sentiment_dag to 2025-08-04T21:30:00+00:00, run_after=2025-08-04T21:45:00+00:00
[2025-08-04T21:35:29.086+0000] {processor.py:183} INFO - Processing /opt/airflow/dags/news_sentiment_dag.py took 0.223 seconds
[2025-08-04T21:35:59.404+0000] {processor.py:161} INFO - Started process (PID=319) to work on /opt/airflow/dags/news_sentiment_dag.py
[2025-08-04T21:35:59.405+0000] {processor.py:830} INFO - Processing file /opt/airflow/dags/news_sentiment_dag.py for tasks to queue
[2025-08-04T21:35:59.407+0000] {logging_mixin.py:188} INFO - [2025-08-04T21:35:59.406+0000] {dagbag.py:538} INFO - Filling up the DagBag from /opt/airflow/dags/news_sentiment_dag.py
[2025-08-04T21:35:59.530+0000] {processor.py:840} INFO - DAG(s) 'news_sentiment_dag' retrieved from /opt/airflow/dags/news_sentiment_dag.py
[2025-08-04T21:35:59.562+0000] {logging_mixin.py:188} INFO - [2025-08-04T21:35:59.562+0000] {dag.py:3033} INFO - Sync 1 DAGs
[2025-08-04T21:35:59.582+0000] {logging_mixin.py:188} INFO - [2025-08-04T21:35:59.582+0000] {dag.py:3820} INFO - Setting next_dagrun for news_sentiment_dag to 2025-08-04T21:30:00+00:00, run_after=2025-08-04T21:45:00+00:00
[2025-08-04T21:35:59.593+0000] {processor.py:183} INFO - Processing /opt/airflow/dags/news_sentiment_dag.py took 0.196 seconds
[2025-08-04T21:36:29.900+0000] {processor.py:161} INFO - Started process (PID=334) to work on /opt/airflow/dags/news_sentiment_dag.py
[2025-08-04T21:36:29.903+0000] {processor.py:830} INFO - Processing file /opt/airflow/dags/news_sentiment_dag.py for tasks to queue
[2025-08-04T21:36:29.904+0000] {logging_mixin.py:188} INFO - [2025-08-04T21:36:29.904+0000] {dagbag.py:538} INFO - Filling up the DagBag from /opt/airflow/dags/news_sentiment_dag.py
[2025-08-04T21:36:30.001+0000] {processor.py:840} INFO - DAG(s) 'news_sentiment_dag' retrieved from /opt/airflow/dags/news_sentiment_dag.py
[2025-08-04T21:36:30.033+0000] {logging_mixin.py:188} INFO - [2025-08-04T21:36:30.033+0000] {dag.py:3033} INFO - Sync 1 DAGs
[2025-08-04T21:36:30.055+0000] {logging_mixin.py:188} INFO - [2025-08-04T21:36:30.055+0000] {dag.py:3820} INFO - Setting next_dagrun for news_sentiment_dag to 2025-08-04T21:30:00+00:00, run_after=2025-08-04T21:45:00+00:00
[2025-08-04T21:36:30.068+0000] {processor.py:183} INFO - Processing /opt/airflow/dags/news_sentiment_dag.py took 0.174 seconds
[2025-08-04T21:37:00.441+0000] {processor.py:161} INFO - Started process (PID=349) to work on /opt/airflow/dags/news_sentiment_dag.py
[2025-08-04T21:37:00.445+0000] {processor.py:830} INFO - Processing file /opt/airflow/dags/news_sentiment_dag.py for tasks to queue
[2025-08-04T21:37:00.450+0000] {logging_mixin.py:188} INFO - [2025-08-04T21:37:00.448+0000] {dagbag.py:538} INFO - Filling up the DagBag from /opt/airflow/dags/news_sentiment_dag.py
[2025-08-04T21:37:00.740+0000] {processor.py:840} INFO - DAG(s) 'news_sentiment_dag' retrieved from /opt/airflow/dags/news_sentiment_dag.py
[2025-08-04T21:37:00.789+0000] {logging_mixin.py:188} INFO - [2025-08-04T21:37:00.789+0000] {dag.py:3033} INFO - Sync 1 DAGs
[2025-08-04T21:37:00.823+0000] {logging_mixin.py:188} INFO - [2025-08-04T21:37:00.823+0000] {dag.py:3820} INFO - Setting next_dagrun for news_sentiment_dag to 2025-08-04T21:30:00+00:00, run_after=2025-08-04T21:45:00+00:00
[2025-08-04T21:37:00.837+0000] {processor.py:183} INFO - Processing /opt/airflow/dags/news_sentiment_dag.py took 0.408 seconds
[2025-08-04T21:37:30.991+0000] {processor.py:161} INFO - Started process (PID=364) to work on /opt/airflow/dags/news_sentiment_dag.py
[2025-08-04T21:37:30.992+0000] {processor.py:830} INFO - Processing file /opt/airflow/dags/news_sentiment_dag.py for tasks to queue
[2025-08-04T21:37:30.993+0000] {logging_mixin.py:188} INFO - [2025-08-04T21:37:30.993+0000] {dagbag.py:538} INFO - Filling up the DagBag from /opt/airflow/dags/news_sentiment_dag.py
[2025-08-04T21:37:31.071+0000] {processor.py:840} INFO - DAG(s) 'news_sentiment_dag' retrieved from /opt/airflow/dags/news_sentiment_dag.py
[2025-08-04T21:37:31.100+0000] {logging_mixin.py:188} INFO - [2025-08-04T21:37:31.100+0000] {dag.py:3033} INFO - Sync 1 DAGs
[2025-08-04T21:37:31.120+0000] {logging_mixin.py:188} INFO - [2025-08-04T21:37:31.119+0000] {dag.py:3820} INFO - Setting next_dagrun for news_sentiment_dag to 2025-08-04T21:30:00+00:00, run_after=2025-08-04T21:45:00+00:00
[2025-08-04T21:37:31.134+0000] {processor.py:183} INFO - Processing /opt/airflow/dags/news_sentiment_dag.py took 0.148 seconds
[2025-08-04T21:38:01.505+0000] {processor.py:161} INFO - Started process (PID=379) to work on /opt/airflow/dags/news_sentiment_dag.py
[2025-08-04T21:38:01.512+0000] {processor.py:830} INFO - Processing file /opt/airflow/dags/news_sentiment_dag.py for tasks to queue
[2025-08-04T21:38:01.514+0000] {logging_mixin.py:188} INFO - [2025-08-04T21:38:01.513+0000] {dagbag.py:538} INFO - Filling up the DagBag from /opt/airflow/dags/news_sentiment_dag.py
[2025-08-04T21:38:02.287+0000] {processor.py:840} INFO - DAG(s) 'news_sentiment_dag' retrieved from /opt/airflow/dags/news_sentiment_dag.py
[2025-08-04T21:38:02.366+0000] {logging_mixin.py:188} INFO - [2025-08-04T21:38:02.365+0000] {dag.py:3033} INFO - Sync 1 DAGs
[2025-08-04T21:38:02.425+0000] {logging_mixin.py:188} INFO - [2025-08-04T21:38:02.424+0000] {dag.py:3820} INFO - Setting next_dagrun for news_sentiment_dag to 2025-08-04T21:30:00+00:00, run_after=2025-08-04T21:45:00+00:00
[2025-08-04T21:38:02.509+0000] {processor.py:183} INFO - Processing /opt/airflow/dags/news_sentiment_dag.py took 1.044 seconds
[2025-08-04T21:38:32.963+0000] {processor.py:161} INFO - Started process (PID=394) to work on /opt/airflow/dags/news_sentiment_dag.py
[2025-08-04T21:38:32.965+0000] {processor.py:830} INFO - Processing file /opt/airflow/dags/news_sentiment_dag.py for tasks to queue
[2025-08-04T21:38:32.969+0000] {logging_mixin.py:188} INFO - [2025-08-04T21:38:32.965+0000] {dagbag.py:538} INFO - Filling up the DagBag from /opt/airflow/dags/news_sentiment_dag.py
[2025-08-04T21:38:33.090+0000] {processor.py:840} INFO - DAG(s) 'news_sentiment_dag' retrieved from /opt/airflow/dags/news_sentiment_dag.py
[2025-08-04T21:38:33.120+0000] {logging_mixin.py:188} INFO - [2025-08-04T21:38:33.120+0000] {dag.py:3033} INFO - Sync 1 DAGs
[2025-08-04T21:38:33.137+0000] {logging_mixin.py:188} INFO - [2025-08-04T21:38:33.136+0000] {dag.py:3820} INFO - Setting next_dagrun for news_sentiment_dag to 2025-08-04T21:30:00+00:00, run_after=2025-08-04T21:45:00+00:00
[2025-08-04T21:38:33.149+0000] {processor.py:183} INFO - Processing /opt/airflow/dags/news_sentiment_dag.py took 0.193 seconds
[2025-08-04T21:40:23.284+0000] {processor.py:161} INFO - Started process (PID=167) to work on /opt/airflow/dags/news_sentiment_dag.py
[2025-08-04T21:40:23.299+0000] {processor.py:830} INFO - Processing file /opt/airflow/dags/news_sentiment_dag.py for tasks to queue
[2025-08-04T21:40:23.300+0000] {logging_mixin.py:188} INFO - [2025-08-04T21:40:23.299+0000] {dagbag.py:538} INFO - Filling up the DagBag from /opt/airflow/dags/news_sentiment_dag.py
[2025-08-04T21:40:23.790+0000] {processor.py:840} INFO - DAG(s) 'news_sentiment_dag' retrieved from /opt/airflow/dags/news_sentiment_dag.py
[2025-08-04T21:40:24.053+0000] {logging_mixin.py:188} INFO - [2025-08-04T21:40:24.052+0000] {override.py:1769} INFO - Created Permission View: can edit on DAG:news_sentiment_dag
[2025-08-04T21:40:24.061+0000] {logging_mixin.py:188} INFO - [2025-08-04T21:40:24.061+0000] {override.py:1769} INFO - Created Permission View: can delete on DAG:news_sentiment_dag
[2025-08-04T21:40:24.073+0000] {logging_mixin.py:188} INFO - [2025-08-04T21:40:24.072+0000] {override.py:1769} INFO - Created Permission View: can read on DAG:news_sentiment_dag
[2025-08-04T21:40:24.073+0000] {logging_mixin.py:188} INFO - [2025-08-04T21:40:24.073+0000] {dag.py:3033} INFO - Sync 1 DAGs
[2025-08-04T21:40:24.104+0000] {logging_mixin.py:188} INFO - [2025-08-04T21:40:24.103+0000] {dag.py:3055} INFO - Creating ORM DAG for news_sentiment_dag
[2025-08-04T21:40:24.149+0000] {logging_mixin.py:188} INFO - [2025-08-04T21:40:24.149+0000] {dag.py:3820} INFO - Setting next_dagrun for news_sentiment_dag to 2025-08-04T21:15:00+00:00, run_after=2025-08-04T21:30:00+00:00
[2025-08-04T21:40:24.190+0000] {processor.py:183} INFO - Processing /opt/airflow/dags/news_sentiment_dag.py took 0.915 seconds
[2025-08-04T21:41:13.443+0000] {processor.py:161} INFO - Started process (PID=166) to work on /opt/airflow/dags/news_sentiment_dag.py
[2025-08-04T21:41:13.445+0000] {processor.py:830} INFO - Processing file /opt/airflow/dags/news_sentiment_dag.py for tasks to queue
[2025-08-04T21:41:13.446+0000] {logging_mixin.py:188} INFO - [2025-08-04T21:41:13.446+0000] {dagbag.py:538} INFO - Filling up the DagBag from /opt/airflow/dags/news_sentiment_dag.py
[2025-08-04T21:41:13.668+0000] {processor.py:840} INFO - DAG(s) 'news_sentiment_dag' retrieved from /opt/airflow/dags/news_sentiment_dag.py
[2025-08-04T21:41:13.690+0000] {logging_mixin.py:188} INFO - [2025-08-04T21:41:13.689+0000] {dag.py:3033} INFO - Sync 1 DAGs
[2025-08-04T21:41:13.704+0000] {logging_mixin.py:188} INFO - [2025-08-04T21:41:13.704+0000] {dag.py:3820} INFO - Setting next_dagrun for news_sentiment_dag to 2025-08-04T21:15:00+00:00, run_after=2025-08-04T21:30:00+00:00
[2025-08-04T21:41:13.718+0000] {processor.py:183} INFO - Processing /opt/airflow/dags/news_sentiment_dag.py took 0.277 seconds
[2025-08-04T21:41:44.172+0000] {processor.py:161} INFO - Started process (PID=182) to work on /opt/airflow/dags/news_sentiment_dag.py
[2025-08-04T21:41:44.177+0000] {processor.py:830} INFO - Processing file /opt/airflow/dags/news_sentiment_dag.py for tasks to queue
[2025-08-04T21:41:44.179+0000] {logging_mixin.py:188} INFO - [2025-08-04T21:41:44.178+0000] {dagbag.py:538} INFO - Filling up the DagBag from /opt/airflow/dags/news_sentiment_dag.py
[2025-08-04T21:41:44.383+0000] {processor.py:840} INFO - DAG(s) 'news_sentiment_dag' retrieved from /opt/airflow/dags/news_sentiment_dag.py
[2025-08-04T21:41:44.569+0000] {logging_mixin.py:188} INFO - [2025-08-04T21:41:44.569+0000] {dag.py:3033} INFO - Sync 1 DAGs
[2025-08-04T21:41:44.587+0000] {logging_mixin.py:188} INFO - [2025-08-04T21:41:44.587+0000] {dag.py:3820} INFO - Setting next_dagrun for news_sentiment_dag to 2025-08-04T21:15:00+00:00, run_after=2025-08-04T21:30:00+00:00
[2025-08-04T21:41:44.598+0000] {processor.py:183} INFO - Processing /opt/airflow/dags/news_sentiment_dag.py took 0.430 seconds
[2025-08-04T21:42:15.035+0000] {processor.py:161} INFO - Started process (PID=196) to work on /opt/airflow/dags/news_sentiment_dag.py
[2025-08-04T21:42:15.037+0000] {processor.py:830} INFO - Processing file /opt/airflow/dags/news_sentiment_dag.py for tasks to queue
[2025-08-04T21:42:15.038+0000] {logging_mixin.py:188} INFO - [2025-08-04T21:42:15.038+0000] {dagbag.py:538} INFO - Filling up the DagBag from /opt/airflow/dags/news_sentiment_dag.py
[2025-08-04T21:42:15.207+0000] {processor.py:840} INFO - DAG(s) 'news_sentiment_dag' retrieved from /opt/airflow/dags/news_sentiment_dag.py
[2025-08-04T21:42:15.251+0000] {logging_mixin.py:188} INFO - [2025-08-04T21:42:15.250+0000] {dag.py:3033} INFO - Sync 1 DAGs
[2025-08-04T21:42:15.270+0000] {logging_mixin.py:188} INFO - [2025-08-04T21:42:15.270+0000] {dag.py:3820} INFO - Setting next_dagrun for news_sentiment_dag to 2025-08-04T21:15:00+00:00, run_after=2025-08-04T21:30:00+00:00
[2025-08-04T21:42:15.329+0000] {processor.py:183} INFO - Processing /opt/airflow/dags/news_sentiment_dag.py took 0.302 seconds
[2025-08-04T21:42:45.731+0000] {processor.py:161} INFO - Started process (PID=212) to work on /opt/airflow/dags/news_sentiment_dag.py
[2025-08-04T21:42:45.732+0000] {processor.py:830} INFO - Processing file /opt/airflow/dags/news_sentiment_dag.py for tasks to queue
[2025-08-04T21:42:45.736+0000] {logging_mixin.py:188} INFO - [2025-08-04T21:42:45.736+0000] {dagbag.py:538} INFO - Filling up the DagBag from /opt/airflow/dags/news_sentiment_dag.py
[2025-08-04T21:42:45.831+0000] {processor.py:840} INFO - DAG(s) 'news_sentiment_dag' retrieved from /opt/airflow/dags/news_sentiment_dag.py
[2025-08-04T21:42:45.863+0000] {logging_mixin.py:188} INFO - [2025-08-04T21:42:45.863+0000] {dag.py:3033} INFO - Sync 1 DAGs
[2025-08-04T21:42:45.877+0000] {logging_mixin.py:188} INFO - [2025-08-04T21:42:45.877+0000] {dag.py:3820} INFO - Setting next_dagrun for news_sentiment_dag to 2025-08-04T21:15:00+00:00, run_after=2025-08-04T21:30:00+00:00
[2025-08-04T21:42:45.901+0000] {processor.py:183} INFO - Processing /opt/airflow/dags/news_sentiment_dag.py took 0.178 seconds
[2025-08-04T21:43:16.433+0000] {processor.py:161} INFO - Started process (PID=227) to work on /opt/airflow/dags/news_sentiment_dag.py
[2025-08-04T21:43:16.439+0000] {processor.py:830} INFO - Processing file /opt/airflow/dags/news_sentiment_dag.py for tasks to queue
[2025-08-04T21:43:16.442+0000] {logging_mixin.py:188} INFO - [2025-08-04T21:43:16.440+0000] {dagbag.py:538} INFO - Filling up the DagBag from /opt/airflow/dags/news_sentiment_dag.py
[2025-08-04T21:43:16.664+0000] {processor.py:840} INFO - DAG(s) 'news_sentiment_dag' retrieved from /opt/airflow/dags/news_sentiment_dag.py
[2025-08-04T21:43:16.707+0000] {logging_mixin.py:188} INFO - [2025-08-04T21:43:16.707+0000] {dag.py:3033} INFO - Sync 1 DAGs
[2025-08-04T21:43:16.738+0000] {logging_mixin.py:188} INFO - [2025-08-04T21:43:16.738+0000] {dag.py:3820} INFO - Setting next_dagrun for news_sentiment_dag to 2025-08-04T21:15:00+00:00, run_after=2025-08-04T21:30:00+00:00
[2025-08-04T21:43:16.755+0000] {processor.py:183} INFO - Processing /opt/airflow/dags/news_sentiment_dag.py took 0.342 seconds
[2025-08-04T21:43:47.191+0000] {processor.py:161} INFO - Started process (PID=242) to work on /opt/airflow/dags/news_sentiment_dag.py
[2025-08-04T21:43:47.192+0000] {processor.py:830} INFO - Processing file /opt/airflow/dags/news_sentiment_dag.py for tasks to queue
[2025-08-04T21:43:47.193+0000] {logging_mixin.py:188} INFO - [2025-08-04T21:43:47.193+0000] {dagbag.py:538} INFO - Filling up the DagBag from /opt/airflow/dags/news_sentiment_dag.py
[2025-08-04T21:43:47.297+0000] {processor.py:840} INFO - DAG(s) 'news_sentiment_dag' retrieved from /opt/airflow/dags/news_sentiment_dag.py
[2025-08-04T21:43:47.317+0000] {logging_mixin.py:188} INFO - [2025-08-04T21:43:47.317+0000] {dag.py:3033} INFO - Sync 1 DAGs
[2025-08-04T21:43:47.333+0000] {logging_mixin.py:188} INFO - [2025-08-04T21:43:47.333+0000] {dag.py:3820} INFO - Setting next_dagrun for news_sentiment_dag to 2025-08-04T21:15:00+00:00, run_after=2025-08-04T21:30:00+00:00
[2025-08-04T21:43:47.352+0000] {processor.py:183} INFO - Processing /opt/airflow/dags/news_sentiment_dag.py took 0.172 seconds
[2025-08-04T21:44:17.702+0000] {processor.py:161} INFO - Started process (PID=256) to work on /opt/airflow/dags/news_sentiment_dag.py
[2025-08-04T21:44:17.703+0000] {processor.py:830} INFO - Processing file /opt/airflow/dags/news_sentiment_dag.py for tasks to queue
[2025-08-04T21:44:17.704+0000] {logging_mixin.py:188} INFO - [2025-08-04T21:44:17.704+0000] {dagbag.py:538} INFO - Filling up the DagBag from /opt/airflow/dags/news_sentiment_dag.py
[2025-08-04T21:44:17.812+0000] {processor.py:840} INFO - DAG(s) 'news_sentiment_dag' retrieved from /opt/airflow/dags/news_sentiment_dag.py
[2025-08-04T21:44:17.835+0000] {logging_mixin.py:188} INFO - [2025-08-04T21:44:17.835+0000] {dag.py:3033} INFO - Sync 1 DAGs
[2025-08-04T21:44:17.854+0000] {logging_mixin.py:188} INFO - [2025-08-04T21:44:17.854+0000] {dag.py:3820} INFO - Setting next_dagrun for news_sentiment_dag to 2025-08-04T21:15:00+00:00, run_after=2025-08-04T21:30:00+00:00
[2025-08-04T21:44:17.867+0000] {processor.py:183} INFO - Processing /opt/airflow/dags/news_sentiment_dag.py took 0.172 seconds
[2025-08-04T21:44:48.296+0000] {processor.py:161} INFO - Started process (PID=272) to work on /opt/airflow/dags/news_sentiment_dag.py
[2025-08-04T21:44:48.297+0000] {processor.py:830} INFO - Processing file /opt/airflow/dags/news_sentiment_dag.py for tasks to queue
[2025-08-04T21:44:48.298+0000] {logging_mixin.py:188} INFO - [2025-08-04T21:44:48.297+0000] {dagbag.py:538} INFO - Filling up the DagBag from /opt/airflow/dags/news_sentiment_dag.py
[2025-08-04T21:44:48.419+0000] {processor.py:840} INFO - DAG(s) 'news_sentiment_dag' retrieved from /opt/airflow/dags/news_sentiment_dag.py
[2025-08-04T21:44:48.450+0000] {logging_mixin.py:188} INFO - [2025-08-04T21:44:48.450+0000] {dag.py:3033} INFO - Sync 1 DAGs
[2025-08-04T21:44:48.475+0000] {logging_mixin.py:188} INFO - [2025-08-04T21:44:48.475+0000] {dag.py:3820} INFO - Setting next_dagrun for news_sentiment_dag to 2025-08-04T21:15:00+00:00, run_after=2025-08-04T21:30:00+00:00
[2025-08-04T21:44:48.495+0000] {processor.py:183} INFO - Processing /opt/airflow/dags/news_sentiment_dag.py took 0.207 seconds
[2025-08-04T21:45:19.027+0000] {processor.py:161} INFO - Started process (PID=287) to work on /opt/airflow/dags/news_sentiment_dag.py
[2025-08-04T21:45:19.031+0000] {processor.py:830} INFO - Processing file /opt/airflow/dags/news_sentiment_dag.py for tasks to queue
[2025-08-04T21:45:19.035+0000] {logging_mixin.py:188} INFO - [2025-08-04T21:45:19.033+0000] {dagbag.py:538} INFO - Filling up the DagBag from /opt/airflow/dags/news_sentiment_dag.py
[2025-08-04T21:45:19.231+0000] {processor.py:840} INFO - DAG(s) 'news_sentiment_dag' retrieved from /opt/airflow/dags/news_sentiment_dag.py
[2025-08-04T21:45:19.279+0000] {logging_mixin.py:188} INFO - [2025-08-04T21:45:19.279+0000] {dag.py:3033} INFO - Sync 1 DAGs
[2025-08-04T21:45:19.299+0000] {logging_mixin.py:188} INFO - [2025-08-04T21:45:19.299+0000] {dag.py:3820} INFO - Setting next_dagrun for news_sentiment_dag to 2025-08-04T21:30:00+00:00, run_after=2025-08-04T21:45:00+00:00
[2025-08-04T21:45:19.323+0000] {processor.py:183} INFO - Processing /opt/airflow/dags/news_sentiment_dag.py took 0.314 seconds
[2025-08-04T21:45:49.749+0000] {processor.py:161} INFO - Started process (PID=301) to work on /opt/airflow/dags/news_sentiment_dag.py
[2025-08-04T21:45:49.750+0000] {processor.py:830} INFO - Processing file /opt/airflow/dags/news_sentiment_dag.py for tasks to queue
[2025-08-04T21:45:49.751+0000] {logging_mixin.py:188} INFO - [2025-08-04T21:45:49.751+0000] {dagbag.py:538} INFO - Filling up the DagBag from /opt/airflow/dags/news_sentiment_dag.py
[2025-08-04T21:45:49.870+0000] {processor.py:840} INFO - DAG(s) 'news_sentiment_dag' retrieved from /opt/airflow/dags/news_sentiment_dag.py
[2025-08-04T21:45:49.889+0000] {logging_mixin.py:188} INFO - [2025-08-04T21:45:49.889+0000] {dag.py:3033} INFO - Sync 1 DAGs
[2025-08-04T21:45:49.906+0000] {logging_mixin.py:188} INFO - [2025-08-04T21:45:49.906+0000] {dag.py:3820} INFO - Setting next_dagrun for news_sentiment_dag to 2025-08-04T21:30:00+00:00, run_after=2025-08-04T21:45:00+00:00
[2025-08-04T21:45:49.918+0000] {processor.py:183} INFO - Processing /opt/airflow/dags/news_sentiment_dag.py took 0.174 seconds
[2025-08-04T21:46:20.326+0000] {processor.py:161} INFO - Started process (PID=317) to work on /opt/airflow/dags/news_sentiment_dag.py
[2025-08-04T21:46:20.327+0000] {processor.py:830} INFO - Processing file /opt/airflow/dags/news_sentiment_dag.py for tasks to queue
[2025-08-04T21:46:20.328+0000] {logging_mixin.py:188} INFO - [2025-08-04T21:46:20.327+0000] {dagbag.py:538} INFO - Filling up the DagBag from /opt/airflow/dags/news_sentiment_dag.py
[2025-08-04T21:46:20.439+0000] {processor.py:840} INFO - DAG(s) 'news_sentiment_dag' retrieved from /opt/airflow/dags/news_sentiment_dag.py
[2025-08-04T21:46:20.462+0000] {logging_mixin.py:188} INFO - [2025-08-04T21:46:20.462+0000] {dag.py:3033} INFO - Sync 1 DAGs
[2025-08-04T21:46:20.478+0000] {logging_mixin.py:188} INFO - [2025-08-04T21:46:20.478+0000] {dag.py:3820} INFO - Setting next_dagrun for news_sentiment_dag to 2025-08-04T21:30:00+00:00, run_after=2025-08-04T21:45:00+00:00
[2025-08-04T21:46:20.488+0000] {processor.py:183} INFO - Processing /opt/airflow/dags/news_sentiment_dag.py took 0.164 seconds
[2025-08-04T21:46:50.931+0000] {processor.py:161} INFO - Started process (PID=332) to work on /opt/airflow/dags/news_sentiment_dag.py
[2025-08-04T21:46:50.932+0000] {processor.py:830} INFO - Processing file /opt/airflow/dags/news_sentiment_dag.py for tasks to queue
[2025-08-04T21:46:50.934+0000] {logging_mixin.py:188} INFO - [2025-08-04T21:46:50.934+0000] {dagbag.py:538} INFO - Filling up the DagBag from /opt/airflow/dags/news_sentiment_dag.py
[2025-08-04T21:46:51.067+0000] {processor.py:840} INFO - DAG(s) 'news_sentiment_dag' retrieved from /opt/airflow/dags/news_sentiment_dag.py
[2025-08-04T21:46:51.107+0000] {logging_mixin.py:188} INFO - [2025-08-04T21:46:51.107+0000] {dag.py:3033} INFO - Sync 1 DAGs
[2025-08-04T21:46:51.127+0000] {logging_mixin.py:188} INFO - [2025-08-04T21:46:51.127+0000] {dag.py:3820} INFO - Setting next_dagrun for news_sentiment_dag to 2025-08-04T21:30:00+00:00, run_after=2025-08-04T21:45:00+00:00
[2025-08-04T21:46:51.142+0000] {processor.py:183} INFO - Processing /opt/airflow/dags/news_sentiment_dag.py took 0.215 seconds
[2025-08-04T21:47:21.679+0000] {processor.py:161} INFO - Started process (PID=347) to work on /opt/airflow/dags/news_sentiment_dag.py
[2025-08-04T21:47:21.680+0000] {processor.py:830} INFO - Processing file /opt/airflow/dags/news_sentiment_dag.py for tasks to queue
[2025-08-04T21:47:21.681+0000] {logging_mixin.py:188} INFO - [2025-08-04T21:47:21.681+0000] {dagbag.py:538} INFO - Filling up the DagBag from /opt/airflow/dags/news_sentiment_dag.py
[2025-08-04T21:47:21.911+0000] {processor.py:840} INFO - DAG(s) 'news_sentiment_dag' retrieved from /opt/airflow/dags/news_sentiment_dag.py
[2025-08-04T21:47:21.943+0000] {logging_mixin.py:188} INFO - [2025-08-04T21:47:21.943+0000] {dag.py:3033} INFO - Sync 1 DAGs
[2025-08-04T21:47:21.958+0000] {logging_mixin.py:188} INFO - [2025-08-04T21:47:21.958+0000] {dag.py:3820} INFO - Setting next_dagrun for news_sentiment_dag to 2025-08-04T21:30:00+00:00, run_after=2025-08-04T21:45:00+00:00
[2025-08-04T21:47:21.974+0000] {processor.py:183} INFO - Processing /opt/airflow/dags/news_sentiment_dag.py took 0.303 seconds
[2025-08-04T21:47:52.463+0000] {processor.py:161} INFO - Started process (PID=362) to work on /opt/airflow/dags/news_sentiment_dag.py
[2025-08-04T21:47:52.464+0000] {processor.py:830} INFO - Processing file /opt/airflow/dags/news_sentiment_dag.py for tasks to queue
[2025-08-04T21:47:52.466+0000] {logging_mixin.py:188} INFO - [2025-08-04T21:47:52.465+0000] {dagbag.py:538} INFO - Filling up the DagBag from /opt/airflow/dags/news_sentiment_dag.py
[2025-08-04T21:47:52.582+0000] {processor.py:840} INFO - DAG(s) 'news_sentiment_dag' retrieved from /opt/airflow/dags/news_sentiment_dag.py
[2025-08-04T21:47:52.612+0000] {logging_mixin.py:188} INFO - [2025-08-04T21:47:52.611+0000] {dag.py:3033} INFO - Sync 1 DAGs
[2025-08-04T21:47:52.629+0000] {logging_mixin.py:188} INFO - [2025-08-04T21:47:52.629+0000] {dag.py:3820} INFO - Setting next_dagrun for news_sentiment_dag to 2025-08-04T21:30:00+00:00, run_after=2025-08-04T21:45:00+00:00
[2025-08-04T21:47:52.641+0000] {processor.py:183} INFO - Processing /opt/airflow/dags/news_sentiment_dag.py took 0.185 seconds
[2025-08-04T21:48:23.098+0000] {processor.py:161} INFO - Started process (PID=377) to work on /opt/airflow/dags/news_sentiment_dag.py
[2025-08-04T21:48:23.100+0000] {processor.py:830} INFO - Processing file /opt/airflow/dags/news_sentiment_dag.py for tasks to queue
[2025-08-04T21:48:23.102+0000] {logging_mixin.py:188} INFO - [2025-08-04T21:48:23.101+0000] {dagbag.py:538} INFO - Filling up the DagBag from /opt/airflow/dags/news_sentiment_dag.py
[2025-08-04T21:48:23.238+0000] {processor.py:840} INFO - DAG(s) 'news_sentiment_dag' retrieved from /opt/airflow/dags/news_sentiment_dag.py
[2025-08-04T21:48:23.270+0000] {logging_mixin.py:188} INFO - [2025-08-04T21:48:23.270+0000] {dag.py:3033} INFO - Sync 1 DAGs
[2025-08-04T21:48:23.289+0000] {logging_mixin.py:188} INFO - [2025-08-04T21:48:23.289+0000] {dag.py:3820} INFO - Setting next_dagrun for news_sentiment_dag to 2025-08-04T21:30:00+00:00, run_after=2025-08-04T21:45:00+00:00
[2025-08-04T21:48:23.300+0000] {processor.py:183} INFO - Processing /opt/airflow/dags/news_sentiment_dag.py took 0.207 seconds
[2025-08-04T21:48:53.857+0000] {processor.py:161} INFO - Started process (PID=392) to work on /opt/airflow/dags/news_sentiment_dag.py
[2025-08-04T21:48:53.858+0000] {processor.py:830} INFO - Processing file /opt/airflow/dags/news_sentiment_dag.py for tasks to queue
[2025-08-04T21:48:53.860+0000] {logging_mixin.py:188} INFO - [2025-08-04T21:48:53.860+0000] {dagbag.py:538} INFO - Filling up the DagBag from /opt/airflow/dags/news_sentiment_dag.py
[2025-08-04T21:48:53.978+0000] {processor.py:840} INFO - DAG(s) 'news_sentiment_dag' retrieved from /opt/airflow/dags/news_sentiment_dag.py
[2025-08-04T21:48:54.005+0000] {logging_mixin.py:188} INFO - [2025-08-04T21:48:54.005+0000] {dag.py:3033} INFO - Sync 1 DAGs
[2025-08-04T21:48:54.021+0000] {logging_mixin.py:188} INFO - [2025-08-04T21:48:54.020+0000] {dag.py:3820} INFO - Setting next_dagrun for news_sentiment_dag to 2025-08-04T21:30:00+00:00, run_after=2025-08-04T21:45:00+00:00
[2025-08-04T21:48:54.038+0000] {processor.py:183} INFO - Processing /opt/airflow/dags/news_sentiment_dag.py took 0.189 seconds
[2025-08-04T21:49:24.438+0000] {processor.py:161} INFO - Started process (PID=407) to work on /opt/airflow/dags/news_sentiment_dag.py
[2025-08-04T21:49:24.439+0000] {processor.py:830} INFO - Processing file /opt/airflow/dags/news_sentiment_dag.py for tasks to queue
[2025-08-04T21:49:24.440+0000] {logging_mixin.py:188} INFO - [2025-08-04T21:49:24.440+0000] {dagbag.py:538} INFO - Filling up the DagBag from /opt/airflow/dags/news_sentiment_dag.py
[2025-08-04T21:49:24.568+0000] {processor.py:840} INFO - DAG(s) 'news_sentiment_dag' retrieved from /opt/airflow/dags/news_sentiment_dag.py
[2025-08-04T21:49:24.594+0000] {logging_mixin.py:188} INFO - [2025-08-04T21:49:24.594+0000] {dag.py:3033} INFO - Sync 1 DAGs
[2025-08-04T21:49:24.619+0000] {logging_mixin.py:188} INFO - [2025-08-04T21:49:24.619+0000] {dag.py:3820} INFO - Setting next_dagrun for news_sentiment_dag to 2025-08-04T21:30:00+00:00, run_after=2025-08-04T21:45:00+00:00
[2025-08-04T21:49:24.630+0000] {processor.py:183} INFO - Processing /opt/airflow/dags/news_sentiment_dag.py took 0.198 seconds
[2025-08-04T21:49:55.018+0000] {processor.py:161} INFO - Started process (PID=422) to work on /opt/airflow/dags/news_sentiment_dag.py
[2025-08-04T21:49:55.019+0000] {processor.py:830} INFO - Processing file /opt/airflow/dags/news_sentiment_dag.py for tasks to queue
[2025-08-04T21:49:55.021+0000] {logging_mixin.py:188} INFO - [2025-08-04T21:49:55.021+0000] {dagbag.py:538} INFO - Filling up the DagBag from /opt/airflow/dags/news_sentiment_dag.py
[2025-08-04T21:49:55.138+0000] {processor.py:840} INFO - DAG(s) 'news_sentiment_dag' retrieved from /opt/airflow/dags/news_sentiment_dag.py
[2025-08-04T21:49:55.163+0000] {logging_mixin.py:188} INFO - [2025-08-04T21:49:55.162+0000] {dag.py:3033} INFO - Sync 1 DAGs
[2025-08-04T21:49:55.186+0000] {logging_mixin.py:188} INFO - [2025-08-04T21:49:55.186+0000] {dag.py:3820} INFO - Setting next_dagrun for news_sentiment_dag to 2025-08-04T21:30:00+00:00, run_after=2025-08-04T21:45:00+00:00
[2025-08-04T21:49:55.200+0000] {processor.py:183} INFO - Processing /opt/airflow/dags/news_sentiment_dag.py took 0.186 seconds
[2025-08-04T21:50:25.614+0000] {processor.py:161} INFO - Started process (PID=437) to work on /opt/airflow/dags/news_sentiment_dag.py
[2025-08-04T21:50:25.615+0000] {processor.py:830} INFO - Processing file /opt/airflow/dags/news_sentiment_dag.py for tasks to queue
[2025-08-04T21:50:25.617+0000] {logging_mixin.py:188} INFO - [2025-08-04T21:50:25.617+0000] {dagbag.py:538} INFO - Filling up the DagBag from /opt/airflow/dags/news_sentiment_dag.py
[2025-08-04T21:50:25.832+0000] {processor.py:840} INFO - DAG(s) 'news_sentiment_dag' retrieved from /opt/airflow/dags/news_sentiment_dag.py
[2025-08-04T21:50:25.874+0000] {logging_mixin.py:188} INFO - [2025-08-04T21:50:25.874+0000] {dag.py:3033} INFO - Sync 1 DAGs
[2025-08-04T21:50:25.900+0000] {logging_mixin.py:188} INFO - [2025-08-04T21:50:25.900+0000] {dag.py:3820} INFO - Setting next_dagrun for news_sentiment_dag to 2025-08-04T21:30:00+00:00, run_after=2025-08-04T21:45:00+00:00
[2025-08-04T21:50:25.915+0000] {processor.py:183} INFO - Processing /opt/airflow/dags/news_sentiment_dag.py took 0.309 seconds
[2025-08-04T21:50:56.319+0000] {processor.py:161} INFO - Started process (PID=452) to work on /opt/airflow/dags/news_sentiment_dag.py
[2025-08-04T21:50:56.320+0000] {processor.py:830} INFO - Processing file /opt/airflow/dags/news_sentiment_dag.py for tasks to queue
[2025-08-04T21:50:56.322+0000] {logging_mixin.py:188} INFO - [2025-08-04T21:50:56.322+0000] {dagbag.py:538} INFO - Filling up the DagBag from /opt/airflow/dags/news_sentiment_dag.py
[2025-08-04T21:50:56.418+0000] {processor.py:840} INFO - DAG(s) 'news_sentiment_dag' retrieved from /opt/airflow/dags/news_sentiment_dag.py
[2025-08-04T21:50:56.442+0000] {logging_mixin.py:188} INFO - [2025-08-04T21:50:56.441+0000] {dag.py:3033} INFO - Sync 1 DAGs
[2025-08-04T21:50:56.455+0000] {logging_mixin.py:188} INFO - [2025-08-04T21:50:56.455+0000] {dag.py:3820} INFO - Setting next_dagrun for news_sentiment_dag to 2025-08-04T21:30:00+00:00, run_after=2025-08-04T21:45:00+00:00
[2025-08-04T21:50:56.464+0000] {processor.py:183} INFO - Processing /opt/airflow/dags/news_sentiment_dag.py took 0.148 seconds
[2025-08-04T21:51:27.077+0000] {processor.py:161} INFO - Started process (PID=467) to work on /opt/airflow/dags/news_sentiment_dag.py
[2025-08-04T21:51:27.079+0000] {processor.py:830} INFO - Processing file /opt/airflow/dags/news_sentiment_dag.py for tasks to queue
[2025-08-04T21:51:27.081+0000] {logging_mixin.py:188} INFO - [2025-08-04T21:51:27.081+0000] {dagbag.py:538} INFO - Filling up the DagBag from /opt/airflow/dags/news_sentiment_dag.py
[2025-08-04T21:51:27.211+0000] {processor.py:840} INFO - DAG(s) 'news_sentiment_dag' retrieved from /opt/airflow/dags/news_sentiment_dag.py
[2025-08-04T21:51:27.238+0000] {logging_mixin.py:188} INFO - [2025-08-04T21:51:27.238+0000] {dag.py:3033} INFO - Sync 1 DAGs
[2025-08-04T21:51:27.253+0000] {logging_mixin.py:188} INFO - [2025-08-04T21:51:27.253+0000] {dag.py:3820} INFO - Setting next_dagrun for news_sentiment_dag to 2025-08-04T21:30:00+00:00, run_after=2025-08-04T21:45:00+00:00
[2025-08-04T21:51:27.263+0000] {processor.py:183} INFO - Processing /opt/airflow/dags/news_sentiment_dag.py took 0.190 seconds
[2025-08-04T21:51:57.792+0000] {processor.py:161} INFO - Started process (PID=482) to work on /opt/airflow/dags/news_sentiment_dag.py
[2025-08-04T21:51:57.794+0000] {processor.py:830} INFO - Processing file /opt/airflow/dags/news_sentiment_dag.py for tasks to queue
[2025-08-04T21:51:57.796+0000] {logging_mixin.py:188} INFO - [2025-08-04T21:51:57.795+0000] {dagbag.py:538} INFO - Filling up the DagBag from /opt/airflow/dags/news_sentiment_dag.py
[2025-08-04T21:51:58.133+0000] {processor.py:840} INFO - DAG(s) 'news_sentiment_dag' retrieved from /opt/airflow/dags/news_sentiment_dag.py
[2025-08-04T21:51:58.211+0000] {logging_mixin.py:188} INFO - [2025-08-04T21:51:58.211+0000] {dag.py:3033} INFO - Sync 1 DAGs
[2025-08-04T21:51:58.273+0000] {logging_mixin.py:188} INFO - [2025-08-04T21:51:58.272+0000] {dag.py:3820} INFO - Setting next_dagrun for news_sentiment_dag to 2025-08-04T21:30:00+00:00, run_after=2025-08-04T21:45:00+00:00
[2025-08-04T21:51:58.302+0000] {processor.py:183} INFO - Processing /opt/airflow/dags/news_sentiment_dag.py took 0.515 seconds
[2025-08-04T21:52:28.789+0000] {processor.py:161} INFO - Started process (PID=497) to work on /opt/airflow/dags/news_sentiment_dag.py
[2025-08-04T21:52:28.790+0000] {processor.py:830} INFO - Processing file /opt/airflow/dags/news_sentiment_dag.py for tasks to queue
[2025-08-04T21:52:28.792+0000] {logging_mixin.py:188} INFO - [2025-08-04T21:52:28.791+0000] {dagbag.py:538} INFO - Filling up the DagBag from /opt/airflow/dags/news_sentiment_dag.py
[2025-08-04T21:52:28.915+0000] {processor.py:840} INFO - DAG(s) 'news_sentiment_dag' retrieved from /opt/airflow/dags/news_sentiment_dag.py
[2025-08-04T21:52:28.948+0000] {logging_mixin.py:188} INFO - [2025-08-04T21:52:28.948+0000] {dag.py:3033} INFO - Sync 1 DAGs
[2025-08-04T21:52:28.961+0000] {logging_mixin.py:188} INFO - [2025-08-04T21:52:28.961+0000] {dag.py:3820} INFO - Setting next_dagrun for news_sentiment_dag to 2025-08-04T21:30:00+00:00, run_after=2025-08-04T21:45:00+00:00
[2025-08-04T21:52:28.971+0000] {processor.py:183} INFO - Processing /opt/airflow/dags/news_sentiment_dag.py took 0.186 seconds
[2025-08-04T21:52:59.439+0000] {processor.py:161} INFO - Started process (PID=512) to work on /opt/airflow/dags/news_sentiment_dag.py
[2025-08-04T21:52:59.440+0000] {processor.py:830} INFO - Processing file /opt/airflow/dags/news_sentiment_dag.py for tasks to queue
[2025-08-04T21:52:59.442+0000] {logging_mixin.py:188} INFO - [2025-08-04T21:52:59.441+0000] {dagbag.py:538} INFO - Filling up the DagBag from /opt/airflow/dags/news_sentiment_dag.py
[2025-08-04T21:52:59.551+0000] {processor.py:840} INFO - DAG(s) 'news_sentiment_dag' retrieved from /opt/airflow/dags/news_sentiment_dag.py
[2025-08-04T21:52:59.581+0000] {logging_mixin.py:188} INFO - [2025-08-04T21:52:59.580+0000] {dag.py:3033} INFO - Sync 1 DAGs
[2025-08-04T21:52:59.598+0000] {logging_mixin.py:188} INFO - [2025-08-04T21:52:59.597+0000] {dag.py:3820} INFO - Setting next_dagrun for news_sentiment_dag to 2025-08-04T21:30:00+00:00, run_after=2025-08-04T21:45:00+00:00
[2025-08-04T21:52:59.613+0000] {processor.py:183} INFO - Processing /opt/airflow/dags/news_sentiment_dag.py took 0.181 seconds
[2025-08-04T21:53:29.807+0000] {processor.py:161} INFO - Started process (PID=525) to work on /opt/airflow/dags/news_sentiment_dag.py
[2025-08-04T21:53:29.814+0000] {processor.py:830} INFO - Processing file /opt/airflow/dags/news_sentiment_dag.py for tasks to queue
[2025-08-04T21:53:29.821+0000] {logging_mixin.py:188} INFO - [2025-08-04T21:53:29.819+0000] {dagbag.py:538} INFO - Filling up the DagBag from /opt/airflow/dags/news_sentiment_dag.py
[2025-08-04T21:53:30.530+0000] {processor.py:840} INFO - DAG(s) 'news_sentiment_dag' retrieved from /opt/airflow/dags/news_sentiment_dag.py
[2025-08-04T21:53:30.827+0000] {logging_mixin.py:188} INFO - [2025-08-04T21:53:30.823+0000] {dag.py:3033} INFO - Sync 1 DAGs
[2025-08-04T21:53:30.976+0000] {logging_mixin.py:188} INFO - [2025-08-04T21:53:30.975+0000] {dag.py:3820} INFO - Setting next_dagrun for news_sentiment_dag to 2025-08-04T21:30:00+00:00, run_after=2025-08-04T21:45:00+00:00
[2025-08-04T21:53:31.318+0000] {processor.py:183} INFO - Processing /opt/airflow/dags/news_sentiment_dag.py took 1.544 seconds
[2025-08-04T21:54:01.840+0000] {processor.py:161} INFO - Started process (PID=541) to work on /opt/airflow/dags/news_sentiment_dag.py
[2025-08-04T21:54:01.844+0000] {processor.py:830} INFO - Processing file /opt/airflow/dags/news_sentiment_dag.py for tasks to queue
[2025-08-04T21:54:01.847+0000] {logging_mixin.py:188} INFO - [2025-08-04T21:54:01.844+0000] {dagbag.py:538} INFO - Filling up the DagBag from /opt/airflow/dags/news_sentiment_dag.py
[2025-08-04T21:54:02.230+0000] {processor.py:840} INFO - DAG(s) 'news_sentiment_dag' retrieved from /opt/airflow/dags/news_sentiment_dag.py
[2025-08-04T21:54:02.261+0000] {logging_mixin.py:188} INFO - [2025-08-04T21:54:02.260+0000] {dag.py:3033} INFO - Sync 1 DAGs
[2025-08-04T21:54:02.289+0000] {logging_mixin.py:188} INFO - [2025-08-04T21:54:02.288+0000] {dag.py:3820} INFO - Setting next_dagrun for news_sentiment_dag to 2025-08-04T21:30:00+00:00, run_after=2025-08-04T21:45:00+00:00
[2025-08-04T21:54:02.326+0000] {processor.py:183} INFO - Processing /opt/airflow/dags/news_sentiment_dag.py took 0.513 seconds
[2025-08-04T21:54:39.408+0000] {processor.py:161} INFO - Started process (PID=167) to work on /opt/airflow/dags/news_sentiment_dag.py
[2025-08-04T21:54:39.410+0000] {processor.py:830} INFO - Processing file /opt/airflow/dags/news_sentiment_dag.py for tasks to queue
[2025-08-04T21:54:39.412+0000] {logging_mixin.py:188} INFO - [2025-08-04T21:54:39.412+0000] {dagbag.py:538} INFO - Filling up the DagBag from /opt/airflow/dags/news_sentiment_dag.py
[2025-08-04T21:54:39.631+0000] {processor.py:840} INFO - DAG(s) 'news_sentiment_dag' retrieved from /opt/airflow/dags/news_sentiment_dag.py
[2025-08-04T21:54:39.656+0000] {logging_mixin.py:188} INFO - [2025-08-04T21:54:39.656+0000] {dag.py:3033} INFO - Sync 1 DAGs
[2025-08-04T21:54:39.672+0000] {logging_mixin.py:188} INFO - [2025-08-04T21:54:39.672+0000] {dag.py:3820} INFO - Setting next_dagrun for news_sentiment_dag to 2025-08-04T21:30:00+00:00, run_after=2025-08-04T21:45:00+00:00
[2025-08-04T21:54:39.683+0000] {processor.py:183} INFO - Processing /opt/airflow/dags/news_sentiment_dag.py took 0.280 seconds
[2025-08-04T21:55:10.360+0000] {processor.py:161} INFO - Started process (PID=183) to work on /opt/airflow/dags/news_sentiment_dag.py
[2025-08-04T21:55:10.361+0000] {processor.py:830} INFO - Processing file /opt/airflow/dags/news_sentiment_dag.py for tasks to queue
[2025-08-04T21:55:10.363+0000] {logging_mixin.py:188} INFO - [2025-08-04T21:55:10.363+0000] {dagbag.py:538} INFO - Filling up the DagBag from /opt/airflow/dags/news_sentiment_dag.py
[2025-08-04T21:55:10.510+0000] {processor.py:840} INFO - DAG(s) 'news_sentiment_dag' retrieved from /opt/airflow/dags/news_sentiment_dag.py
[2025-08-04T21:55:10.707+0000] {logging_mixin.py:188} INFO - [2025-08-04T21:55:10.707+0000] {dag.py:3033} INFO - Sync 1 DAGs
[2025-08-04T21:55:10.721+0000] {logging_mixin.py:188} INFO - [2025-08-04T21:55:10.721+0000] {dag.py:3820} INFO - Setting next_dagrun for news_sentiment_dag to 2025-08-04T21:30:00+00:00, run_after=2025-08-04T21:45:00+00:00
[2025-08-04T21:55:10.732+0000] {processor.py:183} INFO - Processing /opt/airflow/dags/news_sentiment_dag.py took 0.380 seconds
[2025-08-04T21:55:41.092+0000] {processor.py:161} INFO - Started process (PID=197) to work on /opt/airflow/dags/news_sentiment_dag.py
[2025-08-04T21:55:41.094+0000] {processor.py:830} INFO - Processing file /opt/airflow/dags/news_sentiment_dag.py for tasks to queue
[2025-08-04T21:55:41.095+0000] {logging_mixin.py:188} INFO - [2025-08-04T21:55:41.095+0000] {dagbag.py:538} INFO - Filling up the DagBag from /opt/airflow/dags/news_sentiment_dag.py
[2025-08-04T21:55:41.211+0000] {processor.py:840} INFO - DAG(s) 'news_sentiment_dag' retrieved from /opt/airflow/dags/news_sentiment_dag.py
[2025-08-04T21:55:41.242+0000] {logging_mixin.py:188} INFO - [2025-08-04T21:55:41.241+0000] {dag.py:3033} INFO - Sync 1 DAGs
[2025-08-04T21:55:41.256+0000] {logging_mixin.py:188} INFO - [2025-08-04T21:55:41.256+0000] {dag.py:3820} INFO - Setting next_dagrun for news_sentiment_dag to 2025-08-04T21:30:00+00:00, run_after=2025-08-04T21:45:00+00:00
[2025-08-04T21:55:41.266+0000] {processor.py:183} INFO - Processing /opt/airflow/dags/news_sentiment_dag.py took 0.181 seconds
[2025-08-04T21:56:11.815+0000] {processor.py:161} INFO - Started process (PID=215) to work on /opt/airflow/dags/news_sentiment_dag.py
[2025-08-04T21:56:11.816+0000] {processor.py:830} INFO - Processing file /opt/airflow/dags/news_sentiment_dag.py for tasks to queue
[2025-08-04T21:56:11.817+0000] {logging_mixin.py:188} INFO - [2025-08-04T21:56:11.817+0000] {dagbag.py:538} INFO - Filling up the DagBag from /opt/airflow/dags/news_sentiment_dag.py
[2025-08-04T21:56:11.925+0000] {processor.py:840} INFO - DAG(s) 'news_sentiment_dag' retrieved from /opt/airflow/dags/news_sentiment_dag.py
[2025-08-04T21:56:11.956+0000] {logging_mixin.py:188} INFO - [2025-08-04T21:56:11.956+0000] {dag.py:3033} INFO - Sync 1 DAGs
[2025-08-04T21:56:11.971+0000] {logging_mixin.py:188} INFO - [2025-08-04T21:56:11.971+0000] {dag.py:3820} INFO - Setting next_dagrun for news_sentiment_dag to 2025-08-04T21:30:00+00:00, run_after=2025-08-04T21:45:00+00:00
[2025-08-04T21:56:11.980+0000] {processor.py:183} INFO - Processing /opt/airflow/dags/news_sentiment_dag.py took 0.170 seconds
[2025-08-04T21:56:42.492+0000] {processor.py:161} INFO - Started process (PID=231) to work on /opt/airflow/dags/news_sentiment_dag.py
[2025-08-04T21:56:42.494+0000] {processor.py:830} INFO - Processing file /opt/airflow/dags/news_sentiment_dag.py for tasks to queue
[2025-08-04T21:56:42.496+0000] {logging_mixin.py:188} INFO - [2025-08-04T21:56:42.495+0000] {dagbag.py:538} INFO - Filling up the DagBag from /opt/airflow/dags/news_sentiment_dag.py
[2025-08-04T21:56:42.607+0000] {processor.py:840} INFO - DAG(s) 'news_sentiment_dag' retrieved from /opt/airflow/dags/news_sentiment_dag.py
[2025-08-04T21:56:42.642+0000] {logging_mixin.py:188} INFO - [2025-08-04T21:56:42.642+0000] {dag.py:3033} INFO - Sync 1 DAGs
[2025-08-04T21:56:42.656+0000] {logging_mixin.py:188} INFO - [2025-08-04T21:56:42.656+0000] {dag.py:3820} INFO - Setting next_dagrun for news_sentiment_dag to 2025-08-04T21:30:00+00:00, run_after=2025-08-04T21:45:00+00:00
[2025-08-04T21:56:42.667+0000] {processor.py:183} INFO - Processing /opt/airflow/dags/news_sentiment_dag.py took 0.179 seconds
[2025-08-04T21:57:13.378+0000] {processor.py:161} INFO - Started process (PID=247) to work on /opt/airflow/dags/news_sentiment_dag.py
[2025-08-04T21:57:13.382+0000] {processor.py:830} INFO - Processing file /opt/airflow/dags/news_sentiment_dag.py for tasks to queue
[2025-08-04T21:57:13.388+0000] {logging_mixin.py:188} INFO - [2025-08-04T21:57:13.386+0000] {dagbag.py:538} INFO - Filling up the DagBag from /opt/airflow/dags/news_sentiment_dag.py
[2025-08-04T21:57:13.768+0000] {processor.py:840} INFO - DAG(s) 'news_sentiment_dag' retrieved from /opt/airflow/dags/news_sentiment_dag.py
[2025-08-04T21:57:13.846+0000] {logging_mixin.py:188} INFO - [2025-08-04T21:57:13.846+0000] {dag.py:3033} INFO - Sync 1 DAGs
[2025-08-04T21:57:13.877+0000] {logging_mixin.py:188} INFO - [2025-08-04T21:57:13.876+0000] {dag.py:3820} INFO - Setting next_dagrun for news_sentiment_dag to 2025-08-04T21:30:00+00:00, run_after=2025-08-04T21:45:00+00:00
[2025-08-04T21:57:13.894+0000] {processor.py:183} INFO - Processing /opt/airflow/dags/news_sentiment_dag.py took 0.556 seconds
[2025-08-04T21:57:44.473+0000] {processor.py:161} INFO - Started process (PID=263) to work on /opt/airflow/dags/news_sentiment_dag.py
[2025-08-04T21:57:44.475+0000] {processor.py:830} INFO - Processing file /opt/airflow/dags/news_sentiment_dag.py for tasks to queue
[2025-08-04T21:57:44.476+0000] {logging_mixin.py:188} INFO - [2025-08-04T21:57:44.476+0000] {dagbag.py:538} INFO - Filling up the DagBag from /opt/airflow/dags/news_sentiment_dag.py
[2025-08-04T21:57:44.587+0000] {processor.py:840} INFO - DAG(s) 'news_sentiment_dag' retrieved from /opt/airflow/dags/news_sentiment_dag.py
[2025-08-04T21:57:44.619+0000] {logging_mixin.py:188} INFO - [2025-08-04T21:57:44.619+0000] {dag.py:3033} INFO - Sync 1 DAGs
[2025-08-04T21:57:44.636+0000] {logging_mixin.py:188} INFO - [2025-08-04T21:57:44.636+0000] {dag.py:3820} INFO - Setting next_dagrun for news_sentiment_dag to 2025-08-04T21:30:00+00:00, run_after=2025-08-04T21:45:00+00:00
[2025-08-04T21:57:44.646+0000] {processor.py:183} INFO - Processing /opt/airflow/dags/news_sentiment_dag.py took 0.179 seconds
[2025-08-04T22:05:53.676+0000] {processor.py:161} INFO - Started process (PID=164) to work on /opt/airflow/dags/news_sentiment_dag.py
[2025-08-04T22:05:53.677+0000] {processor.py:830} INFO - Processing file /opt/airflow/dags/news_sentiment_dag.py for tasks to queue
[2025-08-04T22:05:53.678+0000] {logging_mixin.py:188} INFO - [2025-08-04T22:05:53.678+0000] {dagbag.py:538} INFO - Filling up the DagBag from /opt/airflow/dags/news_sentiment_dag.py
[2025-08-04T22:05:53.901+0000] {processor.py:840} INFO - DAG(s) 'news_sentiment_dag' retrieved from /opt/airflow/dags/news_sentiment_dag.py
[2025-08-04T22:05:53.918+0000] {logging_mixin.py:188} INFO - [2025-08-04T22:05:53.918+0000] {dag.py:3033} INFO - Sync 1 DAGs
[2025-08-04T22:05:53.940+0000] {logging_mixin.py:188} INFO - [2025-08-04T22:05:53.939+0000] {dag.py:3820} INFO - Setting next_dagrun for news_sentiment_dag to 2025-08-04T21:45:00+00:00, run_after=2025-08-04T22:00:00+00:00
[2025-08-04T22:05:53.955+0000] {processor.py:183} INFO - Processing /opt/airflow/dags/news_sentiment_dag.py took 0.286 seconds
[2025-08-04T22:06:24.625+0000] {processor.py:161} INFO - Started process (PID=180) to work on /opt/airflow/dags/news_sentiment_dag.py
[2025-08-04T22:06:24.627+0000] {processor.py:830} INFO - Processing file /opt/airflow/dags/news_sentiment_dag.py for tasks to queue
[2025-08-04T22:06:24.629+0000] {logging_mixin.py:188} INFO - [2025-08-04T22:06:24.628+0000] {dagbag.py:538} INFO - Filling up the DagBag from /opt/airflow/dags/news_sentiment_dag.py
[2025-08-04T22:06:24.796+0000] {processor.py:840} INFO - DAG(s) 'news_sentiment_dag' retrieved from /opt/airflow/dags/news_sentiment_dag.py
[2025-08-04T22:06:25.034+0000] {logging_mixin.py:188} INFO - [2025-08-04T22:06:25.034+0000] {dag.py:3033} INFO - Sync 1 DAGs
[2025-08-04T22:06:25.050+0000] {logging_mixin.py:188} INFO - [2025-08-04T22:06:25.050+0000] {dag.py:3820} INFO - Setting next_dagrun for news_sentiment_dag to 2025-08-04T21:45:00+00:00, run_after=2025-08-04T22:00:00+00:00
[2025-08-04T22:06:25.066+0000] {processor.py:183} INFO - Processing /opt/airflow/dags/news_sentiment_dag.py took 0.454 seconds
[2025-08-04T22:06:55.501+0000] {processor.py:161} INFO - Started process (PID=198) to work on /opt/airflow/dags/news_sentiment_dag.py
[2025-08-04T22:06:55.502+0000] {processor.py:830} INFO - Processing file /opt/airflow/dags/news_sentiment_dag.py for tasks to queue
[2025-08-04T22:06:55.504+0000] {logging_mixin.py:188} INFO - [2025-08-04T22:06:55.504+0000] {dagbag.py:538} INFO - Filling up the DagBag from /opt/airflow/dags/news_sentiment_dag.py
[2025-08-04T22:06:55.613+0000] {processor.py:840} INFO - DAG(s) 'news_sentiment_dag' retrieved from /opt/airflow/dags/news_sentiment_dag.py
[2025-08-04T22:06:55.682+0000] {logging_mixin.py:188} INFO - [2025-08-04T22:06:55.682+0000] {dag.py:3033} INFO - Sync 1 DAGs
[2025-08-04T22:06:55.732+0000] {logging_mixin.py:188} INFO - [2025-08-04T22:06:55.732+0000] {dag.py:3820} INFO - Setting next_dagrun for news_sentiment_dag to 2025-08-04T21:45:00+00:00, run_after=2025-08-04T22:00:00+00:00
[2025-08-04T22:06:55.755+0000] {processor.py:183} INFO - Processing /opt/airflow/dags/news_sentiment_dag.py took 0.255 seconds
[2025-08-04T22:07:26.340+0000] {processor.py:161} INFO - Started process (PID=214) to work on /opt/airflow/dags/news_sentiment_dag.py
[2025-08-04T22:07:26.342+0000] {processor.py:830} INFO - Processing file /opt/airflow/dags/news_sentiment_dag.py for tasks to queue
[2025-08-04T22:07:26.344+0000] {logging_mixin.py:188} INFO - [2025-08-04T22:07:26.343+0000] {dagbag.py:538} INFO - Filling up the DagBag from /opt/airflow/dags/news_sentiment_dag.py
[2025-08-04T22:07:26.458+0000] {processor.py:840} INFO - DAG(s) 'news_sentiment_dag' retrieved from /opt/airflow/dags/news_sentiment_dag.py
[2025-08-04T22:07:26.489+0000] {logging_mixin.py:188} INFO - [2025-08-04T22:07:26.489+0000] {dag.py:3033} INFO - Sync 1 DAGs
[2025-08-04T22:07:26.506+0000] {logging_mixin.py:188} INFO - [2025-08-04T22:07:26.506+0000] {dag.py:3820} INFO - Setting next_dagrun for news_sentiment_dag to 2025-08-04T21:45:00+00:00, run_after=2025-08-04T22:00:00+00:00
[2025-08-04T22:07:26.522+0000] {processor.py:183} INFO - Processing /opt/airflow/dags/news_sentiment_dag.py took 0.189 seconds
[2025-08-04T22:07:57.118+0000] {processor.py:161} INFO - Started process (PID=230) to work on /opt/airflow/dags/news_sentiment_dag.py
[2025-08-04T22:07:57.119+0000] {processor.py:830} INFO - Processing file /opt/airflow/dags/news_sentiment_dag.py for tasks to queue
[2025-08-04T22:07:57.121+0000] {logging_mixin.py:188} INFO - [2025-08-04T22:07:57.120+0000] {dagbag.py:538} INFO - Filling up the DagBag from /opt/airflow/dags/news_sentiment_dag.py
[2025-08-04T22:07:57.295+0000] {processor.py:840} INFO - DAG(s) 'news_sentiment_dag' retrieved from /opt/airflow/dags/news_sentiment_dag.py
[2025-08-04T22:07:57.356+0000] {logging_mixin.py:188} INFO - [2025-08-04T22:07:57.356+0000] {dag.py:3033} INFO - Sync 1 DAGs
[2025-08-04T22:07:57.388+0000] {logging_mixin.py:188} INFO - [2025-08-04T22:07:57.388+0000] {dag.py:3820} INFO - Setting next_dagrun for news_sentiment_dag to 2025-08-04T21:45:00+00:00, run_after=2025-08-04T22:00:00+00:00
[2025-08-04T22:07:57.410+0000] {processor.py:183} INFO - Processing /opt/airflow/dags/news_sentiment_dag.py took 0.298 seconds
[2025-08-04T22:08:27.872+0000] {processor.py:161} INFO - Started process (PID=246) to work on /opt/airflow/dags/news_sentiment_dag.py
[2025-08-04T22:08:27.873+0000] {processor.py:830} INFO - Processing file /opt/airflow/dags/news_sentiment_dag.py for tasks to queue
[2025-08-04T22:08:27.874+0000] {logging_mixin.py:188} INFO - [2025-08-04T22:08:27.873+0000] {dagbag.py:538} INFO - Filling up the DagBag from /opt/airflow/dags/news_sentiment_dag.py
[2025-08-04T22:08:28.064+0000] {processor.py:840} INFO - DAG(s) 'news_sentiment_dag' retrieved from /opt/airflow/dags/news_sentiment_dag.py
[2025-08-04T22:08:28.111+0000] {logging_mixin.py:188} INFO - [2025-08-04T22:08:28.111+0000] {dag.py:3033} INFO - Sync 1 DAGs
[2025-08-04T22:08:28.148+0000] {logging_mixin.py:188} INFO - [2025-08-04T22:08:28.148+0000] {dag.py:3820} INFO - Setting next_dagrun for news_sentiment_dag to 2025-08-04T21:45:00+00:00, run_after=2025-08-04T22:00:00+00:00
[2025-08-04T22:08:28.173+0000] {processor.py:183} INFO - Processing /opt/airflow/dags/news_sentiment_dag.py took 0.305 seconds
[2025-08-04T22:08:58.717+0000] {processor.py:161} INFO - Started process (PID=260) to work on /opt/airflow/dags/news_sentiment_dag.py
[2025-08-04T22:08:58.726+0000] {processor.py:830} INFO - Processing file /opt/airflow/dags/news_sentiment_dag.py for tasks to queue
[2025-08-04T22:08:58.729+0000] {logging_mixin.py:188} INFO - [2025-08-04T22:08:58.729+0000] {dagbag.py:538} INFO - Filling up the DagBag from /opt/airflow/dags/news_sentiment_dag.py
[2025-08-04T22:08:59.026+0000] {processor.py:840} INFO - DAG(s) 'news_sentiment_dag' retrieved from /opt/airflow/dags/news_sentiment_dag.py
[2025-08-04T22:08:59.078+0000] {logging_mixin.py:188} INFO - [2025-08-04T22:08:59.078+0000] {dag.py:3033} INFO - Sync 1 DAGs
[2025-08-04T22:08:59.125+0000] {logging_mixin.py:188} INFO - [2025-08-04T22:08:59.125+0000] {dag.py:3820} INFO - Setting next_dagrun for news_sentiment_dag to 2025-08-04T21:45:00+00:00, run_after=2025-08-04T22:00:00+00:00
[2025-08-04T22:08:59.156+0000] {processor.py:183} INFO - Processing /opt/airflow/dags/news_sentiment_dag.py took 0.477 seconds
[2025-08-04T22:09:33.413+0000] {processor.py:161} INFO - Started process (PID=167) to work on /opt/airflow/dags/news_sentiment_dag.py
[2025-08-04T22:09:33.415+0000] {processor.py:830} INFO - Processing file /opt/airflow/dags/news_sentiment_dag.py for tasks to queue
[2025-08-04T22:09:33.417+0000] {logging_mixin.py:188} INFO - [2025-08-04T22:09:33.416+0000] {dagbag.py:538} INFO - Filling up the DagBag from /opt/airflow/dags/news_sentiment_dag.py
[2025-08-04T22:09:33.788+0000] {processor.py:840} INFO - DAG(s) 'news_sentiment_dag' retrieved from /opt/airflow/dags/news_sentiment_dag.py
[2025-08-04T22:09:33.826+0000] {logging_mixin.py:188} INFO - [2025-08-04T22:09:33.826+0000] {dag.py:3033} INFO - Sync 1 DAGs
[2025-08-04T22:09:33.855+0000] {logging_mixin.py:188} INFO - [2025-08-04T22:09:33.855+0000] {dag.py:3820} INFO - Setting next_dagrun for news_sentiment_dag to 2025-08-04T21:45:00+00:00, run_after=2025-08-04T22:00:00+00:00
[2025-08-04T22:09:33.878+0000] {processor.py:183} INFO - Processing /opt/airflow/dags/news_sentiment_dag.py took 0.469 seconds
[2025-08-04T22:10:04.662+0000] {processor.py:161} INFO - Started process (PID=182) to work on /opt/airflow/dags/news_sentiment_dag.py
[2025-08-04T22:10:04.665+0000] {processor.py:830} INFO - Processing file /opt/airflow/dags/news_sentiment_dag.py for tasks to queue
[2025-08-04T22:10:04.666+0000] {logging_mixin.py:188} INFO - [2025-08-04T22:10:04.665+0000] {dagbag.py:538} INFO - Filling up the DagBag from /opt/airflow/dags/news_sentiment_dag.py
[2025-08-04T22:10:04.841+0000] {processor.py:840} INFO - DAG(s) 'news_sentiment_dag' retrieved from /opt/airflow/dags/news_sentiment_dag.py
[2025-08-04T22:10:05.113+0000] {logging_mixin.py:188} INFO - [2025-08-04T22:10:05.113+0000] {dag.py:3033} INFO - Sync 1 DAGs
[2025-08-04T22:10:05.132+0000] {logging_mixin.py:188} INFO - [2025-08-04T22:10:05.132+0000] {dag.py:3820} INFO - Setting next_dagrun for news_sentiment_dag to 2025-08-04T21:45:00+00:00, run_after=2025-08-04T22:00:00+00:00
[2025-08-04T22:10:05.152+0000] {processor.py:183} INFO - Processing /opt/airflow/dags/news_sentiment_dag.py took 0.501 seconds
[2025-08-04T22:10:35.804+0000] {processor.py:161} INFO - Started process (PID=199) to work on /opt/airflow/dags/news_sentiment_dag.py
[2025-08-04T22:10:35.806+0000] {processor.py:830} INFO - Processing file /opt/airflow/dags/news_sentiment_dag.py for tasks to queue
[2025-08-04T22:10:35.807+0000] {logging_mixin.py:188} INFO - [2025-08-04T22:10:35.806+0000] {dagbag.py:538} INFO - Filling up the DagBag from /opt/airflow/dags/news_sentiment_dag.py
[2025-08-04T22:10:35.954+0000] {processor.py:840} INFO - DAG(s) 'news_sentiment_dag' retrieved from /opt/airflow/dags/news_sentiment_dag.py
[2025-08-04T22:10:35.985+0000] {logging_mixin.py:188} INFO - [2025-08-04T22:10:35.985+0000] {dag.py:3033} INFO - Sync 1 DAGs
[2025-08-04T22:10:36.019+0000] {logging_mixin.py:188} INFO - [2025-08-04T22:10:36.019+0000] {dag.py:3820} INFO - Setting next_dagrun for news_sentiment_dag to 2025-08-04T21:45:00+00:00, run_after=2025-08-04T22:00:00+00:00
[2025-08-04T22:10:36.031+0000] {processor.py:183} INFO - Processing /opt/airflow/dags/news_sentiment_dag.py took 0.233 seconds
[2025-08-04T22:11:06.554+0000] {processor.py:161} INFO - Started process (PID=215) to work on /opt/airflow/dags/news_sentiment_dag.py
[2025-08-04T22:11:06.555+0000] {processor.py:830} INFO - Processing file /opt/airflow/dags/news_sentiment_dag.py for tasks to queue
[2025-08-04T22:11:06.557+0000] {logging_mixin.py:188} INFO - [2025-08-04T22:11:06.557+0000] {dagbag.py:538} INFO - Filling up the DagBag from /opt/airflow/dags/news_sentiment_dag.py
[2025-08-04T22:11:06.688+0000] {processor.py:840} INFO - DAG(s) 'news_sentiment_dag' retrieved from /opt/airflow/dags/news_sentiment_dag.py
[2025-08-04T22:11:06.723+0000] {logging_mixin.py:188} INFO - [2025-08-04T22:11:06.723+0000] {dag.py:3033} INFO - Sync 1 DAGs
[2025-08-04T22:11:06.760+0000] {logging_mixin.py:188} INFO - [2025-08-04T22:11:06.760+0000] {dag.py:3820} INFO - Setting next_dagrun for news_sentiment_dag to 2025-08-04T21:45:00+00:00, run_after=2025-08-04T22:00:00+00:00
[2025-08-04T22:11:06.774+0000] {processor.py:183} INFO - Processing /opt/airflow/dags/news_sentiment_dag.py took 0.227 seconds
[2025-08-04T22:11:37.377+0000] {processor.py:161} INFO - Started process (PID=231) to work on /opt/airflow/dags/news_sentiment_dag.py
[2025-08-04T22:11:37.378+0000] {processor.py:830} INFO - Processing file /opt/airflow/dags/news_sentiment_dag.py for tasks to queue
[2025-08-04T22:11:37.382+0000] {logging_mixin.py:188} INFO - [2025-08-04T22:11:37.381+0000] {dagbag.py:538} INFO - Filling up the DagBag from /opt/airflow/dags/news_sentiment_dag.py
[2025-08-04T22:11:37.513+0000] {processor.py:840} INFO - DAG(s) 'news_sentiment_dag' retrieved from /opt/airflow/dags/news_sentiment_dag.py
[2025-08-04T22:11:37.554+0000] {logging_mixin.py:188} INFO - [2025-08-04T22:11:37.554+0000] {dag.py:3033} INFO - Sync 1 DAGs
[2025-08-04T22:11:37.572+0000] {logging_mixin.py:188} INFO - [2025-08-04T22:11:37.572+0000] {dag.py:3820} INFO - Setting next_dagrun for news_sentiment_dag to 2025-08-04T21:45:00+00:00, run_after=2025-08-04T22:00:00+00:00
[2025-08-04T22:11:37.582+0000] {processor.py:183} INFO - Processing /opt/airflow/dags/news_sentiment_dag.py took 0.209 seconds
[2025-08-04T22:12:08.160+0000] {processor.py:161} INFO - Started process (PID=247) to work on /opt/airflow/dags/news_sentiment_dag.py
[2025-08-04T22:12:08.161+0000] {processor.py:830} INFO - Processing file /opt/airflow/dags/news_sentiment_dag.py for tasks to queue
[2025-08-04T22:12:08.161+0000] {logging_mixin.py:188} INFO - [2025-08-04T22:12:08.161+0000] {dagbag.py:538} INFO - Filling up the DagBag from /opt/airflow/dags/news_sentiment_dag.py
[2025-08-04T22:12:08.275+0000] {processor.py:840} INFO - DAG(s) 'news_sentiment_dag' retrieved from /opt/airflow/dags/news_sentiment_dag.py
[2025-08-04T22:12:08.308+0000] {logging_mixin.py:188} INFO - [2025-08-04T22:12:08.308+0000] {dag.py:3033} INFO - Sync 1 DAGs
[2025-08-04T22:12:08.325+0000] {logging_mixin.py:188} INFO - [2025-08-04T22:12:08.324+0000] {dag.py:3820} INFO - Setting next_dagrun for news_sentiment_dag to 2025-08-04T21:45:00+00:00, run_after=2025-08-04T22:00:00+00:00
[2025-08-04T22:12:08.337+0000] {processor.py:183} INFO - Processing /opt/airflow/dags/news_sentiment_dag.py took 0.180 seconds
[2025-08-04T22:19:50.427+0000] {processor.py:161} INFO - Started process (PID=487) to work on /opt/airflow/dags/news_sentiment_dag.py
[2025-08-04T22:19:50.428+0000] {processor.py:830} INFO - Processing file /opt/airflow/dags/news_sentiment_dag.py for tasks to queue
[2025-08-04T22:19:50.431+0000] {logging_mixin.py:188} INFO - [2025-08-04T22:19:50.430+0000] {dagbag.py:538} INFO - Filling up the DagBag from /opt/airflow/dags/news_sentiment_dag.py
[2025-08-04T22:19:50.562+0000] {processor.py:840} INFO - DAG(s) 'news_sentiment_dag' retrieved from /opt/airflow/dags/news_sentiment_dag.py
[2025-08-04T22:19:50.598+0000] {logging_mixin.py:188} INFO - [2025-08-04T22:19:50.598+0000] {dag.py:3033} INFO - Sync 1 DAGs
[2025-08-04T22:19:50.618+0000] {logging_mixin.py:188} INFO - [2025-08-04T22:19:50.618+0000] {dag.py:3820} INFO - Setting next_dagrun for news_sentiment_dag to 2025-08-04T22:00:00+00:00, run_after=2025-08-04T22:15:00+00:00
[2025-08-04T22:19:50.627+0000] {processor.py:183} INFO - Processing /opt/airflow/dags/news_sentiment_dag.py took 0.206 seconds
[2025-08-04T22:20:21.168+0000] {processor.py:161} INFO - Started process (PID=503) to work on /opt/airflow/dags/news_sentiment_dag.py
[2025-08-04T22:20:21.170+0000] {processor.py:830} INFO - Processing file /opt/airflow/dags/news_sentiment_dag.py for tasks to queue
[2025-08-04T22:20:21.172+0000] {logging_mixin.py:188} INFO - [2025-08-04T22:20:21.171+0000] {dagbag.py:538} INFO - Filling up the DagBag from /opt/airflow/dags/news_sentiment_dag.py
[2025-08-04T22:20:21.305+0000] {processor.py:840} INFO - DAG(s) 'news_sentiment_dag' retrieved from /opt/airflow/dags/news_sentiment_dag.py
[2025-08-04T22:20:21.333+0000] {logging_mixin.py:188} INFO - [2025-08-04T22:20:21.332+0000] {dag.py:3033} INFO - Sync 1 DAGs
[2025-08-04T22:20:21.357+0000] {logging_mixin.py:188} INFO - [2025-08-04T22:20:21.357+0000] {dag.py:3820} INFO - Setting next_dagrun for news_sentiment_dag to 2025-08-04T22:00:00+00:00, run_after=2025-08-04T22:15:00+00:00
[2025-08-04T22:20:21.375+0000] {processor.py:183} INFO - Processing /opt/airflow/dags/news_sentiment_dag.py took 0.215 seconds
[2025-08-04T22:20:51.854+0000] {processor.py:161} INFO - Started process (PID=519) to work on /opt/airflow/dags/news_sentiment_dag.py
[2025-08-04T22:20:51.855+0000] {processor.py:830} INFO - Processing file /opt/airflow/dags/news_sentiment_dag.py for tasks to queue
[2025-08-04T22:20:51.856+0000] {logging_mixin.py:188} INFO - [2025-08-04T22:20:51.856+0000] {dagbag.py:538} INFO - Filling up the DagBag from /opt/airflow/dags/news_sentiment_dag.py
[2025-08-04T22:20:52.072+0000] {processor.py:840} INFO - DAG(s) 'news_sentiment_dag' retrieved from /opt/airflow/dags/news_sentiment_dag.py
[2025-08-04T22:20:52.110+0000] {logging_mixin.py:188} INFO - [2025-08-04T22:20:52.110+0000] {dag.py:3033} INFO - Sync 1 DAGs
[2025-08-04T22:20:52.132+0000] {logging_mixin.py:188} INFO - [2025-08-04T22:20:52.131+0000] {dag.py:3820} INFO - Setting next_dagrun for news_sentiment_dag to 2025-08-04T22:00:00+00:00, run_after=2025-08-04T22:15:00+00:00
[2025-08-04T22:20:52.148+0000] {processor.py:183} INFO - Processing /opt/airflow/dags/news_sentiment_dag.py took 0.302 seconds
[2025-08-04T22:54:23.157+0000] {processor.py:161} INFO - Started process (PID=535) to work on /opt/airflow/dags/news_sentiment_dag.py
[2025-08-04T22:54:23.170+0000] {processor.py:830} INFO - Processing file /opt/airflow/dags/news_sentiment_dag.py for tasks to queue
[2025-08-04T22:54:23.180+0000] {logging_mixin.py:188} INFO - [2025-08-04T22:54:23.177+0000] {dagbag.py:538} INFO - Filling up the DagBag from /opt/airflow/dags/news_sentiment_dag.py
[2025-08-04T22:54:23.610+0000] {processor.py:840} INFO - DAG(s) 'news_sentiment_dag' retrieved from /opt/airflow/dags/news_sentiment_dag.py
[2025-08-04T22:54:23.662+0000] {logging_mixin.py:188} INFO - [2025-08-04T22:54:23.661+0000] {dag.py:3033} INFO - Sync 1 DAGs
[2025-08-04T22:54:23.692+0000] {logging_mixin.py:188} INFO - [2025-08-04T22:54:23.691+0000] {dag.py:3820} INFO - Setting next_dagrun for news_sentiment_dag to 2025-08-04T22:30:00+00:00, run_after=2025-08-04T22:45:00+00:00
[2025-08-04T22:54:23.711+0000] {processor.py:183} INFO - Processing /opt/airflow/dags/news_sentiment_dag.py took 0.579 seconds
