[2025-08-04T21:33:51.033+0000] {processor.py:161} INFO - Started process (PID=230) to work on /opt/airflow/dags/stock_data_dag.py
[2025-08-04T21:33:51.068+0000] {processor.py:830} INFO - Processing file /opt/airflow/dags/stock_data_dag.py for tasks to queue
[2025-08-04T21:33:51.075+0000] {logging_mixin.py:188} INFO - [2025-08-04T21:33:51.072+0000] {dagbag.py:538} INFO - Filling up the DagBag from /opt/airflow/dags/stock_data_dag.py
[2025-08-04T21:33:55.908+0000] {processor.py:840} INFO - DAG(s) 'stock_data_dag' retrieved from /opt/airflow/dags/stock_data_dag.py
[2025-08-04T21:33:56.792+0000] {logging_mixin.py:188} INFO - [2025-08-04T21:33:56.792+0000] {dag.py:3033} INFO - Sync 1 DAGs
[2025-08-04T21:33:56.878+0000] {logging_mixin.py:188} INFO - [2025-08-04T21:33:56.878+0000] {dag.py:3820} INFO - Setting next_dagrun for stock_data_dag to 2025-08-04T21:00:00+00:00, run_after=2025-08-04T22:00:00+00:00
[2025-08-04T21:33:56.988+0000] {processor.py:183} INFO - Processing /opt/airflow/dags/stock_data_dag.py took 6.071 seconds
[2025-08-04T21:34:27.761+0000] {processor.py:161} INFO - Started process (PID=277) to work on /opt/airflow/dags/stock_data_dag.py
[2025-08-04T21:34:27.762+0000] {processor.py:830} INFO - Processing file /opt/airflow/dags/stock_data_dag.py for tasks to queue
[2025-08-04T21:34:27.765+0000] {logging_mixin.py:188} INFO - [2025-08-04T21:34:27.764+0000] {dagbag.py:538} INFO - Filling up the DagBag from /opt/airflow/dags/stock_data_dag.py
[2025-08-04T21:34:27.931+0000] {processor.py:840} INFO - DAG(s) 'stock_data_dag' retrieved from /opt/airflow/dags/stock_data_dag.py
[2025-08-04T21:34:27.957+0000] {logging_mixin.py:188} INFO - [2025-08-04T21:34:27.957+0000] {dag.py:3033} INFO - Sync 1 DAGs
[2025-08-04T21:34:27.973+0000] {logging_mixin.py:188} INFO - [2025-08-04T21:34:27.973+0000] {dag.py:3820} INFO - Setting next_dagrun for stock_data_dag to 2025-08-04T21:00:00+00:00, run_after=2025-08-04T22:00:00+00:00
[2025-08-04T21:34:27.989+0000] {processor.py:183} INFO - Processing /opt/airflow/dags/stock_data_dag.py took 0.232 seconds
[2025-08-04T21:34:58.325+0000] {processor.py:161} INFO - Started process (PID=292) to work on /opt/airflow/dags/stock_data_dag.py
[2025-08-04T21:34:58.329+0000] {processor.py:830} INFO - Processing file /opt/airflow/dags/stock_data_dag.py for tasks to queue
[2025-08-04T21:34:58.330+0000] {logging_mixin.py:188} INFO - [2025-08-04T21:34:58.330+0000] {dagbag.py:538} INFO - Filling up the DagBag from /opt/airflow/dags/stock_data_dag.py
[2025-08-04T21:34:58.465+0000] {processor.py:840} INFO - DAG(s) 'stock_data_dag' retrieved from /opt/airflow/dags/stock_data_dag.py
[2025-08-04T21:34:58.483+0000] {logging_mixin.py:188} INFO - [2025-08-04T21:34:58.483+0000] {dag.py:3033} INFO - Sync 1 DAGs
[2025-08-04T21:34:58.504+0000] {logging_mixin.py:188} INFO - [2025-08-04T21:34:58.504+0000] {dag.py:3820} INFO - Setting next_dagrun for stock_data_dag to 2025-08-04T21:00:00+00:00, run_after=2025-08-04T22:00:00+00:00
[2025-08-04T21:34:58.521+0000] {processor.py:183} INFO - Processing /opt/airflow/dags/stock_data_dag.py took 0.206 seconds
[2025-08-04T21:35:28.867+0000] {processor.py:161} INFO - Started process (PID=306) to work on /opt/airflow/dags/stock_data_dag.py
[2025-08-04T21:35:28.869+0000] {processor.py:830} INFO - Processing file /opt/airflow/dags/stock_data_dag.py for tasks to queue
[2025-08-04T21:35:28.872+0000] {logging_mixin.py:188} INFO - [2025-08-04T21:35:28.872+0000] {dagbag.py:538} INFO - Filling up the DagBag from /opt/airflow/dags/stock_data_dag.py
[2025-08-04T21:35:29.020+0000] {processor.py:840} INFO - DAG(s) 'stock_data_dag' retrieved from /opt/airflow/dags/stock_data_dag.py
[2025-08-04T21:35:29.047+0000] {logging_mixin.py:188} INFO - [2025-08-04T21:35:29.046+0000] {dag.py:3033} INFO - Sync 1 DAGs
[2025-08-04T21:35:29.069+0000] {logging_mixin.py:188} INFO - [2025-08-04T21:35:29.069+0000] {dag.py:3820} INFO - Setting next_dagrun for stock_data_dag to 2025-08-04T21:00:00+00:00, run_after=2025-08-04T22:00:00+00:00
[2025-08-04T21:35:29.086+0000] {processor.py:183} INFO - Processing /opt/airflow/dags/stock_data_dag.py took 0.223 seconds
[2025-08-04T21:35:59.405+0000] {processor.py:161} INFO - Started process (PID=322) to work on /opt/airflow/dags/stock_data_dag.py
[2025-08-04T21:35:59.405+0000] {processor.py:830} INFO - Processing file /opt/airflow/dags/stock_data_dag.py for tasks to queue
[2025-08-04T21:35:59.407+0000] {logging_mixin.py:188} INFO - [2025-08-04T21:35:59.407+0000] {dagbag.py:538} INFO - Filling up the DagBag from /opt/airflow/dags/stock_data_dag.py
[2025-08-04T21:35:59.547+0000] {processor.py:840} INFO - DAG(s) 'stock_data_dag' retrieved from /opt/airflow/dags/stock_data_dag.py
[2025-08-04T21:35:59.570+0000] {logging_mixin.py:188} INFO - [2025-08-04T21:35:59.570+0000] {dag.py:3033} INFO - Sync 1 DAGs
[2025-08-04T21:35:59.583+0000] {logging_mixin.py:188} INFO - [2025-08-04T21:35:59.583+0000] {dag.py:3820} INFO - Setting next_dagrun for stock_data_dag to 2025-08-04T21:00:00+00:00, run_after=2025-08-04T22:00:00+00:00
[2025-08-04T21:35:59.593+0000] {processor.py:183} INFO - Processing /opt/airflow/dags/stock_data_dag.py took 0.192 seconds
[2025-08-04T21:36:29.904+0000] {processor.py:161} INFO - Started process (PID=337) to work on /opt/airflow/dags/stock_data_dag.py
[2025-08-04T21:36:29.905+0000] {processor.py:830} INFO - Processing file /opt/airflow/dags/stock_data_dag.py for tasks to queue
[2025-08-04T21:36:29.907+0000] {logging_mixin.py:188} INFO - [2025-08-04T21:36:29.906+0000] {dagbag.py:538} INFO - Filling up the DagBag from /opt/airflow/dags/stock_data_dag.py
[2025-08-04T21:36:30.012+0000] {processor.py:840} INFO - DAG(s) 'stock_data_dag' retrieved from /opt/airflow/dags/stock_data_dag.py
[2025-08-04T21:36:30.041+0000] {logging_mixin.py:188} INFO - [2025-08-04T21:36:30.041+0000] {dag.py:3033} INFO - Sync 1 DAGs
[2025-08-04T21:36:30.054+0000] {logging_mixin.py:188} INFO - [2025-08-04T21:36:30.054+0000] {dag.py:3820} INFO - Setting next_dagrun for stock_data_dag to 2025-08-04T21:00:00+00:00, run_after=2025-08-04T22:00:00+00:00
[2025-08-04T21:36:30.067+0000] {processor.py:183} INFO - Processing /opt/airflow/dags/stock_data_dag.py took 0.170 seconds
[2025-08-04T21:37:00.451+0000] {processor.py:161} INFO - Started process (PID=352) to work on /opt/airflow/dags/stock_data_dag.py
[2025-08-04T21:37:00.454+0000] {processor.py:830} INFO - Processing file /opt/airflow/dags/stock_data_dag.py for tasks to queue
[2025-08-04T21:37:00.462+0000] {logging_mixin.py:188} INFO - [2025-08-04T21:37:00.460+0000] {dagbag.py:538} INFO - Filling up the DagBag from /opt/airflow/dags/stock_data_dag.py
[2025-08-04T21:37:00.758+0000] {processor.py:840} INFO - DAG(s) 'stock_data_dag' retrieved from /opt/airflow/dags/stock_data_dag.py
[2025-08-04T21:37:00.788+0000] {logging_mixin.py:188} INFO - [2025-08-04T21:37:00.788+0000] {dag.py:3033} INFO - Sync 1 DAGs
[2025-08-04T21:37:00.823+0000] {logging_mixin.py:188} INFO - [2025-08-04T21:37:00.823+0000] {dag.py:3820} INFO - Setting next_dagrun for stock_data_dag to 2025-08-04T21:00:00+00:00, run_after=2025-08-04T22:00:00+00:00
[2025-08-04T21:37:00.836+0000] {processor.py:183} INFO - Processing /opt/airflow/dags/stock_data_dag.py took 0.398 seconds
[2025-08-04T21:37:30.992+0000] {processor.py:161} INFO - Started process (PID=367) to work on /opt/airflow/dags/stock_data_dag.py
[2025-08-04T21:37:30.993+0000] {processor.py:830} INFO - Processing file /opt/airflow/dags/stock_data_dag.py for tasks to queue
[2025-08-04T21:37:30.994+0000] {logging_mixin.py:188} INFO - [2025-08-04T21:37:30.994+0000] {dagbag.py:538} INFO - Filling up the DagBag from /opt/airflow/dags/stock_data_dag.py
[2025-08-04T21:37:31.082+0000] {processor.py:840} INFO - DAG(s) 'stock_data_dag' retrieved from /opt/airflow/dags/stock_data_dag.py
[2025-08-04T21:37:31.103+0000] {logging_mixin.py:188} INFO - [2025-08-04T21:37:31.102+0000] {dag.py:3033} INFO - Sync 1 DAGs
[2025-08-04T21:37:31.117+0000] {logging_mixin.py:188} INFO - [2025-08-04T21:37:31.116+0000] {dag.py:3820} INFO - Setting next_dagrun for stock_data_dag to 2025-08-04T21:00:00+00:00, run_after=2025-08-04T22:00:00+00:00
[2025-08-04T21:37:31.134+0000] {processor.py:183} INFO - Processing /opt/airflow/dags/stock_data_dag.py took 0.144 seconds
[2025-08-04T21:38:01.512+0000] {processor.py:161} INFO - Started process (PID=380) to work on /opt/airflow/dags/stock_data_dag.py
[2025-08-04T21:38:01.515+0000] {processor.py:830} INFO - Processing file /opt/airflow/dags/stock_data_dag.py for tasks to queue
[2025-08-04T21:38:01.517+0000] {logging_mixin.py:188} INFO - [2025-08-04T21:38:01.517+0000] {dagbag.py:538} INFO - Filling up the DagBag from /opt/airflow/dags/stock_data_dag.py
[2025-08-04T21:38:02.195+0000] {processor.py:840} INFO - DAG(s) 'stock_data_dag' retrieved from /opt/airflow/dags/stock_data_dag.py
[2025-08-04T21:38:02.324+0000] {logging_mixin.py:188} INFO - [2025-08-04T21:38:02.323+0000] {dag.py:3033} INFO - Sync 1 DAGs
[2025-08-04T21:38:02.424+0000] {logging_mixin.py:188} INFO - [2025-08-04T21:38:02.423+0000] {dag.py:3820} INFO - Setting next_dagrun for stock_data_dag to 2025-08-04T21:00:00+00:00, run_after=2025-08-04T22:00:00+00:00
[2025-08-04T21:38:02.506+0000] {processor.py:183} INFO - Processing /opt/airflow/dags/stock_data_dag.py took 1.031 seconds
[2025-08-04T21:38:32.970+0000] {processor.py:161} INFO - Started process (PID=397) to work on /opt/airflow/dags/stock_data_dag.py
[2025-08-04T21:38:32.972+0000] {processor.py:830} INFO - Processing file /opt/airflow/dags/stock_data_dag.py for tasks to queue
[2025-08-04T21:38:32.974+0000] {logging_mixin.py:188} INFO - [2025-08-04T21:38:32.974+0000] {dagbag.py:538} INFO - Filling up the DagBag from /opt/airflow/dags/stock_data_dag.py
[2025-08-04T21:38:33.100+0000] {processor.py:840} INFO - DAG(s) 'stock_data_dag' retrieved from /opt/airflow/dags/stock_data_dag.py
[2025-08-04T21:38:33.121+0000] {logging_mixin.py:188} INFO - [2025-08-04T21:38:33.121+0000] {dag.py:3033} INFO - Sync 1 DAGs
[2025-08-04T21:38:33.145+0000] {logging_mixin.py:188} INFO - [2025-08-04T21:38:33.145+0000] {dag.py:3820} INFO - Setting next_dagrun for stock_data_dag to 2025-08-04T21:00:00+00:00, run_after=2025-08-04T22:00:00+00:00
[2025-08-04T21:38:33.158+0000] {processor.py:183} INFO - Processing /opt/airflow/dags/stock_data_dag.py took 0.196 seconds
[2025-08-04T21:40:23.799+0000] {processor.py:161} INFO - Started process (PID=172) to work on /opt/airflow/dags/stock_data_dag.py
[2025-08-04T21:40:23.800+0000] {processor.py:830} INFO - Processing file /opt/airflow/dags/stock_data_dag.py for tasks to queue
[2025-08-04T21:40:23.802+0000] {logging_mixin.py:188} INFO - [2025-08-04T21:40:23.801+0000] {dagbag.py:538} INFO - Filling up the DagBag from /opt/airflow/dags/stock_data_dag.py
[2025-08-04T21:40:24.087+0000] {processor.py:840} INFO - DAG(s) 'stock_data_dag' retrieved from /opt/airflow/dags/stock_data_dag.py
[2025-08-04T21:40:24.231+0000] {logging_mixin.py:188} INFO - [2025-08-04T21:40:24.231+0000] {override.py:1769} INFO - Created Permission View: can edit on DAG:stock_data_dag
[2025-08-04T21:40:24.235+0000] {logging_mixin.py:188} INFO - [2025-08-04T21:40:24.235+0000] {override.py:1769} INFO - Created Permission View: can delete on DAG:stock_data_dag
[2025-08-04T21:40:24.238+0000] {logging_mixin.py:188} INFO - [2025-08-04T21:40:24.238+0000] {override.py:1769} INFO - Created Permission View: can read on DAG:stock_data_dag
[2025-08-04T21:40:24.238+0000] {logging_mixin.py:188} INFO - [2025-08-04T21:40:24.238+0000] {dag.py:3033} INFO - Sync 1 DAGs
[2025-08-04T21:40:24.243+0000] {logging_mixin.py:188} INFO - [2025-08-04T21:40:24.243+0000] {dag.py:3055} INFO - Creating ORM DAG for stock_data_dag
[2025-08-04T21:40:24.247+0000] {logging_mixin.py:188} INFO - [2025-08-04T21:40:24.247+0000] {dag.py:3820} INFO - Setting next_dagrun for stock_data_dag to 2025-08-04T20:00:00+00:00, run_after=2025-08-04T21:00:00+00:00
[2025-08-04T21:40:24.254+0000] {processor.py:183} INFO - Processing /opt/airflow/dags/stock_data_dag.py took 0.458 seconds
[2025-08-04T21:41:13.841+0000] {processor.py:161} INFO - Started process (PID=174) to work on /opt/airflow/dags/stock_data_dag.py
[2025-08-04T21:41:13.841+0000] {processor.py:830} INFO - Processing file /opt/airflow/dags/stock_data_dag.py for tasks to queue
[2025-08-04T21:41:13.842+0000] {logging_mixin.py:188} INFO - [2025-08-04T21:41:13.842+0000] {dagbag.py:538} INFO - Filling up the DagBag from /opt/airflow/dags/stock_data_dag.py
[2025-08-04T21:41:13.955+0000] {processor.py:840} INFO - DAG(s) 'stock_data_dag' retrieved from /opt/airflow/dags/stock_data_dag.py
[2025-08-04T21:41:13.964+0000] {logging_mixin.py:188} INFO - [2025-08-04T21:41:13.964+0000] {dag.py:3033} INFO - Sync 1 DAGs
[2025-08-04T21:41:13.975+0000] {logging_mixin.py:188} INFO - [2025-08-04T21:41:13.975+0000] {dag.py:3820} INFO - Setting next_dagrun for stock_data_dag to 2025-08-04T20:00:00+00:00, run_after=2025-08-04T21:00:00+00:00
[2025-08-04T21:41:13.982+0000] {processor.py:183} INFO - Processing /opt/airflow/dags/stock_data_dag.py took 0.143 seconds
[2025-08-04T21:41:44.439+0000] {processor.py:161} INFO - Started process (PID=187) to work on /opt/airflow/dags/stock_data_dag.py
[2025-08-04T21:41:44.442+0000] {processor.py:830} INFO - Processing file /opt/airflow/dags/stock_data_dag.py for tasks to queue
[2025-08-04T21:41:44.444+0000] {logging_mixin.py:188} INFO - [2025-08-04T21:41:44.443+0000] {dagbag.py:538} INFO - Filling up the DagBag from /opt/airflow/dags/stock_data_dag.py
[2025-08-04T21:41:44.533+0000] {processor.py:840} INFO - DAG(s) 'stock_data_dag' retrieved from /opt/airflow/dags/stock_data_dag.py
[2025-08-04T21:41:44.610+0000] {logging_mixin.py:188} INFO - [2025-08-04T21:41:44.609+0000] {dag.py:3033} INFO - Sync 1 DAGs
[2025-08-04T21:41:44.618+0000] {logging_mixin.py:188} INFO - [2025-08-04T21:41:44.618+0000] {dag.py:3820} INFO - Setting next_dagrun for stock_data_dag to 2025-08-04T20:00:00+00:00, run_after=2025-08-04T21:00:00+00:00
[2025-08-04T21:41:44.626+0000] {processor.py:183} INFO - Processing /opt/airflow/dags/stock_data_dag.py took 0.191 seconds
[2025-08-04T21:42:15.262+0000] {processor.py:161} INFO - Started process (PID=202) to work on /opt/airflow/dags/stock_data_dag.py
[2025-08-04T21:42:15.263+0000] {processor.py:830} INFO - Processing file /opt/airflow/dags/stock_data_dag.py for tasks to queue
[2025-08-04T21:42:15.263+0000] {logging_mixin.py:188} INFO - [2025-08-04T21:42:15.263+0000] {dagbag.py:538} INFO - Filling up the DagBag from /opt/airflow/dags/stock_data_dag.py
[2025-08-04T21:42:15.410+0000] {processor.py:840} INFO - DAG(s) 'stock_data_dag' retrieved from /opt/airflow/dags/stock_data_dag.py
[2025-08-04T21:42:15.423+0000] {logging_mixin.py:188} INFO - [2025-08-04T21:42:15.423+0000] {dag.py:3033} INFO - Sync 1 DAGs
[2025-08-04T21:42:15.434+0000] {logging_mixin.py:188} INFO - [2025-08-04T21:42:15.434+0000] {dag.py:3820} INFO - Setting next_dagrun for stock_data_dag to 2025-08-04T20:00:00+00:00, run_after=2025-08-04T21:00:00+00:00
[2025-08-04T21:42:15.440+0000] {processor.py:183} INFO - Processing /opt/airflow/dags/stock_data_dag.py took 0.181 seconds
[2025-08-04T21:42:45.872+0000] {processor.py:161} INFO - Started process (PID=217) to work on /opt/airflow/dags/stock_data_dag.py
[2025-08-04T21:42:45.874+0000] {processor.py:830} INFO - Processing file /opt/airflow/dags/stock_data_dag.py for tasks to queue
[2025-08-04T21:42:45.874+0000] {logging_mixin.py:188} INFO - [2025-08-04T21:42:45.874+0000] {dagbag.py:538} INFO - Filling up the DagBag from /opt/airflow/dags/stock_data_dag.py
[2025-08-04T21:42:45.931+0000] {processor.py:840} INFO - DAG(s) 'stock_data_dag' retrieved from /opt/airflow/dags/stock_data_dag.py
[2025-08-04T21:42:45.941+0000] {logging_mixin.py:188} INFO - [2025-08-04T21:42:45.941+0000] {dag.py:3033} INFO - Sync 1 DAGs
[2025-08-04T21:42:45.949+0000] {logging_mixin.py:188} INFO - [2025-08-04T21:42:45.949+0000] {dag.py:3820} INFO - Setting next_dagrun for stock_data_dag to 2025-08-04T20:00:00+00:00, run_after=2025-08-04T21:00:00+00:00
[2025-08-04T21:42:45.955+0000] {processor.py:183} INFO - Processing /opt/airflow/dags/stock_data_dag.py took 0.084 seconds
[2025-08-04T21:43:16.740+0000] {processor.py:161} INFO - Started process (PID=232) to work on /opt/airflow/dags/stock_data_dag.py
[2025-08-04T21:43:16.745+0000] {processor.py:830} INFO - Processing file /opt/airflow/dags/stock_data_dag.py for tasks to queue
[2025-08-04T21:43:16.748+0000] {logging_mixin.py:188} INFO - [2025-08-04T21:43:16.747+0000] {dagbag.py:538} INFO - Filling up the DagBag from /opt/airflow/dags/stock_data_dag.py
[2025-08-04T21:43:16.829+0000] {processor.py:840} INFO - DAG(s) 'stock_data_dag' retrieved from /opt/airflow/dags/stock_data_dag.py
[2025-08-04T21:43:16.842+0000] {logging_mixin.py:188} INFO - [2025-08-04T21:43:16.842+0000] {dag.py:3033} INFO - Sync 1 DAGs
[2025-08-04T21:43:16.852+0000] {logging_mixin.py:188} INFO - [2025-08-04T21:43:16.851+0000] {dag.py:3820} INFO - Setting next_dagrun for stock_data_dag to 2025-08-04T20:00:00+00:00, run_after=2025-08-04T21:00:00+00:00
[2025-08-04T21:43:16.861+0000] {processor.py:183} INFO - Processing /opt/airflow/dags/stock_data_dag.py took 0.122 seconds
[2025-08-04T21:43:47.335+0000] {processor.py:161} INFO - Started process (PID=247) to work on /opt/airflow/dags/stock_data_dag.py
[2025-08-04T21:43:47.336+0000] {processor.py:830} INFO - Processing file /opt/airflow/dags/stock_data_dag.py for tasks to queue
[2025-08-04T21:43:47.337+0000] {logging_mixin.py:188} INFO - [2025-08-04T21:43:47.337+0000] {dagbag.py:538} INFO - Filling up the DagBag from /opt/airflow/dags/stock_data_dag.py
[2025-08-04T21:43:47.403+0000] {processor.py:840} INFO - DAG(s) 'stock_data_dag' retrieved from /opt/airflow/dags/stock_data_dag.py
[2025-08-04T21:43:47.413+0000] {logging_mixin.py:188} INFO - [2025-08-04T21:43:47.413+0000] {dag.py:3033} INFO - Sync 1 DAGs
[2025-08-04T21:43:47.421+0000] {logging_mixin.py:188} INFO - [2025-08-04T21:43:47.421+0000] {dag.py:3820} INFO - Setting next_dagrun for stock_data_dag to 2025-08-04T20:00:00+00:00, run_after=2025-08-04T21:00:00+00:00
[2025-08-04T21:43:47.427+0000] {processor.py:183} INFO - Processing /opt/airflow/dags/stock_data_dag.py took 0.098 seconds
[2025-08-04T21:44:17.852+0000] {processor.py:161} INFO - Started process (PID=262) to work on /opt/airflow/dags/stock_data_dag.py
[2025-08-04T21:44:17.852+0000] {processor.py:830} INFO - Processing file /opt/airflow/dags/stock_data_dag.py for tasks to queue
[2025-08-04T21:44:17.854+0000] {logging_mixin.py:188} INFO - [2025-08-04T21:44:17.853+0000] {dagbag.py:538} INFO - Filling up the DagBag from /opt/airflow/dags/stock_data_dag.py
[2025-08-04T21:44:17.915+0000] {processor.py:840} INFO - DAG(s) 'stock_data_dag' retrieved from /opt/airflow/dags/stock_data_dag.py
[2025-08-04T21:44:17.925+0000] {logging_mixin.py:188} INFO - [2025-08-04T21:44:17.925+0000] {dag.py:3033} INFO - Sync 1 DAGs
[2025-08-04T21:44:17.934+0000] {logging_mixin.py:188} INFO - [2025-08-04T21:44:17.934+0000] {dag.py:3820} INFO - Setting next_dagrun for stock_data_dag to 2025-08-04T20:00:00+00:00, run_after=2025-08-04T21:00:00+00:00
[2025-08-04T21:44:17.940+0000] {processor.py:183} INFO - Processing /opt/airflow/dags/stock_data_dag.py took 0.091 seconds
[2025-08-04T21:44:48.482+0000] {processor.py:161} INFO - Started process (PID=277) to work on /opt/airflow/dags/stock_data_dag.py
[2025-08-04T21:44:48.485+0000] {processor.py:830} INFO - Processing file /opt/airflow/dags/stock_data_dag.py for tasks to queue
[2025-08-04T21:44:48.487+0000] {logging_mixin.py:188} INFO - [2025-08-04T21:44:48.487+0000] {dagbag.py:538} INFO - Filling up the DagBag from /opt/airflow/dags/stock_data_dag.py
[2025-08-04T21:44:48.557+0000] {processor.py:840} INFO - DAG(s) 'stock_data_dag' retrieved from /opt/airflow/dags/stock_data_dag.py
[2025-08-04T21:44:48.571+0000] {logging_mixin.py:188} INFO - [2025-08-04T21:44:48.571+0000] {dag.py:3033} INFO - Sync 1 DAGs
[2025-08-04T21:44:48.580+0000] {logging_mixin.py:188} INFO - [2025-08-04T21:44:48.580+0000] {dag.py:3820} INFO - Setting next_dagrun for stock_data_dag to 2025-08-04T20:00:00+00:00, run_after=2025-08-04T21:00:00+00:00
[2025-08-04T21:44:48.589+0000] {processor.py:183} INFO - Processing /opt/airflow/dags/stock_data_dag.py took 0.109 seconds
[2025-08-04T21:45:19.298+0000] {processor.py:161} INFO - Started process (PID=292) to work on /opt/airflow/dags/stock_data_dag.py
[2025-08-04T21:45:19.299+0000] {processor.py:830} INFO - Processing file /opt/airflow/dags/stock_data_dag.py for tasks to queue
[2025-08-04T21:45:19.302+0000] {logging_mixin.py:188} INFO - [2025-08-04T21:45:19.301+0000] {dagbag.py:538} INFO - Filling up the DagBag from /opt/airflow/dags/stock_data_dag.py
[2025-08-04T21:45:19.379+0000] {processor.py:840} INFO - DAG(s) 'stock_data_dag' retrieved from /opt/airflow/dags/stock_data_dag.py
[2025-08-04T21:45:19.391+0000] {logging_mixin.py:188} INFO - [2025-08-04T21:45:19.391+0000] {dag.py:3033} INFO - Sync 1 DAGs
[2025-08-04T21:45:19.401+0000] {logging_mixin.py:188} INFO - [2025-08-04T21:45:19.401+0000] {dag.py:3820} INFO - Setting next_dagrun for stock_data_dag to 2025-08-04T20:00:00+00:00, run_after=2025-08-04T21:00:00+00:00
[2025-08-04T21:45:19.407+0000] {processor.py:183} INFO - Processing /opt/airflow/dags/stock_data_dag.py took 0.111 seconds
[2025-08-04T21:45:49.904+0000] {processor.py:161} INFO - Started process (PID=307) to work on /opt/airflow/dags/stock_data_dag.py
[2025-08-04T21:45:49.905+0000] {processor.py:830} INFO - Processing file /opt/airflow/dags/stock_data_dag.py for tasks to queue
[2025-08-04T21:45:49.906+0000] {logging_mixin.py:188} INFO - [2025-08-04T21:45:49.905+0000] {dagbag.py:538} INFO - Filling up the DagBag from /opt/airflow/dags/stock_data_dag.py
[2025-08-04T21:45:49.965+0000] {processor.py:840} INFO - DAG(s) 'stock_data_dag' retrieved from /opt/airflow/dags/stock_data_dag.py
[2025-08-04T21:45:49.974+0000] {logging_mixin.py:188} INFO - [2025-08-04T21:45:49.974+0000] {dag.py:3033} INFO - Sync 1 DAGs
[2025-08-04T21:45:49.983+0000] {logging_mixin.py:188} INFO - [2025-08-04T21:45:49.983+0000] {dag.py:3820} INFO - Setting next_dagrun for stock_data_dag to 2025-08-04T20:00:00+00:00, run_after=2025-08-04T21:00:00+00:00
[2025-08-04T21:45:49.990+0000] {processor.py:183} INFO - Processing /opt/airflow/dags/stock_data_dag.py took 0.088 seconds
[2025-08-04T21:46:20.482+0000] {processor.py:161} INFO - Started process (PID=322) to work on /opt/airflow/dags/stock_data_dag.py
[2025-08-04T21:46:20.483+0000] {processor.py:830} INFO - Processing file /opt/airflow/dags/stock_data_dag.py for tasks to queue
[2025-08-04T21:46:20.483+0000] {logging_mixin.py:188} INFO - [2025-08-04T21:46:20.483+0000] {dagbag.py:538} INFO - Filling up the DagBag from /opt/airflow/dags/stock_data_dag.py
[2025-08-04T21:46:20.538+0000] {processor.py:840} INFO - DAG(s) 'stock_data_dag' retrieved from /opt/airflow/dags/stock_data_dag.py
[2025-08-04T21:46:20.548+0000] {logging_mixin.py:188} INFO - [2025-08-04T21:46:20.548+0000] {dag.py:3033} INFO - Sync 1 DAGs
[2025-08-04T21:46:20.556+0000] {logging_mixin.py:188} INFO - [2025-08-04T21:46:20.556+0000] {dag.py:3820} INFO - Setting next_dagrun for stock_data_dag to 2025-08-04T20:00:00+00:00, run_after=2025-08-04T21:00:00+00:00
[2025-08-04T21:46:20.562+0000] {processor.py:183} INFO - Processing /opt/airflow/dags/stock_data_dag.py took 0.081 seconds
[2025-08-04T21:46:51.132+0000] {processor.py:161} INFO - Started process (PID=337) to work on /opt/airflow/dags/stock_data_dag.py
[2025-08-04T21:46:51.134+0000] {processor.py:830} INFO - Processing file /opt/airflow/dags/stock_data_dag.py for tasks to queue
[2025-08-04T21:46:51.135+0000] {logging_mixin.py:188} INFO - [2025-08-04T21:46:51.135+0000] {dagbag.py:538} INFO - Filling up the DagBag from /opt/airflow/dags/stock_data_dag.py
[2025-08-04T21:46:51.199+0000] {processor.py:840} INFO - DAG(s) 'stock_data_dag' retrieved from /opt/airflow/dags/stock_data_dag.py
[2025-08-04T21:46:51.210+0000] {logging_mixin.py:188} INFO - [2025-08-04T21:46:51.210+0000] {dag.py:3033} INFO - Sync 1 DAGs
[2025-08-04T21:46:51.218+0000] {logging_mixin.py:188} INFO - [2025-08-04T21:46:51.218+0000] {dag.py:3820} INFO - Setting next_dagrun for stock_data_dag to 2025-08-04T20:00:00+00:00, run_after=2025-08-04T21:00:00+00:00
[2025-08-04T21:46:51.225+0000] {processor.py:183} INFO - Processing /opt/airflow/dags/stock_data_dag.py took 0.096 seconds
[2025-08-04T21:47:21.959+0000] {processor.py:161} INFO - Started process (PID=352) to work on /opt/airflow/dags/stock_data_dag.py
[2025-08-04T21:47:21.960+0000] {processor.py:830} INFO - Processing file /opt/airflow/dags/stock_data_dag.py for tasks to queue
[2025-08-04T21:47:21.961+0000] {logging_mixin.py:188} INFO - [2025-08-04T21:47:21.961+0000] {dagbag.py:538} INFO - Filling up the DagBag from /opt/airflow/dags/stock_data_dag.py
[2025-08-04T21:47:22.026+0000] {processor.py:840} INFO - DAG(s) 'stock_data_dag' retrieved from /opt/airflow/dags/stock_data_dag.py
[2025-08-04T21:47:22.036+0000] {logging_mixin.py:188} INFO - [2025-08-04T21:47:22.036+0000] {dag.py:3033} INFO - Sync 1 DAGs
[2025-08-04T21:47:22.044+0000] {logging_mixin.py:188} INFO - [2025-08-04T21:47:22.044+0000] {dag.py:3820} INFO - Setting next_dagrun for stock_data_dag to 2025-08-04T20:00:00+00:00, run_after=2025-08-04T21:00:00+00:00
[2025-08-04T21:47:22.050+0000] {processor.py:183} INFO - Processing /opt/airflow/dags/stock_data_dag.py took 0.093 seconds
[2025-08-04T21:47:52.626+0000] {processor.py:161} INFO - Started process (PID=367) to work on /opt/airflow/dags/stock_data_dag.py
[2025-08-04T21:47:52.627+0000] {processor.py:830} INFO - Processing file /opt/airflow/dags/stock_data_dag.py for tasks to queue
[2025-08-04T21:47:52.628+0000] {logging_mixin.py:188} INFO - [2025-08-04T21:47:52.627+0000] {dagbag.py:538} INFO - Filling up the DagBag from /opt/airflow/dags/stock_data_dag.py
[2025-08-04T21:47:52.682+0000] {processor.py:840} INFO - DAG(s) 'stock_data_dag' retrieved from /opt/airflow/dags/stock_data_dag.py
[2025-08-04T21:47:52.692+0000] {logging_mixin.py:188} INFO - [2025-08-04T21:47:52.692+0000] {dag.py:3033} INFO - Sync 1 DAGs
[2025-08-04T21:47:52.700+0000] {logging_mixin.py:188} INFO - [2025-08-04T21:47:52.700+0000] {dag.py:3820} INFO - Setting next_dagrun for stock_data_dag to 2025-08-04T20:00:00+00:00, run_after=2025-08-04T21:00:00+00:00
[2025-08-04T21:47:52.707+0000] {processor.py:183} INFO - Processing /opt/airflow/dags/stock_data_dag.py took 0.087 seconds
[2025-08-04T21:48:23.280+0000] {processor.py:161} INFO - Started process (PID=382) to work on /opt/airflow/dags/stock_data_dag.py
[2025-08-04T21:48:23.284+0000] {processor.py:830} INFO - Processing file /opt/airflow/dags/stock_data_dag.py for tasks to queue
[2025-08-04T21:48:23.284+0000] {logging_mixin.py:188} INFO - [2025-08-04T21:48:23.284+0000] {dagbag.py:538} INFO - Filling up the DagBag from /opt/airflow/dags/stock_data_dag.py
[2025-08-04T21:48:23.362+0000] {processor.py:840} INFO - DAG(s) 'stock_data_dag' retrieved from /opt/airflow/dags/stock_data_dag.py
[2025-08-04T21:48:23.373+0000] {logging_mixin.py:188} INFO - [2025-08-04T21:48:23.373+0000] {dag.py:3033} INFO - Sync 1 DAGs
[2025-08-04T21:48:23.382+0000] {logging_mixin.py:188} INFO - [2025-08-04T21:48:23.382+0000] {dag.py:3820} INFO - Setting next_dagrun for stock_data_dag to 2025-08-04T20:00:00+00:00, run_after=2025-08-04T21:00:00+00:00
[2025-08-04T21:48:23.389+0000] {processor.py:183} INFO - Processing /opt/airflow/dags/stock_data_dag.py took 0.112 seconds
[2025-08-04T21:48:54.021+0000] {processor.py:161} INFO - Started process (PID=397) to work on /opt/airflow/dags/stock_data_dag.py
[2025-08-04T21:48:54.022+0000] {processor.py:830} INFO - Processing file /opt/airflow/dags/stock_data_dag.py for tasks to queue
[2025-08-04T21:48:54.023+0000] {logging_mixin.py:188} INFO - [2025-08-04T21:48:54.023+0000] {dagbag.py:538} INFO - Filling up the DagBag from /opt/airflow/dags/stock_data_dag.py
[2025-08-04T21:48:54.080+0000] {processor.py:840} INFO - DAG(s) 'stock_data_dag' retrieved from /opt/airflow/dags/stock_data_dag.py
[2025-08-04T21:48:54.091+0000] {logging_mixin.py:188} INFO - [2025-08-04T21:48:54.090+0000] {dag.py:3033} INFO - Sync 1 DAGs
[2025-08-04T21:48:54.099+0000] {logging_mixin.py:188} INFO - [2025-08-04T21:48:54.099+0000] {dag.py:3820} INFO - Setting next_dagrun for stock_data_dag to 2025-08-04T20:00:00+00:00, run_after=2025-08-04T21:00:00+00:00
[2025-08-04T21:48:54.105+0000] {processor.py:183} INFO - Processing /opt/airflow/dags/stock_data_dag.py took 0.087 seconds
[2025-08-04T21:49:24.617+0000] {processor.py:161} INFO - Started process (PID=412) to work on /opt/airflow/dags/stock_data_dag.py
[2025-08-04T21:49:24.619+0000] {processor.py:830} INFO - Processing file /opt/airflow/dags/stock_data_dag.py for tasks to queue
[2025-08-04T21:49:24.620+0000] {logging_mixin.py:188} INFO - [2025-08-04T21:49:24.620+0000] {dagbag.py:538} INFO - Filling up the DagBag from /opt/airflow/dags/stock_data_dag.py
[2025-08-04T21:49:24.686+0000] {processor.py:840} INFO - DAG(s) 'stock_data_dag' retrieved from /opt/airflow/dags/stock_data_dag.py
[2025-08-04T21:49:24.698+0000] {logging_mixin.py:188} INFO - [2025-08-04T21:49:24.698+0000] {dag.py:3033} INFO - Sync 1 DAGs
[2025-08-04T21:49:24.706+0000] {logging_mixin.py:188} INFO - [2025-08-04T21:49:24.706+0000] {dag.py:3820} INFO - Setting next_dagrun for stock_data_dag to 2025-08-04T20:00:00+00:00, run_after=2025-08-04T21:00:00+00:00
[2025-08-04T21:49:24.713+0000] {processor.py:183} INFO - Processing /opt/airflow/dags/stock_data_dag.py took 0.099 seconds
[2025-08-04T21:49:55.174+0000] {processor.py:161} INFO - Started process (PID=427) to work on /opt/airflow/dags/stock_data_dag.py
[2025-08-04T21:49:55.175+0000] {processor.py:830} INFO - Processing file /opt/airflow/dags/stock_data_dag.py for tasks to queue
[2025-08-04T21:49:55.175+0000] {logging_mixin.py:188} INFO - [2025-08-04T21:49:55.175+0000] {dagbag.py:538} INFO - Filling up the DagBag from /opt/airflow/dags/stock_data_dag.py
[2025-08-04T21:49:55.265+0000] {processor.py:840} INFO - DAG(s) 'stock_data_dag' retrieved from /opt/airflow/dags/stock_data_dag.py
[2025-08-04T21:49:55.278+0000] {logging_mixin.py:188} INFO - [2025-08-04T21:49:55.278+0000] {dag.py:3033} INFO - Sync 1 DAGs
[2025-08-04T21:49:55.287+0000] {logging_mixin.py:188} INFO - [2025-08-04T21:49:55.287+0000] {dag.py:3820} INFO - Setting next_dagrun for stock_data_dag to 2025-08-04T20:00:00+00:00, run_after=2025-08-04T21:00:00+00:00
[2025-08-04T21:49:55.292+0000] {processor.py:183} INFO - Processing /opt/airflow/dags/stock_data_dag.py took 0.121 seconds
[2025-08-04T21:50:25.894+0000] {processor.py:161} INFO - Started process (PID=442) to work on /opt/airflow/dags/stock_data_dag.py
[2025-08-04T21:50:25.896+0000] {processor.py:830} INFO - Processing file /opt/airflow/dags/stock_data_dag.py for tasks to queue
[2025-08-04T21:50:25.897+0000] {logging_mixin.py:188} INFO - [2025-08-04T21:50:25.897+0000] {dagbag.py:538} INFO - Filling up the DagBag from /opt/airflow/dags/stock_data_dag.py
[2025-08-04T21:50:25.982+0000] {processor.py:840} INFO - DAG(s) 'stock_data_dag' retrieved from /opt/airflow/dags/stock_data_dag.py
[2025-08-04T21:50:26.003+0000] {logging_mixin.py:188} INFO - [2025-08-04T21:50:26.003+0000] {dag.py:3033} INFO - Sync 1 DAGs
[2025-08-04T21:50:26.027+0000] {logging_mixin.py:188} INFO - [2025-08-04T21:50:26.026+0000] {dag.py:3820} INFO - Setting next_dagrun for stock_data_dag to 2025-08-04T20:00:00+00:00, run_after=2025-08-04T21:00:00+00:00
[2025-08-04T21:50:26.038+0000] {processor.py:183} INFO - Processing /opt/airflow/dags/stock_data_dag.py took 0.149 seconds
[2025-08-04T21:50:56.455+0000] {processor.py:161} INFO - Started process (PID=457) to work on /opt/airflow/dags/stock_data_dag.py
[2025-08-04T21:50:56.455+0000] {processor.py:830} INFO - Processing file /opt/airflow/dags/stock_data_dag.py for tasks to queue
[2025-08-04T21:50:56.457+0000] {logging_mixin.py:188} INFO - [2025-08-04T21:50:56.456+0000] {dagbag.py:538} INFO - Filling up the DagBag from /opt/airflow/dags/stock_data_dag.py
[2025-08-04T21:50:56.510+0000] {processor.py:840} INFO - DAG(s) 'stock_data_dag' retrieved from /opt/airflow/dags/stock_data_dag.py
[2025-08-04T21:50:56.519+0000] {logging_mixin.py:188} INFO - [2025-08-04T21:50:56.519+0000] {dag.py:3033} INFO - Sync 1 DAGs
[2025-08-04T21:50:56.527+0000] {logging_mixin.py:188} INFO - [2025-08-04T21:50:56.527+0000] {dag.py:3820} INFO - Setting next_dagrun for stock_data_dag to 2025-08-04T20:00:00+00:00, run_after=2025-08-04T21:00:00+00:00
[2025-08-04T21:50:56.533+0000] {processor.py:183} INFO - Processing /opt/airflow/dags/stock_data_dag.py took 0.081 seconds
[2025-08-04T21:51:27.255+0000] {processor.py:161} INFO - Started process (PID=472) to work on /opt/airflow/dags/stock_data_dag.py
[2025-08-04T21:51:27.257+0000] {processor.py:830} INFO - Processing file /opt/airflow/dags/stock_data_dag.py for tasks to queue
[2025-08-04T21:51:27.257+0000] {logging_mixin.py:188} INFO - [2025-08-04T21:51:27.257+0000] {dagbag.py:538} INFO - Filling up the DagBag from /opt/airflow/dags/stock_data_dag.py
[2025-08-04T21:51:27.313+0000] {processor.py:840} INFO - DAG(s) 'stock_data_dag' retrieved from /opt/airflow/dags/stock_data_dag.py
[2025-08-04T21:51:27.323+0000] {logging_mixin.py:188} INFO - [2025-08-04T21:51:27.323+0000] {dag.py:3033} INFO - Sync 1 DAGs
[2025-08-04T21:51:27.331+0000] {logging_mixin.py:188} INFO - [2025-08-04T21:51:27.331+0000] {dag.py:3820} INFO - Setting next_dagrun for stock_data_dag to 2025-08-04T20:00:00+00:00, run_after=2025-08-04T21:00:00+00:00
[2025-08-04T21:51:27.337+0000] {processor.py:183} INFO - Processing /opt/airflow/dags/stock_data_dag.py took 0.083 seconds
[2025-08-04T21:51:58.281+0000] {processor.py:161} INFO - Started process (PID=487) to work on /opt/airflow/dags/stock_data_dag.py
[2025-08-04T21:51:58.284+0000] {processor.py:830} INFO - Processing file /opt/airflow/dags/stock_data_dag.py for tasks to queue
[2025-08-04T21:51:58.285+0000] {logging_mixin.py:188} INFO - [2025-08-04T21:51:58.285+0000] {dagbag.py:538} INFO - Filling up the DagBag from /opt/airflow/dags/stock_data_dag.py
[2025-08-04T21:51:58.360+0000] {processor.py:840} INFO - DAG(s) 'stock_data_dag' retrieved from /opt/airflow/dags/stock_data_dag.py
[2025-08-04T21:51:58.372+0000] {logging_mixin.py:188} INFO - [2025-08-04T21:51:58.372+0000] {dag.py:3033} INFO - Sync 1 DAGs
[2025-08-04T21:51:58.393+0000] {logging_mixin.py:188} INFO - [2025-08-04T21:51:58.393+0000] {dag.py:3820} INFO - Setting next_dagrun for stock_data_dag to 2025-08-04T20:00:00+00:00, run_after=2025-08-04T21:00:00+00:00
[2025-08-04T21:51:58.402+0000] {processor.py:183} INFO - Processing /opt/airflow/dags/stock_data_dag.py took 0.129 seconds
[2025-08-04T21:52:28.961+0000] {processor.py:161} INFO - Started process (PID=502) to work on /opt/airflow/dags/stock_data_dag.py
[2025-08-04T21:52:28.962+0000] {processor.py:830} INFO - Processing file /opt/airflow/dags/stock_data_dag.py for tasks to queue
[2025-08-04T21:52:28.963+0000] {logging_mixin.py:188} INFO - [2025-08-04T21:52:28.962+0000] {dagbag.py:538} INFO - Filling up the DagBag from /opt/airflow/dags/stock_data_dag.py
[2025-08-04T21:52:29.029+0000] {processor.py:840} INFO - DAG(s) 'stock_data_dag' retrieved from /opt/airflow/dags/stock_data_dag.py
[2025-08-04T21:52:29.040+0000] {logging_mixin.py:188} INFO - [2025-08-04T21:52:29.040+0000] {dag.py:3033} INFO - Sync 1 DAGs
[2025-08-04T21:52:29.049+0000] {logging_mixin.py:188} INFO - [2025-08-04T21:52:29.049+0000] {dag.py:3820} INFO - Setting next_dagrun for stock_data_dag to 2025-08-04T20:00:00+00:00, run_after=2025-08-04T21:00:00+00:00
[2025-08-04T21:52:29.057+0000] {processor.py:183} INFO - Processing /opt/airflow/dags/stock_data_dag.py took 0.098 seconds
[2025-08-04T21:52:59.633+0000] {processor.py:161} INFO - Started process (PID=517) to work on /opt/airflow/dags/stock_data_dag.py
[2025-08-04T21:52:59.633+0000] {processor.py:830} INFO - Processing file /opt/airflow/dags/stock_data_dag.py for tasks to queue
[2025-08-04T21:52:59.634+0000] {logging_mixin.py:188} INFO - [2025-08-04T21:52:59.634+0000] {dagbag.py:538} INFO - Filling up the DagBag from /opt/airflow/dags/stock_data_dag.py
[2025-08-04T21:52:59.695+0000] {processor.py:840} INFO - DAG(s) 'stock_data_dag' retrieved from /opt/airflow/dags/stock_data_dag.py
[2025-08-04T21:52:59.717+0000] {logging_mixin.py:188} INFO - [2025-08-04T21:52:59.717+0000] {dag.py:3033} INFO - Sync 1 DAGs
[2025-08-04T21:52:59.744+0000] {logging_mixin.py:188} INFO - [2025-08-04T21:52:59.743+0000] {dag.py:3820} INFO - Setting next_dagrun for stock_data_dag to 2025-08-04T20:00:00+00:00, run_after=2025-08-04T21:00:00+00:00
[2025-08-04T21:52:59.772+0000] {processor.py:183} INFO - Processing /opt/airflow/dags/stock_data_dag.py took 0.141 seconds
[2025-08-04T21:53:30.233+0000] {processor.py:161} INFO - Started process (PID=528) to work on /opt/airflow/dags/stock_data_dag.py
[2025-08-04T21:53:30.244+0000] {processor.py:830} INFO - Processing file /opt/airflow/dags/stock_data_dag.py for tasks to queue
[2025-08-04T21:53:30.249+0000] {logging_mixin.py:188} INFO - [2025-08-04T21:53:30.248+0000] {dagbag.py:538} INFO - Filling up the DagBag from /opt/airflow/dags/stock_data_dag.py
[2025-08-04T21:53:31.035+0000] {processor.py:840} INFO - DAG(s) 'stock_data_dag' retrieved from /opt/airflow/dags/stock_data_dag.py
[2025-08-04T21:53:31.116+0000] {logging_mixin.py:188} INFO - [2025-08-04T21:53:31.115+0000] {dag.py:3033} INFO - Sync 1 DAGs
[2025-08-04T21:53:31.152+0000] {logging_mixin.py:188} INFO - [2025-08-04T21:53:31.152+0000] {dag.py:3820} INFO - Setting next_dagrun for stock_data_dag to 2025-08-04T20:00:00+00:00, run_after=2025-08-04T21:00:00+00:00
[2025-08-04T21:53:31.305+0000] {processor.py:183} INFO - Processing /opt/airflow/dags/stock_data_dag.py took 1.107 seconds
[2025-08-04T21:54:01.840+0000] {processor.py:161} INFO - Started process (PID=543) to work on /opt/airflow/dags/stock_data_dag.py
[2025-08-04T21:54:01.844+0000] {processor.py:830} INFO - Processing file /opt/airflow/dags/stock_data_dag.py for tasks to queue
[2025-08-04T21:54:01.847+0000] {logging_mixin.py:188} INFO - [2025-08-04T21:54:01.844+0000] {dagbag.py:538} INFO - Filling up the DagBag from /opt/airflow/dags/stock_data_dag.py
[2025-08-04T21:54:02.247+0000] {processor.py:840} INFO - DAG(s) 'stock_data_dag' retrieved from /opt/airflow/dags/stock_data_dag.py
[2025-08-04T21:54:02.261+0000] {logging_mixin.py:188} INFO - [2025-08-04T21:54:02.260+0000] {dag.py:3033} INFO - Sync 1 DAGs
[2025-08-04T21:54:02.288+0000] {logging_mixin.py:188} INFO - [2025-08-04T21:54:02.288+0000] {dag.py:3820} INFO - Setting next_dagrun for stock_data_dag to 2025-08-04T20:00:00+00:00, run_after=2025-08-04T21:00:00+00:00
[2025-08-04T21:54:02.325+0000] {processor.py:183} INFO - Processing /opt/airflow/dags/stock_data_dag.py took 0.512 seconds
[2025-08-04T21:54:39.705+0000] {processor.py:161} INFO - Started process (PID=172) to work on /opt/airflow/dags/stock_data_dag.py
[2025-08-04T21:54:39.706+0000] {processor.py:830} INFO - Processing file /opt/airflow/dags/stock_data_dag.py for tasks to queue
[2025-08-04T21:54:39.707+0000] {logging_mixin.py:188} INFO - [2025-08-04T21:54:39.706+0000] {dagbag.py:538} INFO - Filling up the DagBag from /opt/airflow/dags/stock_data_dag.py
[2025-08-04T21:54:39.875+0000] {processor.py:840} INFO - DAG(s) 'stock_data_dag' retrieved from /opt/airflow/dags/stock_data_dag.py
[2025-08-04T21:54:39.899+0000] {logging_mixin.py:188} INFO - [2025-08-04T21:54:39.898+0000] {dag.py:3033} INFO - Sync 1 DAGs
[2025-08-04T21:54:39.919+0000] {logging_mixin.py:188} INFO - [2025-08-04T21:54:39.918+0000] {dag.py:3820} INFO - Setting next_dagrun for stock_data_dag to 2025-08-04T20:00:00+00:00, run_after=2025-08-04T21:00:00+00:00
[2025-08-04T21:54:39.940+0000] {processor.py:183} INFO - Processing /opt/airflow/dags/stock_data_dag.py took 0.239 seconds
[2025-08-04T21:55:10.723+0000] {processor.py:161} INFO - Started process (PID=189) to work on /opt/airflow/dags/stock_data_dag.py
[2025-08-04T21:55:10.725+0000] {processor.py:830} INFO - Processing file /opt/airflow/dags/stock_data_dag.py for tasks to queue
[2025-08-04T21:55:10.727+0000] {logging_mixin.py:188} INFO - [2025-08-04T21:55:10.726+0000] {dagbag.py:538} INFO - Filling up the DagBag from /opt/airflow/dags/stock_data_dag.py
[2025-08-04T21:55:10.787+0000] {processor.py:840} INFO - DAG(s) 'stock_data_dag' retrieved from /opt/airflow/dags/stock_data_dag.py
[2025-08-04T21:55:10.823+0000] {logging_mixin.py:188} INFO - [2025-08-04T21:55:10.823+0000] {dag.py:3033} INFO - Sync 1 DAGs
[2025-08-04T21:55:10.831+0000] {logging_mixin.py:188} INFO - [2025-08-04T21:55:10.831+0000] {dag.py:3820} INFO - Setting next_dagrun for stock_data_dag to 2025-08-04T20:00:00+00:00, run_after=2025-08-04T21:00:00+00:00
[2025-08-04T21:55:10.837+0000] {processor.py:183} INFO - Processing /opt/airflow/dags/stock_data_dag.py took 0.115 seconds
[2025-08-04T21:55:41.283+0000] {processor.py:161} INFO - Started process (PID=204) to work on /opt/airflow/dags/stock_data_dag.py
[2025-08-04T21:55:41.284+0000] {processor.py:830} INFO - Processing file /opt/airflow/dags/stock_data_dag.py for tasks to queue
[2025-08-04T21:55:41.284+0000] {logging_mixin.py:188} INFO - [2025-08-04T21:55:41.284+0000] {dagbag.py:538} INFO - Filling up the DagBag from /opt/airflow/dags/stock_data_dag.py
[2025-08-04T21:55:41.346+0000] {processor.py:840} INFO - DAG(s) 'stock_data_dag' retrieved from /opt/airflow/dags/stock_data_dag.py
[2025-08-04T21:55:41.361+0000] {logging_mixin.py:188} INFO - [2025-08-04T21:55:41.361+0000] {dag.py:3033} INFO - Sync 1 DAGs
[2025-08-04T21:55:41.375+0000] {logging_mixin.py:188} INFO - [2025-08-04T21:55:41.375+0000] {dag.py:3820} INFO - Setting next_dagrun for stock_data_dag to 2025-08-04T20:00:00+00:00, run_after=2025-08-04T21:00:00+00:00
[2025-08-04T21:55:41.386+0000] {processor.py:183} INFO - Processing /opt/airflow/dags/stock_data_dag.py took 0.105 seconds
[2025-08-04T21:56:11.997+0000] {processor.py:161} INFO - Started process (PID=220) to work on /opt/airflow/dags/stock_data_dag.py
[2025-08-04T21:56:11.998+0000] {processor.py:830} INFO - Processing file /opt/airflow/dags/stock_data_dag.py for tasks to queue
[2025-08-04T21:56:11.998+0000] {logging_mixin.py:188} INFO - [2025-08-04T21:56:11.998+0000] {dagbag.py:538} INFO - Filling up the DagBag from /opt/airflow/dags/stock_data_dag.py
[2025-08-04T21:56:12.070+0000] {processor.py:840} INFO - DAG(s) 'stock_data_dag' retrieved from /opt/airflow/dags/stock_data_dag.py
[2025-08-04T21:56:12.087+0000] {logging_mixin.py:188} INFO - [2025-08-04T21:56:12.087+0000] {dag.py:3033} INFO - Sync 1 DAGs
[2025-08-04T21:56:12.102+0000] {logging_mixin.py:188} INFO - [2025-08-04T21:56:12.102+0000] {dag.py:3820} INFO - Setting next_dagrun for stock_data_dag to 2025-08-04T20:00:00+00:00, run_after=2025-08-04T21:00:00+00:00
[2025-08-04T21:56:12.109+0000] {processor.py:183} INFO - Processing /opt/airflow/dags/stock_data_dag.py took 0.113 seconds
[2025-08-04T21:56:42.682+0000] {processor.py:161} INFO - Started process (PID=236) to work on /opt/airflow/dags/stock_data_dag.py
[2025-08-04T21:56:42.683+0000] {processor.py:830} INFO - Processing file /opt/airflow/dags/stock_data_dag.py for tasks to queue
[2025-08-04T21:56:42.683+0000] {logging_mixin.py:188} INFO - [2025-08-04T21:56:42.683+0000] {dagbag.py:538} INFO - Filling up the DagBag from /opt/airflow/dags/stock_data_dag.py
[2025-08-04T21:56:42.741+0000] {processor.py:840} INFO - DAG(s) 'stock_data_dag' retrieved from /opt/airflow/dags/stock_data_dag.py
[2025-08-04T21:56:42.759+0000] {logging_mixin.py:188} INFO - [2025-08-04T21:56:42.759+0000] {dag.py:3033} INFO - Sync 1 DAGs
[2025-08-04T21:56:42.778+0000] {logging_mixin.py:188} INFO - [2025-08-04T21:56:42.777+0000] {dag.py:3820} INFO - Setting next_dagrun for stock_data_dag to 2025-08-04T20:00:00+00:00, run_after=2025-08-04T21:00:00+00:00
[2025-08-04T21:56:42.787+0000] {processor.py:183} INFO - Processing /opt/airflow/dags/stock_data_dag.py took 0.106 seconds
[2025-08-04T21:57:13.917+0000] {processor.py:161} INFO - Started process (PID=252) to work on /opt/airflow/dags/stock_data_dag.py
[2025-08-04T21:57:13.918+0000] {processor.py:830} INFO - Processing file /opt/airflow/dags/stock_data_dag.py for tasks to queue
[2025-08-04T21:57:13.919+0000] {logging_mixin.py:188} INFO - [2025-08-04T21:57:13.918+0000] {dagbag.py:538} INFO - Filling up the DagBag from /opt/airflow/dags/stock_data_dag.py
[2025-08-04T21:57:13.987+0000] {processor.py:840} INFO - DAG(s) 'stock_data_dag' retrieved from /opt/airflow/dags/stock_data_dag.py
[2025-08-04T21:57:14.009+0000] {logging_mixin.py:188} INFO - [2025-08-04T21:57:14.009+0000] {dag.py:3033} INFO - Sync 1 DAGs
[2025-08-04T21:57:14.019+0000] {logging_mixin.py:188} INFO - [2025-08-04T21:57:14.019+0000] {dag.py:3820} INFO - Setting next_dagrun for stock_data_dag to 2025-08-04T20:00:00+00:00, run_after=2025-08-04T21:00:00+00:00
[2025-08-04T21:57:14.025+0000] {processor.py:183} INFO - Processing /opt/airflow/dags/stock_data_dag.py took 0.110 seconds
[2025-08-04T21:57:44.666+0000] {processor.py:161} INFO - Started process (PID=268) to work on /opt/airflow/dags/stock_data_dag.py
[2025-08-04T21:57:44.667+0000] {processor.py:830} INFO - Processing file /opt/airflow/dags/stock_data_dag.py for tasks to queue
[2025-08-04T21:57:44.667+0000] {logging_mixin.py:188} INFO - [2025-08-04T21:57:44.667+0000] {dagbag.py:538} INFO - Filling up the DagBag from /opt/airflow/dags/stock_data_dag.py
[2025-08-04T21:57:44.726+0000] {processor.py:840} INFO - DAG(s) 'stock_data_dag' retrieved from /opt/airflow/dags/stock_data_dag.py
[2025-08-04T21:57:44.746+0000] {logging_mixin.py:188} INFO - [2025-08-04T21:57:44.746+0000] {dag.py:3033} INFO - Sync 1 DAGs
[2025-08-04T21:57:44.757+0000] {logging_mixin.py:188} INFO - [2025-08-04T21:57:44.757+0000] {dag.py:3820} INFO - Setting next_dagrun for stock_data_dag to 2025-08-04T20:00:00+00:00, run_after=2025-08-04T21:00:00+00:00
[2025-08-04T21:57:44.764+0000] {processor.py:183} INFO - Processing /opt/airflow/dags/stock_data_dag.py took 0.100 seconds
[2025-08-04T22:05:53.980+0000] {processor.py:161} INFO - Started process (PID=171) to work on /opt/airflow/dags/stock_data_dag.py
[2025-08-04T22:05:53.981+0000] {processor.py:830} INFO - Processing file /opt/airflow/dags/stock_data_dag.py for tasks to queue
[2025-08-04T22:05:53.982+0000] {logging_mixin.py:188} INFO - [2025-08-04T22:05:53.982+0000] {dagbag.py:538} INFO - Filling up the DagBag from /opt/airflow/dags/stock_data_dag.py
[2025-08-04T22:05:54.159+0000] {processor.py:840} INFO - DAG(s) 'stock_data_dag' retrieved from /opt/airflow/dags/stock_data_dag.py
[2025-08-04T22:05:54.172+0000] {logging_mixin.py:188} INFO - [2025-08-04T22:05:54.172+0000] {dag.py:3033} INFO - Sync 1 DAGs
[2025-08-04T22:05:54.185+0000] {logging_mixin.py:188} INFO - [2025-08-04T22:05:54.185+0000] {dag.py:3820} INFO - Setting next_dagrun for stock_data_dag to 2025-08-04T21:00:00+00:00, run_after=2025-08-04T22:00:00+00:00
[2025-08-04T22:05:54.198+0000] {processor.py:183} INFO - Processing /opt/airflow/dags/stock_data_dag.py took 0.221 seconds
[2025-08-04T22:06:25.041+0000] {processor.py:161} INFO - Started process (PID=188) to work on /opt/airflow/dags/stock_data_dag.py
[2025-08-04T22:06:25.042+0000] {processor.py:830} INFO - Processing file /opt/airflow/dags/stock_data_dag.py for tasks to queue
[2025-08-04T22:06:25.042+0000] {logging_mixin.py:188} INFO - [2025-08-04T22:06:25.042+0000] {dagbag.py:538} INFO - Filling up the DagBag from /opt/airflow/dags/stock_data_dag.py
[2025-08-04T22:06:25.108+0000] {processor.py:840} INFO - DAG(s) 'stock_data_dag' retrieved from /opt/airflow/dags/stock_data_dag.py
[2025-08-04T22:06:25.150+0000] {logging_mixin.py:188} INFO - [2025-08-04T22:06:25.150+0000] {dag.py:3033} INFO - Sync 1 DAGs
[2025-08-04T22:06:25.159+0000] {logging_mixin.py:188} INFO - [2025-08-04T22:06:25.158+0000] {dag.py:3820} INFO - Setting next_dagrun for stock_data_dag to 2025-08-04T21:00:00+00:00, run_after=2025-08-04T22:00:00+00:00
[2025-08-04T22:06:25.165+0000] {processor.py:183} INFO - Processing /opt/airflow/dags/stock_data_dag.py took 0.127 seconds
[2025-08-04T22:06:55.778+0000] {processor.py:161} INFO - Started process (PID=203) to work on /opt/airflow/dags/stock_data_dag.py
[2025-08-04T22:06:55.779+0000] {processor.py:830} INFO - Processing file /opt/airflow/dags/stock_data_dag.py for tasks to queue
[2025-08-04T22:06:55.780+0000] {logging_mixin.py:188} INFO - [2025-08-04T22:06:55.779+0000] {dagbag.py:538} INFO - Filling up the DagBag from /opt/airflow/dags/stock_data_dag.py
[2025-08-04T22:06:55.900+0000] {processor.py:840} INFO - DAG(s) 'stock_data_dag' retrieved from /opt/airflow/dags/stock_data_dag.py
[2025-08-04T22:06:55.915+0000] {logging_mixin.py:188} INFO - [2025-08-04T22:06:55.915+0000] {dag.py:3033} INFO - Sync 1 DAGs
[2025-08-04T22:06:55.925+0000] {logging_mixin.py:188} INFO - [2025-08-04T22:06:55.925+0000] {dag.py:3820} INFO - Setting next_dagrun for stock_data_dag to 2025-08-04T21:00:00+00:00, run_after=2025-08-04T22:00:00+00:00
[2025-08-04T22:06:55.937+0000] {processor.py:183} INFO - Processing /opt/airflow/dags/stock_data_dag.py took 0.163 seconds
[2025-08-04T22:07:26.542+0000] {processor.py:161} INFO - Started process (PID=219) to work on /opt/airflow/dags/stock_data_dag.py
[2025-08-04T22:07:26.543+0000] {processor.py:830} INFO - Processing file /opt/airflow/dags/stock_data_dag.py for tasks to queue
[2025-08-04T22:07:26.544+0000] {logging_mixin.py:188} INFO - [2025-08-04T22:07:26.544+0000] {dagbag.py:538} INFO - Filling up the DagBag from /opt/airflow/dags/stock_data_dag.py
[2025-08-04T22:07:26.617+0000] {processor.py:840} INFO - DAG(s) 'stock_data_dag' retrieved from /opt/airflow/dags/stock_data_dag.py
[2025-08-04T22:07:26.642+0000] {logging_mixin.py:188} INFO - [2025-08-04T22:07:26.642+0000] {dag.py:3033} INFO - Sync 1 DAGs
[2025-08-04T22:07:26.674+0000] {logging_mixin.py:188} INFO - [2025-08-04T22:07:26.674+0000] {dag.py:3820} INFO - Setting next_dagrun for stock_data_dag to 2025-08-04T21:00:00+00:00, run_after=2025-08-04T22:00:00+00:00
[2025-08-04T22:07:26.689+0000] {processor.py:183} INFO - Processing /opt/airflow/dags/stock_data_dag.py took 0.149 seconds
[2025-08-04T22:07:57.436+0000] {processor.py:161} INFO - Started process (PID=235) to work on /opt/airflow/dags/stock_data_dag.py
[2025-08-04T22:07:57.438+0000] {processor.py:830} INFO - Processing file /opt/airflow/dags/stock_data_dag.py for tasks to queue
[2025-08-04T22:07:57.438+0000] {logging_mixin.py:188} INFO - [2025-08-04T22:07:57.438+0000] {dagbag.py:538} INFO - Filling up the DagBag from /opt/airflow/dags/stock_data_dag.py
[2025-08-04T22:07:57.528+0000] {processor.py:840} INFO - DAG(s) 'stock_data_dag' retrieved from /opt/airflow/dags/stock_data_dag.py
[2025-08-04T22:07:57.552+0000] {logging_mixin.py:188} INFO - [2025-08-04T22:07:57.552+0000] {dag.py:3033} INFO - Sync 1 DAGs
[2025-08-04T22:07:57.561+0000] {logging_mixin.py:188} INFO - [2025-08-04T22:07:57.561+0000] {dag.py:3820} INFO - Setting next_dagrun for stock_data_dag to 2025-08-04T21:00:00+00:00, run_after=2025-08-04T22:00:00+00:00
[2025-08-04T22:07:57.568+0000] {processor.py:183} INFO - Processing /opt/airflow/dags/stock_data_dag.py took 0.135 seconds
[2025-08-04T22:08:28.200+0000] {processor.py:161} INFO - Started process (PID=251) to work on /opt/airflow/dags/stock_data_dag.py
[2025-08-04T22:08:28.201+0000] {processor.py:830} INFO - Processing file /opt/airflow/dags/stock_data_dag.py for tasks to queue
[2025-08-04T22:08:28.202+0000] {logging_mixin.py:188} INFO - [2025-08-04T22:08:28.201+0000] {dagbag.py:538} INFO - Filling up the DagBag from /opt/airflow/dags/stock_data_dag.py
[2025-08-04T22:08:28.291+0000] {processor.py:840} INFO - DAG(s) 'stock_data_dag' retrieved from /opt/airflow/dags/stock_data_dag.py
[2025-08-04T22:08:28.311+0000] {logging_mixin.py:188} INFO - [2025-08-04T22:08:28.311+0000] {dag.py:3033} INFO - Sync 1 DAGs
[2025-08-04T22:08:28.324+0000] {logging_mixin.py:188} INFO - [2025-08-04T22:08:28.324+0000] {dag.py:3820} INFO - Setting next_dagrun for stock_data_dag to 2025-08-04T21:00:00+00:00, run_after=2025-08-04T22:00:00+00:00
[2025-08-04T22:08:28.331+0000] {processor.py:183} INFO - Processing /opt/airflow/dags/stock_data_dag.py took 0.134 seconds
[2025-08-04T22:08:59.183+0000] {processor.py:161} INFO - Started process (PID=267) to work on /opt/airflow/dags/stock_data_dag.py
[2025-08-04T22:08:59.184+0000] {processor.py:830} INFO - Processing file /opt/airflow/dags/stock_data_dag.py for tasks to queue
[2025-08-04T22:08:59.184+0000] {logging_mixin.py:188} INFO - [2025-08-04T22:08:59.184+0000] {dagbag.py:538} INFO - Filling up the DagBag from /opt/airflow/dags/stock_data_dag.py
[2025-08-04T22:08:59.308+0000] {processor.py:840} INFO - DAG(s) 'stock_data_dag' retrieved from /opt/airflow/dags/stock_data_dag.py
[2025-08-04T22:08:59.334+0000] {logging_mixin.py:188} INFO - [2025-08-04T22:08:59.334+0000] {dag.py:3033} INFO - Sync 1 DAGs
[2025-08-04T22:08:59.349+0000] {logging_mixin.py:188} INFO - [2025-08-04T22:08:59.349+0000] {dag.py:3820} INFO - Setting next_dagrun for stock_data_dag to 2025-08-04T21:00:00+00:00, run_after=2025-08-04T22:00:00+00:00
[2025-08-04T22:08:59.360+0000] {processor.py:183} INFO - Processing /opt/airflow/dags/stock_data_dag.py took 0.180 seconds
[2025-08-04T22:09:33.931+0000] {processor.py:161} INFO - Started process (PID=172) to work on /opt/airflow/dags/stock_data_dag.py
[2025-08-04T22:09:33.932+0000] {processor.py:830} INFO - Processing file /opt/airflow/dags/stock_data_dag.py for tasks to queue
[2025-08-04T22:09:33.934+0000] {logging_mixin.py:188} INFO - [2025-08-04T22:09:33.933+0000] {dagbag.py:538} INFO - Filling up the DagBag from /opt/airflow/dags/stock_data_dag.py
[2025-08-04T22:09:34.144+0000] {processor.py:840} INFO - DAG(s) 'stock_data_dag' retrieved from /opt/airflow/dags/stock_data_dag.py
[2025-08-04T22:09:34.166+0000] {logging_mixin.py:188} INFO - [2025-08-04T22:09:34.166+0000] {dag.py:3033} INFO - Sync 1 DAGs
[2025-08-04T22:09:34.193+0000] {logging_mixin.py:188} INFO - [2025-08-04T22:09:34.192+0000] {dag.py:3820} INFO - Setting next_dagrun for stock_data_dag to 2025-08-04T21:00:00+00:00, run_after=2025-08-04T22:00:00+00:00
[2025-08-04T22:09:34.205+0000] {processor.py:183} INFO - Processing /opt/airflow/dags/stock_data_dag.py took 0.279 seconds
[2025-08-04T22:10:05.175+0000] {processor.py:161} INFO - Started process (PID=188) to work on /opt/airflow/dags/stock_data_dag.py
[2025-08-04T22:10:05.176+0000] {processor.py:830} INFO - Processing file /opt/airflow/dags/stock_data_dag.py for tasks to queue
[2025-08-04T22:10:05.176+0000] {logging_mixin.py:188} INFO - [2025-08-04T22:10:05.176+0000] {dagbag.py:538} INFO - Filling up the DagBag from /opt/airflow/dags/stock_data_dag.py
[2025-08-04T22:10:05.281+0000] {processor.py:840} INFO - DAG(s) 'stock_data_dag' retrieved from /opt/airflow/dags/stock_data_dag.py
[2025-08-04T22:10:05.324+0000] {logging_mixin.py:188} INFO - [2025-08-04T22:10:05.324+0000] {dag.py:3033} INFO - Sync 1 DAGs
[2025-08-04T22:10:05.332+0000] {logging_mixin.py:188} INFO - [2025-08-04T22:10:05.332+0000] {dag.py:3820} INFO - Setting next_dagrun for stock_data_dag to 2025-08-04T21:00:00+00:00, run_after=2025-08-04T22:00:00+00:00
[2025-08-04T22:10:05.338+0000] {processor.py:183} INFO - Processing /opt/airflow/dags/stock_data_dag.py took 0.165 seconds
[2025-08-04T22:10:36.057+0000] {processor.py:161} INFO - Started process (PID=204) to work on /opt/airflow/dags/stock_data_dag.py
[2025-08-04T22:10:36.058+0000] {processor.py:830} INFO - Processing file /opt/airflow/dags/stock_data_dag.py for tasks to queue
[2025-08-04T22:10:36.058+0000] {logging_mixin.py:188} INFO - [2025-08-04T22:10:36.058+0000] {dagbag.py:538} INFO - Filling up the DagBag from /opt/airflow/dags/stock_data_dag.py
[2025-08-04T22:10:36.137+0000] {processor.py:840} INFO - DAG(s) 'stock_data_dag' retrieved from /opt/airflow/dags/stock_data_dag.py
[2025-08-04T22:10:36.157+0000] {logging_mixin.py:188} INFO - [2025-08-04T22:10:36.157+0000] {dag.py:3033} INFO - Sync 1 DAGs
[2025-08-04T22:10:36.176+0000] {logging_mixin.py:188} INFO - [2025-08-04T22:10:36.176+0000] {dag.py:3820} INFO - Setting next_dagrun for stock_data_dag to 2025-08-04T21:00:00+00:00, run_after=2025-08-04T22:00:00+00:00
[2025-08-04T22:10:36.192+0000] {processor.py:183} INFO - Processing /opt/airflow/dags/stock_data_dag.py took 0.138 seconds
[2025-08-04T22:11:06.792+0000] {processor.py:161} INFO - Started process (PID=220) to work on /opt/airflow/dags/stock_data_dag.py
[2025-08-04T22:11:06.792+0000] {processor.py:830} INFO - Processing file /opt/airflow/dags/stock_data_dag.py for tasks to queue
[2025-08-04T22:11:06.793+0000] {logging_mixin.py:188} INFO - [2025-08-04T22:11:06.793+0000] {dagbag.py:538} INFO - Filling up the DagBag from /opt/airflow/dags/stock_data_dag.py
[2025-08-04T22:11:06.865+0000] {processor.py:840} INFO - DAG(s) 'stock_data_dag' retrieved from /opt/airflow/dags/stock_data_dag.py
[2025-08-04T22:11:06.890+0000] {logging_mixin.py:188} INFO - [2025-08-04T22:11:06.889+0000] {dag.py:3033} INFO - Sync 1 DAGs
[2025-08-04T22:11:06.926+0000] {logging_mixin.py:188} INFO - [2025-08-04T22:11:06.926+0000] {dag.py:3820} INFO - Setting next_dagrun for stock_data_dag to 2025-08-04T21:00:00+00:00, run_after=2025-08-04T22:00:00+00:00
[2025-08-04T22:11:06.935+0000] {processor.py:183} INFO - Processing /opt/airflow/dags/stock_data_dag.py took 0.146 seconds
[2025-08-04T22:11:37.616+0000] {processor.py:161} INFO - Started process (PID=236) to work on /opt/airflow/dags/stock_data_dag.py
[2025-08-04T22:11:37.616+0000] {processor.py:830} INFO - Processing file /opt/airflow/dags/stock_data_dag.py for tasks to queue
[2025-08-04T22:11:37.617+0000] {logging_mixin.py:188} INFO - [2025-08-04T22:11:37.617+0000] {dagbag.py:538} INFO - Filling up the DagBag from /opt/airflow/dags/stock_data_dag.py
[2025-08-04T22:11:37.689+0000] {processor.py:840} INFO - DAG(s) 'stock_data_dag' retrieved from /opt/airflow/dags/stock_data_dag.py
[2025-08-04T22:11:37.704+0000] {logging_mixin.py:188} INFO - [2025-08-04T22:11:37.704+0000] {dag.py:3033} INFO - Sync 1 DAGs
[2025-08-04T22:11:37.719+0000] {logging_mixin.py:188} INFO - [2025-08-04T22:11:37.719+0000] {dag.py:3820} INFO - Setting next_dagrun for stock_data_dag to 2025-08-04T21:00:00+00:00, run_after=2025-08-04T22:00:00+00:00
[2025-08-04T22:11:37.727+0000] {processor.py:183} INFO - Processing /opt/airflow/dags/stock_data_dag.py took 0.113 seconds
[2025-08-04T22:12:08.353+0000] {processor.py:161} INFO - Started process (PID=252) to work on /opt/airflow/dags/stock_data_dag.py
[2025-08-04T22:12:08.353+0000] {processor.py:830} INFO - Processing file /opt/airflow/dags/stock_data_dag.py for tasks to queue
[2025-08-04T22:12:08.354+0000] {logging_mixin.py:188} INFO - [2025-08-04T22:12:08.353+0000] {dagbag.py:538} INFO - Filling up the DagBag from /opt/airflow/dags/stock_data_dag.py
[2025-08-04T22:12:08.415+0000] {processor.py:840} INFO - DAG(s) 'stock_data_dag' retrieved from /opt/airflow/dags/stock_data_dag.py
[2025-08-04T22:12:08.453+0000] {logging_mixin.py:188} INFO - [2025-08-04T22:12:08.453+0000] {dag.py:3033} INFO - Sync 1 DAGs
[2025-08-04T22:12:08.470+0000] {logging_mixin.py:188} INFO - [2025-08-04T22:12:08.470+0000] {dag.py:3820} INFO - Setting next_dagrun for stock_data_dag to 2025-08-04T21:00:00+00:00, run_after=2025-08-04T22:00:00+00:00
[2025-08-04T22:12:08.488+0000] {processor.py:183} INFO - Processing /opt/airflow/dags/stock_data_dag.py took 0.137 seconds
[2025-08-04T22:19:50.646+0000] {processor.py:161} INFO - Started process (PID=492) to work on /opt/airflow/dags/stock_data_dag.py
[2025-08-04T22:19:50.646+0000] {processor.py:830} INFO - Processing file /opt/airflow/dags/stock_data_dag.py for tasks to queue
[2025-08-04T22:19:50.647+0000] {logging_mixin.py:188} INFO - [2025-08-04T22:19:50.647+0000] {dagbag.py:538} INFO - Filling up the DagBag from /opt/airflow/dags/stock_data_dag.py
[2025-08-04T22:19:50.706+0000] {processor.py:840} INFO - DAG(s) 'stock_data_dag' retrieved from /opt/airflow/dags/stock_data_dag.py
[2025-08-04T22:19:50.725+0000] {logging_mixin.py:188} INFO - [2025-08-04T22:19:50.724+0000] {dag.py:3033} INFO - Sync 1 DAGs
[2025-08-04T22:19:50.738+0000] {logging_mixin.py:188} INFO - [2025-08-04T22:19:50.738+0000] {dag.py:3820} INFO - Setting next_dagrun for stock_data_dag to 2025-08-04T21:00:00+00:00, run_after=2025-08-04T22:00:00+00:00
[2025-08-04T22:19:50.749+0000] {processor.py:183} INFO - Processing /opt/airflow/dags/stock_data_dag.py took 0.105 seconds
[2025-08-04T22:20:21.403+0000] {processor.py:161} INFO - Started process (PID=508) to work on /opt/airflow/dags/stock_data_dag.py
[2025-08-04T22:20:21.403+0000] {processor.py:830} INFO - Processing file /opt/airflow/dags/stock_data_dag.py for tasks to queue
[2025-08-04T22:20:21.404+0000] {logging_mixin.py:188} INFO - [2025-08-04T22:20:21.404+0000] {dagbag.py:538} INFO - Filling up the DagBag from /opt/airflow/dags/stock_data_dag.py
[2025-08-04T22:20:21.480+0000] {processor.py:840} INFO - DAG(s) 'stock_data_dag' retrieved from /opt/airflow/dags/stock_data_dag.py
[2025-08-04T22:20:21.500+0000] {logging_mixin.py:188} INFO - [2025-08-04T22:20:21.499+0000] {dag.py:3033} INFO - Sync 1 DAGs
[2025-08-04T22:20:21.514+0000] {logging_mixin.py:188} INFO - [2025-08-04T22:20:21.514+0000] {dag.py:3820} INFO - Setting next_dagrun for stock_data_dag to 2025-08-04T21:00:00+00:00, run_after=2025-08-04T22:00:00+00:00
[2025-08-04T22:20:21.520+0000] {processor.py:183} INFO - Processing /opt/airflow/dags/stock_data_dag.py took 0.120 seconds
[2025-08-04T22:20:52.185+0000] {processor.py:161} INFO - Started process (PID=524) to work on /opt/airflow/dags/stock_data_dag.py
[2025-08-04T22:20:52.186+0000] {processor.py:830} INFO - Processing file /opt/airflow/dags/stock_data_dag.py for tasks to queue
[2025-08-04T22:20:52.187+0000] {logging_mixin.py:188} INFO - [2025-08-04T22:20:52.187+0000] {dagbag.py:538} INFO - Filling up the DagBag from /opt/airflow/dags/stock_data_dag.py
[2025-08-04T22:20:52.310+0000] {processor.py:840} INFO - DAG(s) 'stock_data_dag' retrieved from /opt/airflow/dags/stock_data_dag.py
[2025-08-04T22:20:52.338+0000] {logging_mixin.py:188} INFO - [2025-08-04T22:20:52.338+0000] {dag.py:3033} INFO - Sync 1 DAGs
[2025-08-04T22:20:52.355+0000] {logging_mixin.py:188} INFO - [2025-08-04T22:20:52.355+0000] {dag.py:3820} INFO - Setting next_dagrun for stock_data_dag to 2025-08-04T21:00:00+00:00, run_after=2025-08-04T22:00:00+00:00
[2025-08-04T22:20:52.364+0000] {processor.py:183} INFO - Processing /opt/airflow/dags/stock_data_dag.py took 0.182 seconds
[2025-08-04T22:54:23.737+0000] {processor.py:161} INFO - Started process (PID=542) to work on /opt/airflow/dags/stock_data_dag.py
[2025-08-04T22:54:23.738+0000] {processor.py:830} INFO - Processing file /opt/airflow/dags/stock_data_dag.py for tasks to queue
[2025-08-04T22:54:23.739+0000] {logging_mixin.py:188} INFO - [2025-08-04T22:54:23.738+0000] {dagbag.py:538} INFO - Filling up the DagBag from /opt/airflow/dags/stock_data_dag.py
[2025-08-04T22:54:23.852+0000] {processor.py:840} INFO - DAG(s) 'stock_data_dag' retrieved from /opt/airflow/dags/stock_data_dag.py
[2025-08-04T22:54:23.894+0000] {logging_mixin.py:188} INFO - [2025-08-04T22:54:23.894+0000] {dag.py:3033} INFO - Sync 1 DAGs
[2025-08-04T22:54:23.909+0000] {logging_mixin.py:188} INFO - [2025-08-04T22:54:23.909+0000] {dag.py:3820} INFO - Setting next_dagrun for stock_data_dag to 2025-08-04T21:00:00+00:00, run_after=2025-08-04T22:00:00+00:00
[2025-08-04T22:54:23.918+0000] {processor.py:183} INFO - Processing /opt/airflow/dags/stock_data_dag.py took 0.185 seconds
